

================================================================
== Vitis HLS Report for 'sigmoid'
================================================================
* Date:           Thu Aug  5 15:54:14 2021

* Version:        2020.2 (Build 3064766 on Wed Nov 18 09:12:45 MST 2020)
* Project:        sigmoid
* Solution:       solution1 (Vivado IP Flow Target)
* Product family: zynquplus
* Target device:  xczu7ev-ffvc1156-2-e


================================================================
== Performance Estimates
================================================================
+ Timing: 
    * Summary: 
    +--------+----------+----------+------------+
    |  Clock |  Target  | Estimated| Uncertainty|
    +--------+----------+----------+------------+
    |ap_clk  |  10.00 ns|  7.057 ns|     2.70 ns|
    +--------+----------+----------+------------+

+ Latency: 
    * Summary: 
    +---------+---------+----------+----------+-----+-----+---------+
    |  Latency (cycles) |  Latency (absolute) |  Interval | Pipeline|
    |   min   |   max   |    min   |    max   | min | max |   Type  |
    +---------+---------+----------+----------+-----+-----+---------+
    |       27|       27|  0.270 us|  0.270 us|   28|   28|     none|
    +---------+---------+----------+----------+-----+-----+---------+

    + Detail: 
        * Instance: 
        N/A

        * Loop: 
        N/A



================================================================
== Utilization Estimates
================================================================
* Summary: 
+-----------------+---------+------+--------+--------+-----+
|       Name      | BRAM_18K|  DSP |   FF   |   LUT  | URAM|
+-----------------+---------+------+--------+--------+-----+
|DSP              |        -|     -|       -|       -|    -|
|Expression       |        -|     -|       -|       -|    -|
|FIFO             |        -|     -|       -|       -|    -|
|Instance         |        -|    12|     679|    1254|    -|
|Memory           |        -|     -|       -|       -|    -|
|Multiplexer      |        -|     -|       -|     173|    -|
|Register         |        -|     -|     156|       -|    -|
+-----------------+---------+------+--------+--------+-----+
|Total            |        0|    12|     835|    1427|    0|
+-----------------+---------+------+--------+--------+-----+
|Available        |      624|  1728|  460800|  230400|   96|
+-----------------+---------+------+--------+--------+-----+
|Utilization (%)  |        0|    ~0|      ~0|      ~0|    0|
+-----------------+---------+------+--------+--------+-----+

+ Detail: 
    * Instance: 
    +-----------------------------------+--------------------------------+---------+----+-----+-----+-----+
    |              Instance             |             Module             | BRAM_18K| DSP|  FF | LUT | URAM|
    +-----------------------------------+--------------------------------+---------+----+-----+-----+-----+
    |fadd_32ns_32ns_32_4_full_dsp_1_U1  |fadd_32ns_32ns_32_4_full_dsp_1  |        0|   2|  227|  214|    0|
    |fdiv_32ns_32ns_32_9_no_dsp_1_U3    |fdiv_32ns_32ns_32_9_no_dsp_1    |        0|   0|    0|    0|    0|
    |fexp_32ns_32ns_32_8_full_dsp_1_U4  |fexp_32ns_32ns_32_8_full_dsp_1  |        0|   7|  324|  905|    0|
    |fmul_32ns_32ns_32_3_max_dsp_1_U2   |fmul_32ns_32ns_32_3_max_dsp_1   |        0|   3|  128|  135|    0|
    +-----------------------------------+--------------------------------+---------+----+-----+-----+-----+
    |Total                              |                                |        0|  12|  679| 1254|    0|
    +-----------------------------------+--------------------------------+---------+----+-----+-----+-----+

    * DSP: 
    N/A

    * Memory: 
    N/A

    * FIFO: 
    N/A

    * Expression: 
    N/A

    * Multiplexer: 
    +--------------+-----+-----------+-----+-----------+
    |     Name     | LUT | Input Size| Bits| Total Bits|
    +--------------+-----+-----------+-----+-----------+
    |ap_NS_fsm     |  145|         29|    1|         29|
    |grp_fu_34_p0  |   14|          3|   32|         96|
    |grp_fu_34_p1  |   14|          3|   32|         96|
    +--------------+-----+-----------+-----+-----------+
    |Total         |  173|         35|   65|        221|
    +--------------+-----+-----------+-----+-----------+

    * Register: 
    +--------------+----+----+-----+-----------+
    |     Name     | FF | LUT| Bits| Const Bits|
    +--------------+----+----+-----+-----------+
    |ap_CS_fsm     |  28|   0|   28|          0|
    |exp2a_reg_70  |  32|   0|   32|          0|
    |mul_reg_60    |  32|   0|   32|          0|
    |sub_reg_76    |  32|   0|   32|          0|
    |tmp_reg_65    |  32|   0|   32|          0|
    +--------------+----+----+-----+-----------+
    |Total         | 156|   0|  156|          0|
    +--------------+----+----+-----+-----------+



================================================================
== Interface
================================================================
* Summary: 
+-----------+-----+-----+------------+--------------+--------------+
| RTL Ports | Dir | Bits|  Protocol  | Source Object|    C Type    |
+-----------+-----+-----+------------+--------------+--------------+
|ap_clk     |   in|    1|  ap_ctrl_hs|       sigmoid|  return value|
|ap_rst     |   in|    1|  ap_ctrl_hs|       sigmoid|  return value|
|ap_start   |   in|    1|  ap_ctrl_hs|       sigmoid|  return value|
|ap_done    |  out|    1|  ap_ctrl_hs|       sigmoid|  return value|
|ap_idle    |  out|    1|  ap_ctrl_hs|       sigmoid|  return value|
|ap_ready   |  out|    1|  ap_ctrl_hs|       sigmoid|  return value|
|ap_return  |  out|   32|  ap_ctrl_hs|       sigmoid|  return value|
|a          |   in|   32|     ap_none|             a|        scalar|
+-----------+-----+-----+------------+--------------+--------------+

