INFO: [SIM 2] *************** CSIM start ***************
INFO: [SIM 4] CSIM will launch GCC as the compiler.
   Compiling ../../../../cnn_test.cpp in debug mode
   Compiling ../../../../cnn.cpp in debug mode
   Generating csim.exe
 0.000000
 0.000000
 0.000000
 0.000000
 0.011642
 0.000000
 0.000000
 0.000000
 0.000000
 0.000000
 0.000000
 0.000000
 0.053250
 0.000000
 0.000000
 0.000000
 0.000000
 0.000000
 0.000000
 0.000000
 0.072801
 0.000000
 0.000000
 0.000000
 0.000000
 0.000000
 0.000000
 0.000000
 0.047587
 0.000000
 0.000000
 0.000000
 0.000000
 0.000000
 0.000000
 0.000000
 0.059293
 0.000000
 0.000000
 0.000000
 0.000000
 0.000000
 0.000000
 0.000000
 0.067973
 0.000000
 0.000000
 0.000000
 0.000000
 0.000000
 0.000000
 0.000000
 0.097702
 0.000000
 0.000000
 0.000000
 0.000000
 0.000000
 0.000000
 0.000000
 0.151602
 0.000000
 0.000000
 0.000000
 0.000000
 0.000000
 0.000000
 0.000000
 0.174999
 0.000000
 0.000000
 0.000000
 0.000000
 0.000000
 0.000000
 0.000000
 0.121945
 0.000000
 0.000000
 0.000000
 0.000000
 0.000000
 0.000000
 0.000000
 0.038761
 0.000000
 0.000000
 0.000000
 2.478220
 0.392828
 2.070069
 0.477356
 0.000000
 1.038028
 1.884263
 0.524175
 0.291526
 0.000000
 2.048240
 1.949096
 0.000000
 0.901468
 2.043937
 0.579779
 0.000000
 0.000000
 0.000000
 1.918363
 0.498119
 0.000000
 0.546504
 2.030081
 0.000000
 0.000000
 0.000000
 0.000000
 0.098248
 0.000000
 0.000000
 0.000000
 0.000000
 0.000000
 0.000000
 0.000000
 0.055853
 0.000000
 0.000000
 0.000000
 0.000000
 0.000000
 0.000000
 0.000000
 0.058952
 0.000000
 0.000000
 0.000000
 0.000000
 0.000000
 0.000000
 0.000000
 0.050898
 0.000000
 0.000000
 0.000000
 0.000000
 0.000000
 0.000000
 0.000000
 0.013604
 0.000000
 0.000000
 0.000000
 0.000000
 0.000000
 0.000000
 0.000000
 0.072307
 0.000000
 0.000000
 0.000000
 0.000000
 0.025912
 0.062612
 0.000000
 0.078094
 0.019599
 0.000000
 0.000000
 0.000000
 0.000000
 0.000000
 0.000000
 0.064411
 0.000000
 0.000000
 0.000000
 0.000000
 0.000000
 0.000000
 0.000000
 0.061240
 0.016965
 0.000000
 0.000000
 0.000000
 0.353217
 0.101656
 0.000000
 0.027978
 0.217799
 0.000000
 0.000000
 0.000000
 0.308914
 0.181554
 0.000000
 0.000000
 0.229218
 0.000000
 0.000000
 2.543067
 1.222688
 0.000000
 0.000000
 0.000000
 1.143901
 0.000000
 0.589339
 2.320973
 1.526053
 1.178796
 0.000000
 0.000000
 1.775095
 0.000000
 0.000000
 0.000000
 0.033320
 0.431908
 1.481518
 0.000000
 0.000000
 0.067246
 0.000000
 0.000000
 0.000000
 0.000000
 0.000000
 0.132239
 0.000000
 0.000000
 0.000000
 0.000000
 0.000000
 0.000000
 0.000000
 0.156727
 0.000000
 0.000000
 0.000000
 0.000000
 0.000000
 0.000000
 0.000000
 0.152430
 0.000000
 0.000000
 0.000000
 0.000000
 0.000000
 0.000000
 0.000000
 0.193985
 0.000000
 0.000000
 0.000000
 0.000000
 0.000000
 0.000000
 0.000000
 0.199675
 0.000000
 0.000000
 0.000000
 0.000000
 0.458160
 0.000000
 0.000000
 0.390710
 0.203506
 0.000000
 0.375100
 0.000000
 0.612645
 0.008329
 0.000000
 0.700666
 0.180748
 0.000000
 0.283286
 0.171982
 0.468637
 0.150705
 0.000000
 0.538906
 0.688625
 0.000000
 0.000000
 0.000000
 1.024167
 0.000000
 0.000000
 0.029363
 0.541505
 0.000000
 0.000000
 0.000000
 0.943432
 0.000000
 0.000000
 0.263956
 0.475804
 0.000000
 0.002872
 0.000000
 0.921525
 0.073758
 0.000000
 0.376730
 0.742516
 0.000000
 0.000000
 0.616212
 0.755288
 0.015733
 0.000000
 0.318467
 0.827014
 0.000000
 0.000000
 2.335202
 1.211735
 1.414875
 0.000000
 0.000000
 1.671078
 0.039811
 0.000000
 1.755914
 0.257308
 1.476594
 0.794841
 0.000000
 1.222736
 0.505554
 0.000000
 0.000000
 0.000000
 0.000000
 0.000000
 0.144636
 0.000000
 0.000000
 0.000000
 0.000000
 0.000000
 0.000000
 0.000000
 0.200635
 0.000000
 0.000000
 0.000000
 0.000000
 0.000000
 0.000000
 0.000000
 0.251936
 0.000000
 0.000000
 0.000000
 0.000000
 0.000000
 0.000000
 0.000000
 0.253564
 0.000000
 0.000000
 0.000000
 0.000000
 0.000000
 0.001732
 0.000000
 0.353690
 0.000000
 0.000000
 0.000000
 0.000000
 0.000000
 0.236228
 0.000000
 0.909795
 0.000000
 0.040845
 0.038221
 0.000000
 0.000000
 0.071396
 0.000000
 1.197296
 0.000000
 0.210166
 0.198872
 0.000000
 0.301212
 0.000000
 0.000000
 0.917110
 0.251582
 0.000000
 0.475961
 0.000000
 0.652928
 0.000000
 0.000000
 1.053811
 0.448396
 0.000000
 0.187225
 0.000000
 0.269394
 0.000000
 0.000000
 1.484943
 0.295173
 0.000000
 0.000000
 0.000000
 0.000000
 0.000000
 0.000000
 1.612216
 0.138876
 0.000000
 0.000000
 0.241302
 0.000000
 0.000000
 0.000000
 1.559027
 0.289165
 0.000000
 0.000000
 2.596878
 1.310095
 0.000000
 0.000000
 1.143582
 1.593055
 0.000000
 0.395952
 3.234532
 1.277583
 1.227317
 0.000000
 0.000000
 2.270079
 0.337790
 0.000000
 0.000000
 0.000000
 0.000000
 0.000000
 0.233423
 0.000000
 0.000000
 0.000000
 0.000000
 0.000000
 0.000000
 0.000000
 0.240371
 0.000000
 0.000000
 0.000000
 0.000000
 0.000000
 0.000000
 0.000000
 0.273296
 0.000000
 0.000000
 0.000000
 0.000000
 0.000000
 0.000000
 0.000000
 0.321976
 0.000000
 0.000000
 0.000000
 0.000000
 0.000000
 0.031536
 0.000000
 0.329883
 0.000000
 0.000000
 0.063311
 0.000000
 0.423021
 0.027472
 0.000000
 0.140397
 0.214142
 0.000000
 0.000000
 0.000000
 0.725925
 0.000000
 0.000000
 0.191112
 0.249825
 0.000000
 0.000000
 0.000000
 0.494645
 0.000000
 0.000000
 0.974187
 0.000000
 0.000000
 0.068307
 0.000000
 0.000000
 0.000000
 0.000000
 1.498238
 0.000000
 0.000000
 0.000000
 0.000000
 0.000000
 0.000000
 0.000000
 1.608116
 0.000000
 0.000000
 0.000000
 0.000000
 0.000000
 0.000000
 0.000000
 1.658906
 0.000000
 0.000000
 0.000000
 0.000000
 0.000000
 0.000000
 0.000000
 1.595174
 0.000000
 0.000000
 0.000000
 0.451940
 0.000000
 0.000000
 0.000000
 1.365653
 0.000000
 0.000000
 0.139785
 2.181378
 0.200299
 0.702151
 0.000000
 0.563068
 1.168885
 0.521569
 0.338533
 0.000000
 0.000000
 0.000000
 0.000000
 0.260061
 0.000000
 0.000000
 0.000000
 0.000000
 0.000000
 0.000000
 0.000000
 0.284592
 0.000000
 0.000000
 0.000000
 0.000000
 0.000000
 0.000000
 0.000000
 0.303738
 0.000000
 0.000000
 0.000000
 0.000000
 0.000000
 0.000000
 0.000000
 0.354536
 0.000000
 0.000000
 0.000000
 0.000000
 0.000000
 0.000000
 0.000000
 0.367206
 0.000000
 0.000000
 0.011034
 0.000000
 0.364172
 0.000000
 0.000000
 0.358946
 0.078124
 0.000000
 0.011065
 0.000000
 0.385124
 0.000000
 0.000000
 1.039443
 0.082728
 0.000000
 0.000000
 0.000000
 0.000000
 0.000000
 0.000000
 1.493405
 0.000000
 0.000000
 0.000000
 0.000000
 0.000000
 0.000000
 0.000000
 1.582407
 0.000000
 0.000000
 0.045469
 0.000000
 0.000000
 0.000000
 0.000000
 1.592561
 0.000000
 0.000000
 0.000000
 0.000000
 0.000000
 0.000000
 0.000000
 1.556399
 0.000000
 0.000000
 0.000000
 0.000000
 0.000000
 0.000000
 0.000000
 1.444839
 0.000000
 0.000000
 0.000000
 0.012966
 0.000000
 0.000000
 0.000000
 1.290152
 0.000000
 0.128923
 0.000000
 0.756126
 0.000000
 0.000000
 0.000000
 0.835420
 0.000000
 0.477332
 0.071189
 0.000000
 0.000000
 0.000000
 0.000000
 0.450756
 0.000000
 0.000000
 0.202616
 0.035204
 0.000000
 0.000000
 0.000000
 0.409390
 0.000000
 0.000000
 0.000000
 0.000000
 0.456003
 0.003638
 0.000000
 0.107401
 0.243294
 0.000000
 0.000000
 0.000000
 0.414190
 0.000000
 0.000000
 0.050950
 0.185995
 0.000000
 0.000000
 0.000000
 0.256010
 0.000000
 0.000000
 0.372206
 0.074259
 0.000000
 0.000000
 0.000000
 0.168160
 0.000000
 0.000000
 0.962294
 0.000000
 0.000000
 0.017745
 0.000000
 0.000000
 0.000000
 0.000000
 1.263058
 0.000000
 0.000000
 0.000000
 0.000000
 0.000000
 0.000000
 0.000000
 1.495120
 0.000000
 0.000000
 0.007662
 0.000000
 0.000000
 0.000000
 0.000000
 1.669801
 0.000000
 0.000000
 0.103876
 0.000000
 0.000000
 0.000000
 0.000000
 1.751253
 0.000000
 0.000000
 0.184258
 0.000000
 0.000000
 0.000000
 0.000000
 1.733845
 0.000000
 0.000000
 0.097810
 0.000000
 0.000000
 0.000000
 0.000000
 1.506509
 0.000000
 0.036696
 0.000000
 0.055859
 0.000000
 0.000000
 0.000000
 1.295396
 0.000000
 0.507792
 0.000000
 0.239597
 0.000000
 0.000000
 0.000000
 0.792469
 0.000000
 0.604002
 0.000000
 0.000000
 0.000000
 0.044989
 0.000000
 0.468345
 0.000000
 0.000000
 0.211659
 0.017617
 0.000000
 0.047730
 0.000000
 0.669802
 0.000000
 0.000000
 0.159375
 0.000000
 0.000000
 0.000000
 0.000000
 1.157088
 0.000000
 0.000000
 0.453394
 0.000000
 0.061487
 0.000000
 0.000000
 1.616053
 0.255962
 0.000000
 0.541293
 0.000000
 0.053277
 0.000000
 0.000000
 1.549376
 0.372507
 0.000000
 0.404397
 0.000000
 0.000000
 0.000000
 0.000000
 1.309618
 0.000000
 0.000000
 0.000000
 0.000000
 0.000000
 0.000000
 0.000000
 1.094122
 0.000000
 0.000000
 0.000000
 0.000000
 0.000000
 0.000000
 0.000000
 1.185640
 0.000000
 0.000000
 0.000000
 0.000000
 0.000000
 0.000000
 0.000000
 1.402787
 0.000000
 0.000000
 0.000493
 0.000000
 0.000000
 0.000000
 0.000000
 1.607489
 0.000000
 0.000000
 0.000000
 0.000000
 0.000000
 0.000000
 0.000000
 1.629425
 0.000000
 0.000000
 0.178040
 0.175123
 0.000000
 0.000000
 0.000000
 1.506907
 0.000000
 0.403182
 0.077385
 0.035831
 0.000000
 0.000000
 0.000000
 1.176389
 0.000000
 0.698162
 0.000000
 0.000000
 0.000000
 0.000000
 0.000000
 0.406860
 0.000000
 0.484937
 0.000000
 0.000000
 0.000000
 0.094032
 0.000000
 0.488260
 0.000000
 0.000000
 0.000000
 0.000000
 0.000000
 0.434182
 0.000000
 0.399424
 0.000000
 0.000000
 0.473486
 0.000000
 0.441284
 0.583567
 0.000000
 0.357586
 0.291770
 0.000000
 0.000000
 0.000000
 0.314598
 0.469002
 0.000000
 0.799203
 0.020738
 0.000000
 0.139743
 0.000000
 0.000000
 0.000000
 0.000000
 1.109318
 0.000000
 0.000000
 0.554045
 0.000000
 0.000000
 0.000000
 0.000000
 1.123704
 0.000000
 0.000000
 0.276887
 0.000000
 0.000000
 0.000000
 0.000000
 1.298719
 0.000000
 0.000000
 0.049748
 0.000000
 0.000000
 0.000000
 0.000000
 1.412421
 0.000000
 0.000000
 0.000000
 0.000000
 0.000000
 0.000000
 0.000000
 1.426835
 0.000000
 0.000000
 0.000000
 0.000000
 0.000000
 0.000000
 0.000000
 1.512346
 0.000000
 0.247947
 0.008597
 0.000000
 0.000000
 0.000000
 0.000000
 1.566181
 0.000000
 0.556510
 0.089683
 0.000000
 0.000000
 0.000000
 0.000000
 1.438723
 0.000000
 0.840693
 0.138881
 0.000000
 0.000000
 0.000000
 0.000000
 0.817771
 0.000000
 0.855496
 0.074246
 0.000000
 0.000000
 0.000000
 0.000000
 0.230866
 0.000000
 0.000000
 0.146022
 0.000000
 0.000000
 0.226039
 0.000000
 0.207401
 0.000000
 0.000000
 0.000000
 0.000000
 0.000000
 0.066174
 0.000000
 0.327197
 0.000000
 0.000000
 0.355521
 0.000000
 0.434656
 0.000000
 0.000000
 0.781166
 0.212255
 0.000000
 0.497447
 0.000000
 0.516443
 0.000000
 0.000000
 1.407392
 0.446784
 0.000000
 0.150520
 0.000000
 0.128841
 0.000000
 0.000000
 1.541825
 0.292176
 0.000000
 0.396403
 0.000000
 0.000000
 0.000000
 0.000000
 1.592534
 0.000000
 0.000000
 0.000000
 0.000000
 0.000000
 0.000000
 0.000000
 1.781551
 0.000000
 0.036444
 0.163798
 0.000000
 0.000000
 0.000000
 0.000000
 1.664294
 0.000000
 0.346932
 0.113843
 0.000000
 0.000000
 0.000000
 0.000000
 1.429985
 0.000000
 0.367964
 0.000000
 0.149561
 0.000000
 0.160009
 0.000000
 1.634858
 0.000000
 1.624983
 0.150323
 0.000000
 0.000000
 0.000000
 0.000000
 1.371665
 0.000000
 1.506570
 0.351402
 0.000000
 0.000000
 0.000000
 0.000000
 0.609792
 0.000000
 0.512595
 0.543144
 0.000000
 0.000000
 0.000000
 0.000000
 0.183117
 0.000000
 0.000000
 0.153551
 0.000000
 0.000000
 0.000000
 0.000000
 0.403380
 0.000000
 0.000000
 0.000000
 0.000000
 0.000000
 0.000000
 0.000000
 0.322336
 0.000000
 0.000000
 0.000000
 0.000000
 0.000000
 0.145826
 0.000000
 0.479185
 0.000000
 0.000000
 0.000000
 0.000000
 0.000000
 0.000000
 0.000000
 0.984467
 0.000000
 0.000000
 0.488115
 0.030538
 0.000000
 1.073312
 0.000000
 1.490385
 0.000000
 1.053674
 0.123780
 0.000000
 0.000000
 0.681872
 0.000000
 1.957472
 0.000000
 0.897981
 1.122053
 0.000000
 0.000000
 0.656333
 0.000000
 2.163206
 0.000000
 0.460550
 0.655410
 0.000000
 0.000000
 0.055059
 0.000000
 2.082595
 0.000000
 1.076060
 0.411682
 0.000000
 0.000000
 0.000000
 0.000000
 1.910844
 0.000000
 0.992258
 0.766227
 0.350555
 0.000000
 0.160758
 0.000000
 1.289755
 0.000000
 0.589252
 0.667975
 0.865970
 0.899043
 0.648154
 0.000000
 0.424979
 0.261314
 1.418338
 0.057923
 0.000000
 0.967848
 0.000000
 0.000000
 0.000000
 0.055410
 0.000000
 0.809146
 0.000000
 0.271351
 0.000000
 0.000000
 0.274849
 0.000000
 0.000000
 0.225211
 0.000000
 0.000000
 0.000000
 0.000000
 0.386859
 0.000000
 0.000000
 0.000000
 0.000000
 0.000000
 0.000000
 0.000000
 0.441386
 0.000000
 0.000000
 0.000000
 0.000000
 0.000000
 0.000000
 0.000000
 0.562113
 0.000000
 0.000000
 0.000000
 0.000000
 0.000000
 0.316996
 0.000000
 0.339387
 0.018639
 0.000000
 0.000000
 0.000000
 0.000000
 0.233897
 0.000000
 0.484836
 0.000000
 0.000000
 0.059039
 1.100310
 0.073208
 0.228456
 0.000000
 0.303831
 0.171416
 0.221336
 0.772629
 0.929482
 0.000000
 1.328854
 0.000000
 0.278115
 0.384081
 0.000000
 0.000000
 1.035789
 0.000000
 0.562888
 0.000000
 0.888028
 0.000000
 0.000000
 0.854984
 1.017691
 0.000000
 0.313499
 0.333017
 0.958707
 0.000000
 1.727166
 0.423547
 0.000000
 0.000000
 0.019410
 0.974847
 0.566748
 0.000000
 1.078510
 0.798247
 0.000000
 0.000000
 0.000000
 0.462501
 0.307338
 0.000000
 0.096075
 0.855671
 0.200488
 0.988073
 0.000000
 0.000000
 0.332089
 0.431283
 0.000000
 0.642999
 0.000000
 0.588906
 0.030950
 0.000000
 0.477975
 0.472192
 0.000000
 0.000000
 0.000000
 0.000000
 0.000000
 0.000000
 0.622108
 0.000000
 0.000000
 0.000000
 0.000000
 0.000000
 0.000000
 0.000000
 0.627646
 0.000000
 0.000000
 0.000000
 0.000000
 0.000000
 0.000000
 0.000000
 0.529184
 0.000000
 0.000000
 0.000000
 0.000000
 0.000000
 0.000000
 0.000000
 0.591727
 0.000000
 0.000000
 0.028444
 0.000000
 0.000000
 0.000000
 0.000000
 0.564796
 0.000000
 0.000000
 0.056566
 0.000000
 0.000000
 0.134957
 0.000000
 0.388040
 0.000000
 0.000000
 0.000000
 0.000000
 0.000000
 0.152191
 0.000000
 0.633729
 0.000000
 0.357395
 0.340968
 0.382914
 0.000000
 0.453718
 0.077001
 0.788374
 0.000000
 0.944061
 0.261387
 0.195263
 0.000000
 0.773551
 1.010776
 0.946824
 0.000000
 2.042693
 0.391010
 0.686996
 0.000000
 0.748851
 1.555919
 0.573234
 0.000000
 3.179627
 0.120597
 0.000000
 0.000000
 0.518383
 1.874938
 0.000000
 0.000000
 0.954405
 1.216762
 0.000000
 0.000000
 0.028062
 1.279443
 0.376093
 0.000000
 0.000000
 0.808316
 0.000000
 0.000000
 0.000000
 0.043642
 0.522256
 0.000000
 0.000000
 0.506204
 0.000000
 0.000000
 0.000000
 0.000000
 0.546837
 0.000000
 0.000000
 0.301222
 0.000000
 0.000000
 0.000000
 0.000000
 0.490303
 0.000000
 0.000000
 0.020998
 0.000000
 0.000000
 0.000000
 0.000000
 0.462841
 0.000000
 0.000000
 0.000000
 0.000000
 0.000000
 0.000000
 0.000000
 0.418764
 0.000000
 0.000000
 0.030623
 0.000000
 0.000000
 0.000000
 0.000000
 0.603174
 0.000000
 0.000000
 0.000000
 0.000000
 0.000000
 0.000000
 0.000000
 0.590762
 0.000000
 0.000000
 0.004003
 0.282488
 0.000000
 0.183849
 0.000000
 0.437220
 0.000000
 0.000000
 0.059179
 0.441869
 0.000000
 0.558969
 0.000000
 0.077082
 0.285559
 0.435172
 0.000000
 0.019710
 0.036943
 0.426618
 0.000000
 0.000000
 0.095209
 0.675723
 0.000000
 1.006162
 1.207532
 0.344636
 0.178309
 0.000000
 0.303569
 0.582774
 0.491198
 0.994354
 3.033504
 0.755725
 0.318828
 0.000000
 1.528271
 0.000000
 0.000000
 0.000000
 3.104267
 0.602017
 0.576115
 0.000000
 1.338682
 0.000000
 0.000000
 0.000000
 1.735498
 0.073760
 0.126653
 0.000000
 0.773749
 0.000000
 0.000000
 0.000000
 0.412990
 0.000000
 0.000000
 0.000000
 0.036093
 0.000000
 0.000000
 0.000000
 0.000000
 0.000000
 0.000000
 0.272323
 0.000000
 0.000000
 0.015712
 0.000000
 0.000000
 0.000000
 0.000000
 0.431388
 0.000000
 0.000000
 0.067046
 0.000000
 0.000000
 0.000000
 0.000000
 0.521160
 0.000000
 0.000000
 0.000000
 0.000000
 0.000000
 0.000000
 0.000000
 0.508759
 0.000000
 0.000000
 0.000000
1024 0.000000
1024 0.000000
1024 0.000000
1024 0.000000
1024 0.000000
1024 0.000000
1024 0.000000
1024 0.000000
1024 0.000000
1024 0.000000

 
DONE: 0 are values error,  10 are correct

The maximum depth reached by any of the 5 hls::stream() instances in the design is 6728
INFO: [SIM 1] CSim done with 0 errors.
INFO: [SIM 3] *************** CSIM finish ***************
