

================================================================
== Vitis HLS Report for 'input_cnn'
================================================================
* Date:           Wed Sep  8 09:44:29 2021

* Version:        2020.2 (Build 3064766 on Wed Nov 18 09:12:45 MST 2020)
* Project:        Input_cnn
* Solution:       solution1 (Vivado IP Flow Target)
* Product family: zynquplus
* Target device:  xczu7ev-ffvc1156-2-e


================================================================
== Performance Estimates
================================================================
+ Timing: 
    * Summary: 
    +--------+----------+----------+------------+
    |  Clock |  Target  | Estimated| Uncertainty|
    +--------+----------+----------+------------+
    |ap_clk  |  10.00 ns|  1.237 ns|     2.70 ns|
    +--------+----------+----------+------------+

+ Latency: 
    * Summary: 
    +---------+---------+----------+----------+-----+-----+---------+
    |  Latency (cycles) |  Latency (absolute) |  Interval | Pipeline|
    |   min   |   max   |    min   |    max   | min | max |   Type  |
    +---------+---------+----------+----------+-----+-----+---------+
    |      787|      787|  7.870 us|  7.870 us|  788|  788|     none|
    +---------+---------+----------+----------+-----+-----+---------+

    + Detail: 
        * Instance: 
        N/A

        * Loop: 
        +------------------+---------+---------+----------+-----------+-----------+------+----------+
        |                  |  Latency (cycles) | Iteration|  Initiation Interval  | Trip |          |
        |     Loop Name    |   min   |   max   |  Latency |  achieved |   target  | Count| Pipelined|
        +------------------+---------+---------+----------+-----------+-----------+------+----------+
        |- input_hardcode  |      785|      785|         3|          1|          1|   784|       yes|
        +------------------+---------+---------+----------+-----------+-----------+------+----------+

============================================================
+ Verbose Summary: Synthesis Manager
============================================================
InlineROM: 1
ExposeGlobal: 0
============================================================
+ Verbose Summary: CDFG Model
============================================================
IsTopModel: 1
ResetActiveHigh: 1
IsCombinational: 0
IsDatapathOnly: 0
HasWiredReturn: 1
HasMFsm: 0
HasVarLatency: 1
IsPipeline: 0
IsRtlPipelined: 0
IsInstanceOverlapped: 0
IsDontTouch: 0
HasImplIP: 0
IsGatedGlobalClock: 0

+ Individual pipeline summary: 
  * Pipeline-0: initiation interval (II) = 1, depth = 3


============================================================
+ Verbose Summary: Schedule
============================================================
* Number of FSM states : 5
* Pipeline : 1
  Pipeline-0 : II = 1, D = 3, States = { 2 3 4 }
* Dataflow Pipeline: 0

* FSM state transitions: 
1 --> 2 
2 --> 5 3 
3 --> 4 
4 --> 2 
5 --> 

* FSM state operations: 

State 1 <SV = 0> <Delay = 0.42>
ST_1 : Operation 6 [1/1] (0.00ns)   --->   "%spectopmodule_ln0 = spectopmodule void @_ssdm_op_SpecTopModule, void @empty_3"   --->   Operation 6 'spectopmodule' 'spectopmodule_ln0' <Predicate = true> <Delay = 0.00>
ST_1 : Operation 7 [1/1] (0.00ns)   --->   "%specinterface_ln0 = specinterface void @_ssdm_op_SpecInterface, i32 0, void @empty_4, i32 0, i32 0, void @empty_1, i32 0, i32 0, void @empty_1, void @empty_1, void @empty_1, i32 0, i32 0, i32 0, i32 0, void @empty_1, void @empty_1"   --->   Operation 7 'specinterface' 'specinterface_ln0' <Predicate = true> <Delay = 0.00>
ST_1 : Operation 8 [1/1] (0.00ns)   --->   "%specinterface_ln0 = specinterface void @_ssdm_op_SpecInterface, i32 %out_str_V, void @empty, i32 1, i32 1, void @empty_0, i32 0, i32 0, void @empty_1, void @empty_1, void @empty_1, i32 0, i32 0, i32 0, i32 0, void @empty_1, void @empty_1"   --->   Operation 8 'specinterface' 'specinterface_ln0' <Predicate = true> <Delay = 0.00>
ST_1 : Operation 9 [1/1] (0.00ns)   --->   "%specbitsmap_ln0 = specbitsmap void @_ssdm_op_SpecBitsMap, i32 %out_str_V"   --->   Operation 9 'specbitsmap' 'specbitsmap_ln0' <Predicate = true> <Delay = 0.00>
ST_1 : Operation 10 [1/1] (0.00ns)   --->   "%specbitsmap_ln0 = specbitsmap void @_ssdm_op_SpecBitsMap, i1 %enable"   --->   Operation 10 'specbitsmap' 'specbitsmap_ln0' <Predicate = true> <Delay = 0.00>
ST_1 : Operation 11 [1/1] (0.00ns)   --->   "%specinterface_ln0 = specinterface void @_ssdm_op_SpecInterface, i1 %enable, void @empty_2, i32 0, i32 0, void @empty_1, i32 0, i32 0, void @empty_1, void @empty_1, void @empty_1, i32 0, i32 0, i32 0, i32 0, void @empty_1, void @empty_1"   --->   Operation 11 'specinterface' 'specinterface_ln0' <Predicate = true> <Delay = 0.00>
ST_1 : Operation 12 [1/1] (0.42ns)   --->   "%br_ln86 = br void" [input_cnn.cpp:86]   --->   Operation 12 'br' 'br_ln86' <Predicate = true> <Delay = 0.42>

State 2 <SV = 1> <Delay = 1.23>
ST_2 : Operation 13 [1/1] (0.00ns)   --->   "%i = phi i10 %add_ln86, void %.split, i10 0, void" [input_cnn.cpp:86]   --->   Operation 13 'phi' 'i' <Predicate = true> <Delay = 0.00>
ST_2 : Operation 14 [1/1] (0.78ns)   --->   "%add_ln86 = add i10 %i, i10 1" [input_cnn.cpp:86]   --->   Operation 14 'add' 'add_ln86' <Predicate = true> <Delay = 0.78> <CoreInst = "Adder">   --->   Core 1 'Adder' <Latency = 0> <II = 1> <Delay = 0.78> <FuncUnit> <Opcode : 'add' 'sub'> <InPorts = 2> <OutPorts = 1>
ST_2 : Operation 15 [1/1] (0.00ns)   --->   "%specpipeline_ln0 = specpipeline void @_ssdm_op_SpecPipeline, i32 4294967295, i32 0, i32 1, i32 0, void @p_str"   --->   Operation 15 'specpipeline' 'specpipeline_ln0' <Predicate = true> <Delay = 0.00>
ST_2 : Operation 16 [1/1] (0.91ns)   --->   "%icmp_ln86 = icmp_eq  i10 %i, i10 784" [input_cnn.cpp:86]   --->   Operation 16 'icmp' 'icmp_ln86' <Predicate = true> <Delay = 0.91> <CoreInst = "Cmp">   --->   Core 9 'Cmp' <Latency = 0> <II = 1> <Delay = 0.91> <FuncUnit> <Opcode : 'icmp'> <InPorts = 2> <OutPorts = 1>
ST_2 : Operation 17 [1/1] (0.00ns)   --->   "%empty = speclooptripcount i32 @_ssdm_op_SpecLoopTripCount, i64 784, i64 784, i64 784"   --->   Operation 17 'speclooptripcount' 'empty' <Predicate = true> <Delay = 0.00>
ST_2 : Operation 18 [1/1] (0.00ns)   --->   "%br_ln86 = br i1 %icmp_ln86, void %.split, void %_ZL14input_hardcodeRN3hls6streamIfLi0EEEPb.exit" [input_cnn.cpp:86]   --->   Operation 18 'br' 'br_ln86' <Predicate = true> <Delay = 0.00>
ST_2 : Operation 19 [1/1] (0.00ns)   --->   "%i_cast = zext i10 %i" [input_cnn.cpp:86]   --->   Operation 19 'zext' 'i_cast' <Predicate = (!icmp_ln86)> <Delay = 0.00>
ST_2 : Operation 20 [1/1] (0.00ns)   --->   "%image_input_addr = getelementptr i32 %image_input, i64 0, i64 %i_cast" [input_cnn.cpp:88]   --->   Operation 20 'getelementptr' 'image_input_addr' <Predicate = (!icmp_ln86)> <Delay = 0.00>
ST_2 : Operation 21 [2/2] (1.23ns)   --->   "%image_input_load = load i10 %image_input_addr" [C:/Xilinx/Vitis_HLS/2020.2/common/technology/autopilot/hls_stream_39.h:174]   --->   Operation 21 'load' 'image_input_load' <Predicate = (!icmp_ln86)> <Delay = 1.23> <CoreInst = "ROM">   --->   Core 101 'ROM' <Latency = 1> <II = 1> <Delay = 1.23> <Storage> <Opcode : 'load'> <Ports = 0> <Width = 32> <Depth = 784> <ROM>

State 3 <SV = 2> <Delay = 1.23>
ST_3 : Operation 22 [1/2] (1.23ns)   --->   "%image_input_load = load i10 %image_input_addr" [C:/Xilinx/Vitis_HLS/2020.2/common/technology/autopilot/hls_stream_39.h:174]   --->   Operation 22 'load' 'image_input_load' <Predicate = (!icmp_ln86)> <Delay = 1.23> <CoreInst = "ROM">   --->   Core 101 'ROM' <Latency = 1> <II = 1> <Delay = 1.23> <Storage> <Opcode : 'load'> <Ports = 0> <Width = 32> <Depth = 784> <ROM>
ST_3 : Operation 23 [1/1] (0.00ns)   --->   "%bitcast_ln174 = bitcast i32 %image_input_load" [C:/Xilinx/Vitis_HLS/2020.2/common/technology/autopilot/hls_stream_39.h:174]   --->   Operation 23 'bitcast' 'bitcast_ln174' <Predicate = (!icmp_ln86)> <Delay = 0.00>
ST_3 : Operation 24 [2/2] (0.00ns)   --->   "%write_ln174 = write void @_ssdm_op_Write.axis.volatile.i32P128A, i32 %out_str_V, i32 %bitcast_ln174" [C:/Xilinx/Vitis_HLS/2020.2/common/technology/autopilot/hls_stream_39.h:174]   --->   Operation 24 'write' 'write_ln174' <Predicate = (!icmp_ln86)> <Delay = 0.00> <CoreInst = "axis">   --->   Core 123 'axis' <Latency = 0> <II = 1> <Delay = 1.00> <Adapter> <Opcode : >

State 4 <SV = 3> <Delay = 0.00>
ST_4 : Operation 25 [1/1] (0.00ns)   --->   "%specloopname_ln85 = specloopname void @_ssdm_op_SpecLoopName, void @empty_5" [input_cnn.cpp:85]   --->   Operation 25 'specloopname' 'specloopname_ln85' <Predicate = (!icmp_ln86)> <Delay = 0.00>
ST_4 : Operation 26 [1/2] (0.00ns)   --->   "%write_ln174 = write void @_ssdm_op_Write.axis.volatile.i32P128A, i32 %out_str_V, i32 %bitcast_ln174" [C:/Xilinx/Vitis_HLS/2020.2/common/technology/autopilot/hls_stream_39.h:174]   --->   Operation 26 'write' 'write_ln174' <Predicate = (!icmp_ln86)> <Delay = 0.00> <CoreInst = "axis">   --->   Core 123 'axis' <Latency = 0> <II = 1> <Delay = 1.00> <Adapter> <Opcode : >
ST_4 : Operation 27 [1/1] (0.00ns)   --->   "%br_ln0 = br void"   --->   Operation 27 'br' 'br_ln0' <Predicate = (!icmp_ln86)> <Delay = 0.00>

State 5 <SV = 2> <Delay = 0.00>
ST_5 : Operation 28 [1/1] (0.00ns)   --->   "%write_ln89 = write void @_ssdm_op_Write.ap_auto.i1P0A, i1 %enable, i1 1" [input_cnn.cpp:89]   --->   Operation 28 'write' 'write_ln89' <Predicate = true> <Delay = 0.00>
ST_5 : Operation 29 [1/1] (0.00ns)   --->   "%ret_ln100 = ret" [input_cnn.cpp:100]   --->   Operation 29 'ret' 'ret_ln100' <Predicate = true> <Delay = 0.00>


============================================================
+ Verbose Summary: Binding
============================================================
STG Binding: 
---------------- STG Properties BEGIN ----------------
- Is combinational: 0
- Is one-state seq: 0
- Is datapath-only: 0
- Is pipelined: 0
- Is top level: 1
Port [ Return ] is wired: 1; IO mode=ap_ctrl_none:ce=0
Port [ out_str_V]:  wired=1; compound=1; hidden=0; nouse=0; global=0; static=0; extern=0; dir=1; type=0; pingpong=0; private_global=0; IO mode=axis:ce=0
Port [ enable]:  wired=1; compound=0; hidden=0; nouse=0; global=0; static=0; extern=0; dir=1; type=0; pingpong=0; private_global=0; IO mode=ap_vld:ce=0
Port [ image_input]:  wired=0; compound=1; hidden=1; nouse=0; global=1; static=1; extern=0; dir=0; type=1; pingpong=0; private_global=1; MemPort=[1]; IO mode=ap_memory:ce=0
---------------- STG Properties END ------------------

---------------- Datapath Model BEGIN ----------------

<LifeTime>
<method=bitvector/>
spectopmodule_ln0 (spectopmodule    ) [ 000000]
specinterface_ln0 (specinterface    ) [ 000000]
specinterface_ln0 (specinterface    ) [ 000000]
specbitsmap_ln0   (specbitsmap      ) [ 000000]
specbitsmap_ln0   (specbitsmap      ) [ 000000]
specinterface_ln0 (specinterface    ) [ 000000]
br_ln86           (br               ) [ 011110]
i                 (phi              ) [ 001000]
add_ln86          (add              ) [ 011110]
specpipeline_ln0  (specpipeline     ) [ 000000]
icmp_ln86         (icmp             ) [ 001110]
empty             (speclooptripcount) [ 000000]
br_ln86           (br               ) [ 000000]
i_cast            (zext             ) [ 000000]
image_input_addr  (getelementptr    ) [ 001100]
image_input_load  (load             ) [ 000000]
bitcast_ln174     (bitcast          ) [ 001010]
specloopname_ln85 (specloopname     ) [ 000000]
write_ln174       (write            ) [ 000000]
br_ln0            (br               ) [ 011110]
write_ln89        (write            ) [ 000000]
ret_ln100         (ret              ) [ 000000]
</LifeTime>

<model>

<comp_list>
<comp id="0" class="1000" name="out_str_V">
<pin_list>
<pin id="1" dir="1" index="0" bw="1" slack="0"/>
</pin_list>
<bind>
<StgValue><ssdm name="out_str_V"/></StgValue>
</bind>
</comp>

<comp id="2" class="1000" name="enable">
<pin_list>
<pin id="3" dir="1" index="0" bw="1" slack="0"/>
</pin_list>
<bind>
<StgValue><ssdm name="enable"/></StgValue>
</bind>
</comp>

<comp id="4" class="1000" name="image_input">
<pin_list>
<pin id="5" dir="1" index="0" bw="1" slack="0"/>
</pin_list>
<bind>
<StgValue><ssdm name="image_input"/><MemPortTyVec>1 </MemPortTyVec>
</StgValue>
</bind>
</comp>

<comp id="6" class="1001" name="const_6">
<pin_list>
<pin id="7" dir="1" index="0" bw="1" slack="2147483647"/>
</pin_list>
<bind>
<StgValue><ssdm name="_ssdm_op_SpecTopModule"/></StgValue>
</bind>
</comp>

<comp id="8" class="1001" name="const_8">
<pin_list>
<pin id="9" dir="1" index="0" bw="1" slack="2147483647"/>
</pin_list>
<bind>
<StgValue><ssdm name="empty_3"/></StgValue>
</bind>
</comp>

<comp id="10" class="1001" name="const_10">
<pin_list>
<pin id="11" dir="1" index="0" bw="1" slack="2147483647"/>
</pin_list>
<bind>
<StgValue><ssdm name="_ssdm_op_SpecInterface"/></StgValue>
</bind>
</comp>

<comp id="12" class="1001" name="const_12">
<pin_list>
<pin id="13" dir="1" index="0" bw="1" slack="2147483647"/>
</pin_list>
<bind>
<StgValue><ssdm name=""/></StgValue>
</bind>
</comp>

<comp id="14" class="1001" name="const_14">
<pin_list>
<pin id="15" dir="1" index="0" bw="1" slack="2147483647"/>
</pin_list>
<bind>
<StgValue><ssdm name="empty_4"/></StgValue>
</bind>
</comp>

<comp id="16" class="1001" name="const_16">
<pin_list>
<pin id="17" dir="1" index="0" bw="1" slack="2147483647"/>
</pin_list>
<bind>
<StgValue><ssdm name="empty_1"/></StgValue>
</bind>
</comp>

<comp id="18" class="1001" name="const_18">
<pin_list>
<pin id="19" dir="1" index="0" bw="1" slack="2147483647"/>
</pin_list>
<bind>
<StgValue><ssdm name="empty"/></StgValue>
</bind>
</comp>

<comp id="20" class="1001" name="const_20">
<pin_list>
<pin id="21" dir="1" index="0" bw="1" slack="2147483647"/>
</pin_list>
<bind>
<StgValue><ssdm name=""/></StgValue>
</bind>
</comp>

<comp id="22" class="1001" name="const_22">
<pin_list>
<pin id="23" dir="1" index="0" bw="1" slack="2147483647"/>
</pin_list>
<bind>
<StgValue><ssdm name="empty_0"/></StgValue>
</bind>
</comp>

<comp id="24" class="1001" name="const_24">
<pin_list>
<pin id="25" dir="1" index="0" bw="1" slack="2147483647"/>
</pin_list>
<bind>
<StgValue><ssdm name="_ssdm_op_SpecBitsMap"/></StgValue>
</bind>
</comp>

<comp id="26" class="1001" name="const_26">
<pin_list>
<pin id="27" dir="1" index="0" bw="1" slack="2147483647"/>
</pin_list>
<bind>
<StgValue><ssdm name="empty_2"/></StgValue>
</bind>
</comp>

<comp id="28" class="1001" name="const_28">
<pin_list>
<pin id="29" dir="1" index="0" bw="1" slack="1"/>
</pin_list>
<bind>
<StgValue><ssdm name=""/></StgValue>
</bind>
</comp>

<comp id="30" class="1001" name="const_30">
<pin_list>
<pin id="31" dir="1" index="0" bw="1" slack="0"/>
</pin_list>
<bind>
<StgValue><ssdm name=""/></StgValue>
</bind>
</comp>

<comp id="32" class="1001" name="const_32">
<pin_list>
<pin id="33" dir="1" index="0" bw="1" slack="2147483647"/>
</pin_list>
<bind>
<StgValue><ssdm name="_ssdm_op_SpecPipeline"/></StgValue>
</bind>
</comp>

<comp id="34" class="1001" name="const_34">
<pin_list>
<pin id="35" dir="1" index="0" bw="1" slack="2147483647"/>
</pin_list>
<bind>
<StgValue><ssdm name=""/></StgValue>
</bind>
</comp>

<comp id="36" class="1001" name="const_36">
<pin_list>
<pin id="37" dir="1" index="0" bw="1" slack="2147483647"/>
</pin_list>
<bind>
<StgValue><ssdm name="p_str"/></StgValue>
</bind>
</comp>

<comp id="38" class="1001" name="const_38">
<pin_list>
<pin id="39" dir="1" index="0" bw="1" slack="0"/>
</pin_list>
<bind>
<StgValue><ssdm name=""/></StgValue>
</bind>
</comp>

<comp id="40" class="1001" name="const_40">
<pin_list>
<pin id="41" dir="1" index="0" bw="1" slack="2147483647"/>
</pin_list>
<bind>
<StgValue><ssdm name="_ssdm_op_SpecLoopTripCount"/></StgValue>
</bind>
</comp>

<comp id="42" class="1001" name="const_42">
<pin_list>
<pin id="43" dir="1" index="0" bw="1" slack="2147483647"/>
</pin_list>
<bind>
<StgValue><ssdm name=""/></StgValue>
</bind>
</comp>

<comp id="44" class="1001" name="const_44">
<pin_list>
<pin id="45" dir="1" index="0" bw="1" slack="0"/>
</pin_list>
<bind>
<StgValue><ssdm name=""/></StgValue>
</bind>
</comp>

<comp id="46" class="1001" name="const_46">
<pin_list>
<pin id="47" dir="1" index="0" bw="1" slack="0"/>
</pin_list>
<bind>
<StgValue><ssdm name="_ssdm_op_Write.axis.volatile.i32P128A"/></StgValue>
</bind>
</comp>

<comp id="48" class="1001" name="const_48">
<pin_list>
<pin id="49" dir="1" index="0" bw="1" slack="2147483647"/>
</pin_list>
<bind>
<StgValue><ssdm name="_ssdm_op_SpecLoopName"/></StgValue>
</bind>
</comp>

<comp id="50" class="1001" name="const_50">
<pin_list>
<pin id="51" dir="1" index="0" bw="1" slack="2147483647"/>
</pin_list>
<bind>
<StgValue><ssdm name="empty_5"/></StgValue>
</bind>
</comp>

<comp id="52" class="1001" name="const_52">
<pin_list>
<pin id="53" dir="1" index="0" bw="1" slack="0"/>
</pin_list>
<bind>
<StgValue><ssdm name="_ssdm_op_Write.ap_auto.i1P0A"/></StgValue>
</bind>
</comp>

<comp id="54" class="1001" name="const_54">
<pin_list>
<pin id="55" dir="1" index="0" bw="1" slack="0"/>
</pin_list>
<bind>
<StgValue><ssdm name=""/></StgValue>
</bind>
</comp>

<comp id="56" class="1004" name="grp_write_fu_56">
<pin_list>
<pin id="57" dir="0" index="0" bw="0" slack="0"/>
<pin id="58" dir="0" index="1" bw="32" slack="0"/>
<pin id="59" dir="0" index="2" bw="32" slack="0"/>
<pin id="60" dir="1" index="3" bw="0" slack="2147483647"/>
</pin_list>
<bind>
<opcode="write(1151) " fcode="write"/>
<opset="write_ln174/3 "/>
</bind>
</comp>

<comp id="63" class="1004" name="write_ln89_write_fu_63">
<pin_list>
<pin id="64" dir="0" index="0" bw="0" slack="0"/>
<pin id="65" dir="0" index="1" bw="1" slack="0"/>
<pin id="66" dir="0" index="2" bw="1" slack="0"/>
<pin id="67" dir="1" index="3" bw="0" slack="2147483647"/>
</pin_list>
<bind>
<opcode="write(1151) " fcode="write"/>
<opset="write_ln89/5 "/>
</bind>
</comp>

<comp id="71" class="1004" name="image_input_addr_gep_fu_71">
<pin_list>
<pin id="72" dir="0" index="0" bw="32" slack="0"/>
<pin id="73" dir="0" index="1" bw="1" slack="0"/>
<pin id="74" dir="0" index="2" bw="10" slack="0"/>
<pin id="75" dir="1" index="3" bw="10" slack="0"/>
</pin_list>
<bind>
<opcode="getelementptr(29) " fcode="getelementptr"/>
<opset="image_input_addr/2 "/>
</bind>
</comp>

<comp id="78" class="1004" name="grp_access_fu_78">
<pin_list>
<pin id="79" dir="0" index="0" bw="10" slack="0"/>
<pin id="80" dir="0" index="1" bw="32" slack="2147483647"/>
<pin id="81" dir="0" index="2" bw="0" slack="2147483647"/>
<pin id="82" dir="1" index="3" bw="32" slack="0"/>
</pin_list>
<bind>
<opcode="load(27) " fcode="load"/>
<opset="image_input_load/2 "/>
</bind>
</comp>

<comp id="84" class="1005" name="i_reg_84">
<pin_list>
<pin id="85" dir="0" index="0" bw="10" slack="1"/>
<pin id="86" dir="1" index="1" bw="10" slack="1"/>
</pin_list>
<bind>
<opset="i (phireg) "/>
</bind>
</comp>

<comp id="88" class="1004" name="i_phi_fu_88">
<pin_list>
<pin id="89" dir="0" index="0" bw="10" slack="0"/>
<pin id="90" dir="0" index="1" bw="0" slack="2147483647"/>
<pin id="91" dir="0" index="2" bw="1" slack="1"/>
<pin id="92" dir="0" index="3" bw="0" slack="2147483647"/>
<pin id="93" dir="1" index="4" bw="10" slack="0"/>
</pin_list>
<bind>
<opcode="phi(47) " fcode="phi"/>
<opset="i/2 "/>
</bind>
</comp>

<comp id="95" class="1004" name="add_ln86_fu_95">
<pin_list>
<pin id="96" dir="0" index="0" bw="10" slack="0"/>
<pin id="97" dir="0" index="1" bw="1" slack="0"/>
<pin id="98" dir="1" index="2" bw="10" slack="0"/>
</pin_list>
<bind>
<opcode="add(8) " fcode="add"/>
<opset="add_ln86/2 "/>
</bind>
</comp>

<comp id="101" class="1004" name="icmp_ln86_fu_101">
<pin_list>
<pin id="102" dir="0" index="0" bw="10" slack="0"/>
<pin id="103" dir="0" index="1" bw="9" slack="0"/>
<pin id="104" dir="1" index="2" bw="1" slack="1"/>
</pin_list>
<bind>
<opcode="icmp(45) " fcode="icmp"/>
<opset="icmp_ln86/2 "/>
</bind>
</comp>

<comp id="107" class="1004" name="i_cast_fu_107">
<pin_list>
<pin id="108" dir="0" index="0" bw="10" slack="0"/>
<pin id="109" dir="1" index="1" bw="64" slack="0"/>
</pin_list>
<bind>
<opcode="zext(34) " fcode="zext"/>
<opset="i_cast/2 "/>
</bind>
</comp>

<comp id="112" class="1004" name="bitcast_ln174_fu_112">
<pin_list>
<pin id="113" dir="0" index="0" bw="32" slack="0"/>
<pin id="114" dir="1" index="1" bw="32" slack="0"/>
</pin_list>
<bind>
<opcode="bitcast(44) " fcode="bitcast"/>
<opset="bitcast_ln174/3 "/>
</bind>
</comp>

<comp id="117" class="1005" name="add_ln86_reg_117">
<pin_list>
<pin id="118" dir="0" index="0" bw="10" slack="0"/>
<pin id="119" dir="1" index="1" bw="10" slack="0"/>
</pin_list>
<bind>
<opset="add_ln86 "/>
</bind>
</comp>

<comp id="122" class="1005" name="icmp_ln86_reg_122">
<pin_list>
<pin id="123" dir="0" index="0" bw="1" slack="1"/>
<pin id="124" dir="1" index="1" bw="1" slack="2147483647"/>
</pin_list>
<bind>
<opset="icmp_ln86 "/>
</bind>
</comp>

<comp id="126" class="1005" name="image_input_addr_reg_126">
<pin_list>
<pin id="127" dir="0" index="0" bw="10" slack="1"/>
<pin id="128" dir="1" index="1" bw="10" slack="1"/>
</pin_list>
<bind>
<opset="image_input_addr "/>
</bind>
</comp>

<comp id="131" class="1005" name="bitcast_ln174_reg_131">
<pin_list>
<pin id="132" dir="0" index="0" bw="32" slack="1"/>
<pin id="133" dir="1" index="1" bw="32" slack="1"/>
</pin_list>
<bind>
<opset="bitcast_ln174 "/>
</bind>
</comp>

</comp_list>

<net_list>
<net id="61"><net_src comp="46" pin="0"/><net_sink comp="56" pin=0"/></net>

<net id="62"><net_src comp="0" pin="0"/><net_sink comp="56" pin=1"/></net>

<net id="68"><net_src comp="52" pin="0"/><net_sink comp="63" pin=0"/></net>

<net id="69"><net_src comp="2" pin="0"/><net_sink comp="63" pin=1"/></net>

<net id="70"><net_src comp="54" pin="0"/><net_sink comp="63" pin=2"/></net>

<net id="76"><net_src comp="4" pin="0"/><net_sink comp="71" pin=0"/></net>

<net id="77"><net_src comp="44" pin="0"/><net_sink comp="71" pin=1"/></net>

<net id="83"><net_src comp="71" pin="3"/><net_sink comp="78" pin=0"/></net>

<net id="87"><net_src comp="28" pin="0"/><net_sink comp="84" pin=0"/></net>

<net id="94"><net_src comp="84" pin="1"/><net_sink comp="88" pin=2"/></net>

<net id="99"><net_src comp="88" pin="4"/><net_sink comp="95" pin=0"/></net>

<net id="100"><net_src comp="30" pin="0"/><net_sink comp="95" pin=1"/></net>

<net id="105"><net_src comp="88" pin="4"/><net_sink comp="101" pin=0"/></net>

<net id="106"><net_src comp="38" pin="0"/><net_sink comp="101" pin=1"/></net>

<net id="110"><net_src comp="88" pin="4"/><net_sink comp="107" pin=0"/></net>

<net id="111"><net_src comp="107" pin="1"/><net_sink comp="71" pin=2"/></net>

<net id="115"><net_src comp="78" pin="3"/><net_sink comp="112" pin=0"/></net>

<net id="116"><net_src comp="112" pin="1"/><net_sink comp="56" pin=2"/></net>

<net id="120"><net_src comp="95" pin="2"/><net_sink comp="117" pin=0"/></net>

<net id="121"><net_src comp="117" pin="1"/><net_sink comp="88" pin=0"/></net>

<net id="125"><net_src comp="101" pin="2"/><net_sink comp="122" pin=0"/></net>

<net id="129"><net_src comp="71" pin="3"/><net_sink comp="126" pin=0"/></net>

<net id="130"><net_src comp="126" pin="1"/><net_sink comp="78" pin=0"/></net>

<net id="134"><net_src comp="112" pin="1"/><net_sink comp="131" pin=0"/></net>

<net id="135"><net_src comp="131" pin="1"/><net_sink comp="56" pin=2"/></net>

</net_list>

</model> 
---------------- Datapath Model END ------------------

* FSMD analyzer results:
  - Output states:
	Port: out_str_V | {4 }
	Port: enable | {5 }
 - Input state : 
	Port: input_cnn : image_input | {2 3 }
  - Chain level:
	State 1
	State 2
		add_ln86 : 1
		icmp_ln86 : 1
		br_ln86 : 2
		i_cast : 1
		image_input_addr : 2
		image_input_load : 3
	State 3
		bitcast_ln174 : 1
		write_ln174 : 2
	State 4
	State 5


============================================================
+ Verbose Summary: Datapath Resource usage 
============================================================

* Functional unit list:
|----------|------------------------|---------|---------|
| Operation|     Functional Unit    |    FF   |   LUT   |
|----------|------------------------|---------|---------|
|    add   |     add_ln86_fu_95     |    0    |    17   |
|----------|------------------------|---------|---------|
|   icmp   |    icmp_ln86_fu_101    |    0    |    11   |
|----------|------------------------|---------|---------|
|   write  |     grp_write_fu_56    |    0    |    0    |
|          | write_ln89_write_fu_63 |    0    |    0    |
|----------|------------------------|---------|---------|
|   zext   |      i_cast_fu_107     |    0    |    0    |
|----------|------------------------|---------|---------|
|   Total  |                        |    0    |    28   |
|----------|------------------------|---------|---------|

Memories:
+-----------+--------+--------+--------+
|           |  BRAM  |   FF   |   LUT  |
+-----------+--------+--------+--------+
|image_input|    2   |    0   |    0   |
+-----------+--------+--------+--------+
|   Total   |    2   |    0   |    0   |
+-----------+--------+--------+--------+

* Register list:
+------------------------+--------+
|                        |   FF   |
+------------------------+--------+
|    add_ln86_reg_117    |   10   |
|  bitcast_ln174_reg_131 |   32   |
|        i_reg_84        |   10   |
|    icmp_ln86_reg_122   |    1   |
|image_input_addr_reg_126|   10   |
+------------------------+--------+
|          Total         |   63   |
+------------------------+--------+

* Multiplexer (MUX) list: 
|------------------|------|------|------|--------||---------||---------|
|       Comp       |  Pin | Size |  BW  | S x BW ||  Delay  ||   LUT   |
|------------------|------|------|------|--------||---------||---------|
|  grp_write_fu_56 |  p2  |   2  |  32  |   64   ||    9    |
| grp_access_fu_78 |  p0  |   2  |  10  |   20   ||    9    |
|------------------|------|------|------|--------||---------||---------|
|       Total      |      |      |      |   84   ||  0.854  ||    18   |
|------------------|------|------|------|--------||---------||---------|



* Summary:
+-----------+--------+--------+--------+--------+
|           |  BRAM  |  Delay |   FF   |   LUT  |
+-----------+--------+--------+--------+--------+
|  Function |    -   |    -   |    0   |   28   |
|   Memory  |    2   |    -   |    0   |    0   |
|Multiplexer|    -   |    0   |    -   |   18   |
|  Register |    -   |    -   |   63   |    -   |
+-----------+--------+--------+--------+--------+
|   Total   |    2   |    0   |   63   |   46   |
+-----------+--------+--------+--------+--------+
