INFO: [HLS 200-10] Running 'C:/Xilinx/Vitis_HLS/2020.2/bin/unwrapped/win64.o/vitis_hls.exe'
INFO: [HLS 200-10] For user 'Admin' on host 'desktop-1h41fin' (Windows NT_amd64 version 6.2) on Tue Aug 24 17:23:01 +0700 2021
INFO: [HLS 200-10] In directory 'E:/CMC/CNN/VitisHLS/pooling_layer2'
Sourcing Tcl script 'E:/CMC/CNN/VitisHLS/pooling_layer2/pooling_layer2/solution1/csim.tcl'
INFO: [HLS 200-1510] Running: open_project pooling_layer2 
INFO: [HLS 200-10] Opening project 'E:/CMC/CNN/VitisHLS/pooling_layer2/pooling_layer2'.
INFO: [HLS 200-1510] Running: set_top pooling_layer2 
INFO: [HLS 200-1510] Running: add_files pooling_layer2.cpp 
INFO: [HLS 200-10] Adding design file 'pooling_layer2.cpp' to the project
INFO: [HLS 200-1510] Running: add_files -tb pooling_layer2_test.cpp -cflags -Wno-unknown-pragmas -csimflags -Wno-unknown-pragmas 
INFO: [HLS 200-10] Adding test bench file 'pooling_layer2_test.cpp' to the project
INFO: [HLS 200-1510] Running: open_solution solution1 -flow_target vivado 
INFO: [HLS 200-10] Opening solution 'E:/CMC/CNN/VitisHLS/pooling_layer2/pooling_layer2/solution1'.
INFO: [SYN 201-201] Setting up clock 'default' with a period of 10ns.
INFO: [HLS 200-10] Setting target device to 'xczu7ev-ffvc1156-2-e'
INFO: [HLS 200-1505] Using flow_target 'vivado'
Resolution: For help on HLS 200-1505 see www.xilinx.com/cgi-bin/docs/rdoc?v=2020.2;t=hls+guidance;d=200-1505.html
INFO: [HLS 200-1510] Running: set_part xczu7ev-ffvc1156-2-e 
INFO: [HLS 200-1510] Running: create_clock -period 10 -name default 
INFO: [HLS 200-1510] Running: set_directive_top -name pooling_layer2 pooling_layer2 
INFO: [HLS 200-1510] Running: csim_design -setup -quiet 
INFO: [SIM 211-2] *************** CSIM start ***************
INFO: [SIM 211-4] CSIM will launch GCC as the compiler.
make: 'csim.exe' is up to date.
INFO: [SIM 211-1] CSim file generation done with 0 errors.
INFO: [SIM 211-3] *************** CSIM finish ***************
INFO: [HLS 200-111] Finished Command csim_design CPU user time: 0 seconds. CPU system time: 1 seconds. Elapsed time: 0.711 seconds; current allocated memory: 191.543 MB.
