

================================================================
== Vitis HLS Report for 'fc_layer1'
================================================================
* Date:           Tue Jun  8 16:37:10 2021

* Version:        2020.2 (Build 3064766 on Wed Nov 18 09:12:45 MST 2020)
* Project:        cnn
* Solution:       solution1 (Vivado IP Flow Target)
* Product family: zynquplus
* Target device:  xczu7ev-ffvc1156-2-e


================================================================
== Performance Estimates
================================================================
+ Timing: 
    * Summary: 
    +--------+----------+-----------+------------+
    |  Clock |  Target  | Estimated | Uncertainty|
    +--------+----------+-----------+------------+
    |ap_clk  |  30.00 ns|  21.790 ns|     8.10 ns|
    +--------+----------+-----------+------------+

+ Latency: 
    * Summary: 
    +---------+---------+----------+----------+------+------+---------+
    |  Latency (cycles) |  Latency (absolute) |   Interval  | Pipeline|
    |   min   |   max   |    min   |    max   |  min |  max |   Type  |
    +---------+---------+----------+----------+------+------+---------+
    |     8441|     8441|  0.253 ms|  0.253 ms|  8441|  8441|     none|
    +---------+---------+----------+----------+------+------+---------+

    + Detail: 
        * Instance: 
        N/A

        * Loop: 
        +--------------------+---------+---------+----------+-----------+-----------+------+----------+
        |                    |  Latency (cycles) | Iteration|  Initiation Interval  | Trip |          |
        |      Loop Name     |   min   |   max   |  Latency |  achieved |   target  | Count| Pipelined|
        +--------------------+---------+---------+----------+-----------+-----------+------+----------+
        |- fc_layer1_label0  |     8428|     8428|        43|         43|         64|   196|       yes|
        +--------------------+---------+---------+----------+-----------+-----------+------+----------+



================================================================
== Utilization Estimates
================================================================
* Summary: 
+-----------------+---------+------+--------+--------+-----+
|       Name      | BRAM_18K|  DSP |   FF   |   LUT  | URAM|
+-----------------+---------+------+--------+--------+-----+
|DSP              |        -|     -|       -|       -|    -|
|Expression       |        -|     -|       0|     776|    -|
|FIFO             |        -|     -|       -|       -|    -|
|Instance         |        -|     -|       -|       -|    -|
|Memory           |       40|     -|       0|       0|    -|
|Multiplexer      |        -|     -|       -|    1624|    -|
|Register         |        -|     -|    3296|       -|    -|
+-----------------+---------+------+--------+--------+-----+
|Total            |       40|     0|    3296|    2400|    0|
+-----------------+---------+------+--------+--------+-----+
|Available        |      624|  1728|  460800|  230400|   96|
+-----------------+---------+------+--------+--------+-----+
|Utilization (%)  |        6|     0|      ~0|       1|    0|
+-----------------+---------+------+--------+--------+-----+

+ Detail: 
    * Instance: 
    +---------------------------------+-----------------------------+---------+----+---+----+-----+
    |             Instance            |            Module           | BRAM_18K| DSP| FF| LUT| URAM|
    +---------------------------------+-----------------------------+---------+----+---+----+-----+
    |fcmp_32ns_32ns_1_1_no_dsp_1_U23  |fcmp_32ns_32ns_1_1_no_dsp_1  |        0|   0|  0|   0|    0|
    +---------------------------------+-----------------------------+---------+----+---+----+-----+
    |Total                            |                             |        0|   0|  0|   0|    0|
    +---------------------------------+-----------------------------+---------+----+---+----+-----+

    * DSP: 
    N/A

    * Memory: 
    +-----------------------+-------------------------------+---------+---+----+-----+------+-----+------+-------------+
    |         Memory        |             Module            | BRAM_18K| FF| LUT| URAM| Words| Bits| Banks| W*Bits*Banks|
    +-----------------------+-------------------------------+---------+---+----+-----+------+-----+------+-------------+
    |fc_layer1_weights_0_U  |fc_layer1_fc_layer1_weights_0  |        4|  0|   0|    0|  1568|   32|     1|        50176|
    |fc_layer1_weights_1_U  |fc_layer1_fc_layer1_weights_1  |        4|  0|   0|    0|  1568|   32|     1|        50176|
    |fc_layer1_weights_2_U  |fc_layer1_fc_layer1_weights_2  |        4|  0|   0|    0|  1568|   32|     1|        50176|
    |fc_layer1_weights_3_U  |fc_layer1_fc_layer1_weights_3  |        4|  0|   0|    0|  1568|   32|     1|        50176|
    |fc_layer1_weights_4_U  |fc_layer1_fc_layer1_weights_4  |        4|  0|   0|    0|  1568|   32|     1|        50176|
    |fc_layer1_weights_5_U  |fc_layer1_fc_layer1_weights_5  |        4|  0|   0|    0|  1568|   32|     1|        50176|
    |fc_layer1_weights_6_U  |fc_layer1_fc_layer1_weights_6  |        4|  0|   0|    0|  1568|   32|     1|        50176|
    |fc_layer1_weights_7_U  |fc_layer1_fc_layer1_weights_7  |        4|  0|   0|    0|  1568|   32|     1|        50176|
    |fc_layer1_weights_8_U  |fc_layer1_fc_layer1_weights_8  |        4|  0|   0|    0|  1568|   32|     1|        50176|
    |fc_layer1_weights_9_U  |fc_layer1_fc_layer1_weights_9  |        4|  0|   0|    0|  1568|   32|     1|        50176|
    +-----------------------+-------------------------------+---------+---+----+-----+------+-----+------+-------------+
    |Total                  |                               |       40|  0|   0|    0| 15680|  320|    10|       501760|
    +-----------------------+-------------------------------+---------+---+----+-----+------+-----+------+-------------+

    * FIFO: 
    N/A

    * Expression: 
    +---------------------------+----------+----+---+----+------------+------------+
    |       Variable Name       | Operation| DSP| FF| LUT| Bitwidth P0| Bitwidth P1|
    +---------------------------+----------+----+---+----+------------+------------+
    |add_ln213_fu_1120_p2       |         +|   0|  0|  15|           8|           1|
    |empty_85_fu_1156_p2        |         +|   0|  0|  16|           9|           8|
    |empty_86_fu_1184_p2        |         +|   0|  0|  17|          10|           9|
    |empty_87_fu_1204_p2        |         +|   0|  0|  17|          10|          10|
    |empty_88_fu_1223_p2        |         +|   0|  0|  16|           9|           9|
    |empty_89_fu_1246_p2        |         +|   0|  0|  18|          11|          10|
    |empty_90_fu_1271_p2        |         +|   0|  0|  18|          11|          11|
    |empty_91_fu_1290_p2        |         +|   0|  0|  18|          11|          11|
    |and_ln34_1_fu_1427_p2      |       and|   0|  0|   2|           1|           1|
    |and_ln34_2_fu_1478_p2      |       and|   0|  0|   2|           1|           1|
    |and_ln34_3_fu_1529_p2      |       and|   0|  0|   2|           1|           1|
    |and_ln34_4_fu_1580_p2      |       and|   0|  0|   2|           1|           1|
    |and_ln34_5_fu_1631_p2      |       and|   0|  0|   2|           1|           1|
    |and_ln34_6_fu_1682_p2      |       and|   0|  0|   2|           1|           1|
    |and_ln34_7_fu_1733_p2      |       and|   0|  0|   2|           1|           1|
    |and_ln34_8_fu_1784_p2      |       and|   0|  0|   2|           1|           1|
    |and_ln34_9_fu_1835_p2      |       and|   0|  0|   2|           1|           1|
    |and_ln34_fu_1376_p2        |       and|   0|  0|   2|           1|           1|
    |icmp_ln213_fu_1126_p2      |      icmp|   0|  0|  11|           8|           7|
    |icmp_ln34_10_fu_1613_p2    |      icmp|   0|  0|  11|           8|           2|
    |icmp_ln34_11_fu_1619_p2    |      icmp|   0|  0|  16|          23|           1|
    |icmp_ln34_12_fu_1664_p2    |      icmp|   0|  0|  11|           8|           2|
    |icmp_ln34_13_fu_1670_p2    |      icmp|   0|  0|  16|          23|           1|
    |icmp_ln34_14_fu_1715_p2    |      icmp|   0|  0|  11|           8|           2|
    |icmp_ln34_15_fu_1721_p2    |      icmp|   0|  0|  16|          23|           1|
    |icmp_ln34_16_fu_1766_p2    |      icmp|   0|  0|  11|           8|           2|
    |icmp_ln34_17_fu_1772_p2    |      icmp|   0|  0|  16|          23|           1|
    |icmp_ln34_18_fu_1817_p2    |      icmp|   0|  0|  11|           8|           2|
    |icmp_ln34_19_fu_1823_p2    |      icmp|   0|  0|  16|          23|           1|
    |icmp_ln34_1_fu_1364_p2     |      icmp|   0|  0|  16|          23|           1|
    |icmp_ln34_2_fu_1409_p2     |      icmp|   0|  0|  11|           8|           2|
    |icmp_ln34_3_fu_1415_p2     |      icmp|   0|  0|  16|          23|           1|
    |icmp_ln34_4_fu_1460_p2     |      icmp|   0|  0|  11|           8|           2|
    |icmp_ln34_5_fu_1466_p2     |      icmp|   0|  0|  16|          23|           1|
    |icmp_ln34_6_fu_1511_p2     |      icmp|   0|  0|  11|           8|           2|
    |icmp_ln34_7_fu_1517_p2     |      icmp|   0|  0|  16|          23|           1|
    |icmp_ln34_8_fu_1562_p2     |      icmp|   0|  0|  11|           8|           2|
    |icmp_ln34_9_fu_1568_p2     |      icmp|   0|  0|  16|          23|           1|
    |icmp_ln34_fu_1358_p2       |      icmp|   0|  0|  11|           8|           2|
    |or_ln34_1_fu_1421_p2       |        or|   0|  0|   2|           1|           1|
    |or_ln34_2_fu_1472_p2       |        or|   0|  0|   2|           1|           1|
    |or_ln34_3_fu_1523_p2       |        or|   0|  0|   2|           1|           1|
    |or_ln34_4_fu_1574_p2       |        or|   0|  0|   2|           1|           1|
    |or_ln34_5_fu_1625_p2       |        or|   0|  0|   2|           1|           1|
    |or_ln34_6_fu_1676_p2       |        or|   0|  0|   2|           1|           1|
    |or_ln34_7_fu_1727_p2       |        or|   0|  0|   2|           1|           1|
    |or_ln34_8_fu_1778_p2       |        or|   0|  0|   2|           1|           1|
    |or_ln34_9_fu_1829_p2       |        or|   0|  0|   2|           1|           1|
    |or_ln34_fu_1370_p2         |        or|   0|  0|   2|           1|           1|
    |select_ln174_1_fu_1433_p3  |    select|   0|  0|  32|           1|          32|
    |select_ln174_2_fu_1484_p3  |    select|   0|  0|  32|           1|          32|
    |select_ln174_3_fu_1535_p3  |    select|   0|  0|  32|           1|          32|
    |select_ln174_4_fu_1586_p3  |    select|   0|  0|  32|           1|          32|
    |select_ln174_5_fu_1637_p3  |    select|   0|  0|  32|           1|          32|
    |select_ln174_6_fu_1688_p3  |    select|   0|  0|  32|           1|          32|
    |select_ln174_7_fu_1739_p3  |    select|   0|  0|  32|           1|          32|
    |select_ln174_8_fu_1790_p3  |    select|   0|  0|  32|           1|          32|
    |select_ln174_9_fu_1841_p3  |    select|   0|  0|  32|           1|          32|
    |select_ln174_fu_1382_p3    |    select|   0|  0|  32|           1|          32|
    +---------------------------+----------+----+---+----+------------+------------+
    |Total                      |          |   0|  0| 776|         427|         446|
    +---------------------------+----------+----+---+----+------------+------------+

    * Multiplexer: 
    +------------------------------+-----+-----------+-----+-----------+
    |             Name             | LUT | Input Size| Bits| Total Bits|
    +------------------------------+-----+-----------+-----+-----------+
    |ap_NS_fsm                     |  249|         57|    1|         57|
    |fc1_out5_blk_n                |    9|          2|    1|          2|
    |fc1_out5_din                  |   59|         11|   32|        352|
    |fc_layer1_weights_0_address0  |   49|          9|   11|         99|
    |fc_layer1_weights_1_address0  |   49|          9|   11|         99|
    |fc_layer1_weights_2_address0  |   49|          9|   11|         99|
    |fc_layer1_weights_3_address0  |   49|          9|   11|         99|
    |fc_layer1_weights_4_address0  |   49|          9|   11|         99|
    |fc_layer1_weights_5_address0  |   49|          9|   11|         99|
    |fc_layer1_weights_6_address0  |   49|          9|   11|         99|
    |fc_layer1_weights_7_address0  |   49|          9|   11|         99|
    |fc_layer1_weights_8_address0  |   49|          9|   11|         99|
    |fc_layer1_weights_9_address0  |   49|          9|   11|         99|
    |grp_fu_937_p0                 |   65|         12|   32|        384|
    |grp_fu_937_p1                 |   43|          8|   32|        256|
    |grp_fu_942_p0                 |   59|         11|   32|        352|
    |grp_fu_942_p1                 |   31|          6|   32|        192|
    |grp_fu_966_p0                 |  159|         35|   32|       1120|
    |grp_fu_966_p1                 |   81|         17|   32|        544|
    |grp_fu_972_p0                 |  159|         35|   32|       1120|
    |grp_fu_972_p1                 |   81|         17|   32|        544|
    |grp_fu_978_p0                 |   31|          6|   32|        192|
    |j_reg_805                     |    9|          2|    8|         16|
    |output_1_reg_913              |    9|          2|   32|         64|
    |output_2_reg_901              |    9|          2|   32|         64|
    |output_3_reg_889              |    9|          2|   32|         64|
    |output_4_reg_877              |    9|          2|   32|         64|
    |output_5_reg_865              |    9|          2|   32|         64|
    |output_6_reg_853              |    9|          2|   32|         64|
    |output_7_reg_841              |    9|          2|   32|         64|
    |output_8_reg_829              |    9|          2|   32|         64|
    |output_9_reg_817              |    9|          2|   32|         64|
    |output_reg_925                |    9|          2|   32|         64|
    |pool1_out4_blk_n              |    9|          2|    1|          2|
    +------------------------------+-----+-----------+-----+-----------+
    |Total                         | 1624|        331|  761|       6763|
    +------------------------------+-----+-----------+-----+-----------+

    * Register: 
    +-------------------------------------+----+----+-----+-----------+
    |                 Name                | FF | LUT| Bits| Const Bits|
    +-------------------------------------+----+----+-----+-----------+
    |add_ln213_reg_1850                   |   8|   0|    8|          0|
    |ap_CS_fsm                            |  56|   0|   56|          0|
    |fc_layer1_weights_0_load_2_reg_2066  |  32|   0|   32|          0|
    |fc_layer1_weights_0_load_3_reg_2161  |  32|   0|   32|          0|
    |fc_layer1_weights_0_load_4_reg_2256  |  32|   0|   32|          0|
    |fc_layer1_weights_0_load_5_reg_2352  |  32|   0|   32|          0|
    |fc_layer1_weights_0_load_7_reg_2542  |  32|   0|   32|          0|
    |fc_layer1_weights_1_load_2_reg_2071  |  32|   0|   32|          0|
    |fc_layer1_weights_1_load_3_reg_2166  |  32|   0|   32|          0|
    |fc_layer1_weights_1_load_4_reg_2261  |  32|   0|   32|          0|
    |fc_layer1_weights_1_load_5_reg_2357  |  32|   0|   32|          0|
    |fc_layer1_weights_1_load_7_reg_2547  |  32|   0|   32|          0|
    |fc_layer1_weights_2_load_3_reg_2171  |  32|   0|   32|          0|
    |fc_layer1_weights_2_load_4_reg_2266  |  32|   0|   32|          0|
    |fc_layer1_weights_2_load_5_reg_2362  |  32|   0|   32|          0|
    |fc_layer1_weights_2_load_6_reg_2447  |  32|   0|   32|          0|
    |fc_layer1_weights_3_load_3_reg_2176  |  32|   0|   32|          0|
    |fc_layer1_weights_3_load_4_reg_2271  |  32|   0|   32|          0|
    |fc_layer1_weights_3_load_5_reg_2367  |  32|   0|   32|          0|
    |fc_layer1_weights_3_load_6_reg_2452  |  32|   0|   32|          0|
    |fc_layer1_weights_4_load_1_reg_1981  |  32|   0|   32|          0|
    |fc_layer1_weights_4_load_2_reg_2076  |  32|   0|   32|          0|
    |fc_layer1_weights_4_load_4_reg_2276  |  32|   0|   32|          0|
    |fc_layer1_weights_4_load_5_reg_2372  |  32|   0|   32|          0|
    |fc_layer1_weights_4_load_6_reg_2457  |  32|   0|   32|          0|
    |fc_layer1_weights_4_load_7_reg_2552  |  32|   0|   32|          0|
    |fc_layer1_weights_5_load_1_reg_1986  |  32|   0|   32|          0|
    |fc_layer1_weights_5_load_2_reg_2081  |  32|   0|   32|          0|
    |fc_layer1_weights_5_load_4_reg_2281  |  32|   0|   32|          0|
    |fc_layer1_weights_5_load_5_reg_2377  |  32|   0|   32|          0|
    |fc_layer1_weights_5_load_6_reg_2462  |  32|   0|   32|          0|
    |fc_layer1_weights_5_load_7_reg_2557  |  32|   0|   32|          0|
    |fc_layer1_weights_6_load_1_reg_1991  |  32|   0|   32|          0|
    |fc_layer1_weights_6_load_2_reg_2086  |  32|   0|   32|          0|
    |fc_layer1_weights_6_load_3_reg_2181  |  32|   0|   32|          0|
    |fc_layer1_weights_6_load_5_reg_2382  |  32|   0|   32|          0|
    |fc_layer1_weights_6_load_6_reg_2467  |  32|   0|   32|          0|
    |fc_layer1_weights_6_load_7_reg_2562  |  32|   0|   32|          0|
    |fc_layer1_weights_7_load_1_reg_1996  |  32|   0|   32|          0|
    |fc_layer1_weights_7_load_2_reg_2091  |  32|   0|   32|          0|
    |fc_layer1_weights_7_load_3_reg_2186  |  32|   0|   32|          0|
    |fc_layer1_weights_7_load_5_reg_2387  |  32|   0|   32|          0|
    |fc_layer1_weights_7_load_6_reg_2472  |  32|   0|   32|          0|
    |fc_layer1_weights_7_load_7_reg_2567  |  32|   0|   32|          0|
    |fc_layer1_weights_8_load_1_reg_2001  |  32|   0|   32|          0|
    |fc_layer1_weights_8_load_2_reg_2096  |  32|   0|   32|          0|
    |fc_layer1_weights_8_load_3_reg_2191  |  32|   0|   32|          0|
    |fc_layer1_weights_8_load_4_reg_2286  |  32|   0|   32|          0|
    |fc_layer1_weights_8_load_6_reg_2477  |  32|   0|   32|          0|
    |fc_layer1_weights_8_load_7_reg_2572  |  32|   0|   32|          0|
    |fc_layer1_weights_9_load_1_reg_2006  |  32|   0|   32|          0|
    |fc_layer1_weights_9_load_2_reg_2101  |  32|   0|   32|          0|
    |fc_layer1_weights_9_load_3_reg_2196  |  32|   0|   32|          0|
    |fc_layer1_weights_9_load_4_reg_2291  |  32|   0|   32|          0|
    |fc_layer1_weights_9_load_6_reg_2482  |  32|   0|   32|          0|
    |fc_layer1_weights_9_load_7_reg_2577  |  32|   0|   32|          0|
    |j_reg_805                            |   8|   0|    8|          0|
    |output_1_reg_913                     |  32|   0|   32|          0|
    |output_2_reg_901                     |  32|   0|   32|          0|
    |output_3_reg_889                     |  32|   0|   32|          0|
    |output_4_reg_877                     |  32|   0|   32|          0|
    |output_5_reg_865                     |  32|   0|   32|          0|
    |output_6_reg_853                     |  32|   0|   32|          0|
    |output_7_reg_841                     |  32|   0|   32|          0|
    |output_8_reg_829                     |  32|   0|   32|          0|
    |output_9_reg_817                     |  32|   0|   32|          0|
    |output_reg_925                       |  32|   0|   32|          0|
    |pool1_out4_read_2_reg_2061           |  32|   0|   32|          0|
    |pool1_out4_read_3_reg_2156           |  32|   0|   32|          0|
    |pool1_out4_read_4_reg_2251           |  32|   0|   32|          0|
    |pool1_out4_read_6_reg_2442           |  32|   0|   32|          0|
    |pool1_out4_read_7_reg_2537           |  32|   0|   32|          0|
    |read_266_reg_2346                    |  32|   0|   32|          0|
    |read_267_reg_2582                    |  32|   0|   32|          0|
    |read_268_reg_2588                    |  32|   0|   32|          0|
    |read_269_reg_2594                    |  32|   0|   32|          0|
    |read_270_reg_2600                    |  32|   0|   32|          0|
    |read_271_reg_2606                    |  32|   0|   32|          0|
    |read_272_reg_2612                    |  32|   0|   32|          0|
    |read_reg_1913                        |  32|   0|   32|          0|
    |reg_1003                             |  32|   0|   32|          0|
    |reg_1008                             |  32|   0|   32|          0|
    |reg_1013                             |  32|   0|   32|          0|
    |reg_1018                             |  32|   0|   32|          0|
    |reg_1023                             |  32|   0|   32|          0|
    |reg_1028                             |  32|   0|   32|          0|
    |reg_1043                             |  32|   0|   32|          0|
    |reg_1047                             |  32|   0|   32|          0|
    |reg_1052                             |  32|   0|   32|          0|
    |reg_1057                             |  32|   0|   32|          0|
    |reg_1064                             |  32|   0|   32|          0|
    |reg_1071                             |  32|   0|   32|          0|
    |reg_1078                             |  32|   0|   32|          0|
    |reg_1085                             |  32|   0|   32|          0|
    |reg_1091                             |  32|   0|   32|          0|
    |reg_1098                             |  32|   0|   32|          0|
    |reg_1104                             |  32|   0|   32|          0|
    |reg_1110                             |  32|   0|   32|          0|
    |reg_1115                             |  32|   0|   32|          0|
    |reg_983                              |  32|   0|   32|          0|
    |reg_988                              |  32|   0|   32|          0|
    |reg_993                              |  32|   0|   32|          0|
    |reg_998                              |  32|   0|   32|          0|
    |zext_ln213_1_reg_1969                |   8|   0|   11|          3|
    |zext_ln213_2_reg_1976                |   8|   0|   10|          2|
    |zext_ln213_3_reg_1908                |   8|   0|    9|          1|
    +-------------------------------------+----+----+-----+-----------+
    |Total                                |3296|   0| 3302|          6|
    +-------------------------------------+----+----+-----+-----------+



================================================================
== Interface
================================================================
* Summary: 
+---------------------+-----+-----+------------+--------------+--------------+
|      RTL Ports      | Dir | Bits|  Protocol  | Source Object|    C Type    |
+---------------------+-----+-----+------------+--------------+--------------+
|ap_clk               |   in|    1|  ap_ctrl_hs|     fc_layer1|  return value|
|ap_rst               |   in|    1|  ap_ctrl_hs|     fc_layer1|  return value|
|ap_start             |   in|    1|  ap_ctrl_hs|     fc_layer1|  return value|
|ap_done              |  out|    1|  ap_ctrl_hs|     fc_layer1|  return value|
|ap_idle              |  out|    1|  ap_ctrl_hs|     fc_layer1|  return value|
|ap_ready             |  out|    1|  ap_ctrl_hs|     fc_layer1|  return value|
|grp_fu_326_p_din0    |  out|   32|  ap_ctrl_hs|     fc_layer1|  return value|
|grp_fu_326_p_din1    |  out|   32|  ap_ctrl_hs|     fc_layer1|  return value|
|grp_fu_326_p_opcode  |  out|    2|  ap_ctrl_hs|     fc_layer1|  return value|
|grp_fu_326_p_dout0   |   in|   32|  ap_ctrl_hs|     fc_layer1|  return value|
|grp_fu_326_p_ce      |  out|    1|  ap_ctrl_hs|     fc_layer1|  return value|
|grp_fu_659_p_din0    |  out|   32|  ap_ctrl_hs|     fc_layer1|  return value|
|grp_fu_659_p_din1    |  out|   32|  ap_ctrl_hs|     fc_layer1|  return value|
|grp_fu_659_p_opcode  |  out|    2|  ap_ctrl_hs|     fc_layer1|  return value|
|grp_fu_659_p_dout0   |   in|   32|  ap_ctrl_hs|     fc_layer1|  return value|
|grp_fu_659_p_ce      |  out|    1|  ap_ctrl_hs|     fc_layer1|  return value|
|grp_fu_334_p_din0    |  out|   32|  ap_ctrl_hs|     fc_layer1|  return value|
|grp_fu_334_p_din1    |  out|   32|  ap_ctrl_hs|     fc_layer1|  return value|
|grp_fu_334_p_dout0   |   in|   32|  ap_ctrl_hs|     fc_layer1|  return value|
|grp_fu_334_p_ce      |  out|    1|  ap_ctrl_hs|     fc_layer1|  return value|
|grp_fu_675_p_din0    |  out|   32|  ap_ctrl_hs|     fc_layer1|  return value|
|grp_fu_675_p_din1    |  out|   32|  ap_ctrl_hs|     fc_layer1|  return value|
|grp_fu_675_p_dout0   |   in|   32|  ap_ctrl_hs|     fc_layer1|  return value|
|grp_fu_675_p_ce      |  out|    1|  ap_ctrl_hs|     fc_layer1|  return value|
|fc1_out5_din         |  out|   32|     ap_fifo|      fc1_out5|       pointer|
|fc1_out5_full_n      |   in|    1|     ap_fifo|      fc1_out5|       pointer|
|fc1_out5_write       |  out|    1|     ap_fifo|      fc1_out5|       pointer|
|pool1_out4_dout      |   in|   32|     ap_fifo|    pool1_out4|       pointer|
|pool1_out4_empty_n   |   in|    1|     ap_fifo|    pool1_out4|       pointer|
|pool1_out4_read      |  out|    1|     ap_fifo|    pool1_out4|       pointer|
+---------------------+-----+-----+------------+--------------+--------------+

