INFO-FLOW: Workspace E:/CMC/CNN/VitisHLS/conv_layer1/conv_layer1/solution1 opened at Thu Sep 09 11:38:47 +0700 2021
Execute     ap_set_clock -name default -period 10 -default=false 
INFO: [SYN 201-201] Setting up clock 'default' with a period of 10ns.
Execute     import_lib C:/Xilinx/Vitis_HLS/2020.2/common/technology/xilinx/zynquplus/zynquplus 
Execute       source C:/Xilinx/Vitis_HLS/2020.2/common/technology/xilinx/interface/xilinx_interface.hlp 
Execute         source C:/Xilinx/Vitis_HLS/2020.2/common/technology/xilinx/interface/maxi.hlp 
Execute         source C:/Xilinx/Vitis_HLS/2020.2/common/technology/xilinx/interface/saxilite.hlp 
Execute       source C:/Xilinx/Vitis_HLS/2020.2/common/technology/xilinx/DSP48/dsp48.hlp 
Execute     source C:/Xilinx/Vitis_HLS/2020.2/common/technology/xilinx/common/xilinx.gen 
Execute       source C:/Xilinx/Vitis_HLS/2020.2/common/technology/xilinx/interface/plb46.gen 
Execute       source C:/Xilinx/Vitis_HLS/2020.2/common/technology/xilinx/interface/axi4.gen 
Execute       source C:/Xilinx/Vitis_HLS/2020.2/common/technology/xilinx/interface/nativeAXI4.gen 
Execute         source C:/Xilinx/Vitis_HLS/2020.2/common/technology/xilinx/interface/saxilite.gen 
Execute         source C:/Xilinx/Vitis_HLS/2020.2/common/technology/xilinx/interface/maxi.gen 
Execute       source C:/Xilinx/Vitis_HLS/2020.2/common/technology/xilinx/scripts/xilinxcoregen.gen 
Execute       source C:/Xilinx/Vitis_HLS/2020.2/common/technology/xilinx/interface/XilEDKCoreGen.gen 
Execute       source C:/Xilinx/Vitis_HLS/2020.2/common/technology/xilinx/ip/dds_compiler.gen 
Execute       source C:/Xilinx/Vitis_HLS/2020.2/common/technology/xilinx/ip/util.gen 
Execute       source C:/Xilinx/Vitis_HLS/2020.2/common/technology/xilinx/ip/xfft.gen 
Command       ap_source done; 0.131 sec.
Execute       source C:/Xilinx/Vitis_HLS/2020.2/common/technology/xilinx/ip/xfir.gen 
Execute       source C:/Xilinx/Vitis_HLS/2020.2/common/technology/xilinx/DSP48/dsp48.gen 
Command     ap_source done; 0.191 sec.
Execute     import_lib C:/Xilinx/Vitis_HLS/2020.2/common/technology/xilinx/zynquplus/zynquplus_fpv7 
Execute       source C:/Xilinx/Vitis_HLS/2020.2/common/technology/xilinx/interface/xilinx_interface.hlp 
Execute         source C:/Xilinx/Vitis_HLS/2020.2/common/technology/xilinx/interface/maxi.hlp 
Execute         source C:/Xilinx/Vitis_HLS/2020.2/common/technology/xilinx/interface/saxilite.hlp 
Execute       source C:/Xilinx/Vitis_HLS/2020.2/common/technology/xilinx/DSP48/dsp48.hlp 
Execute     source C:/Xilinx/Vitis_HLS/2020.2/common/technology/xilinx/common/xilinx.gen 
Execute       source C:/Xilinx/Vitis_HLS/2020.2/common/technology/xilinx/interface/plb46.gen 
Execute       source C:/Xilinx/Vitis_HLS/2020.2/common/technology/xilinx/interface/axi4.gen 
Execute       source C:/Xilinx/Vitis_HLS/2020.2/common/technology/xilinx/interface/nativeAXI4.gen 
Execute         source C:/Xilinx/Vitis_HLS/2020.2/common/technology/xilinx/interface/saxilite.gen 
Execute         source C:/Xilinx/Vitis_HLS/2020.2/common/technology/xilinx/interface/maxi.gen 
Execute       source C:/Xilinx/Vitis_HLS/2020.2/common/technology/xilinx/scripts/xilinxcoregen.gen 
Execute       source C:/Xilinx/Vitis_HLS/2020.2/common/technology/xilinx/interface/XilEDKCoreGen.gen 
Execute       source C:/Xilinx/Vitis_HLS/2020.2/common/technology/xilinx/ip/dds_compiler.gen 
Execute       source C:/Xilinx/Vitis_HLS/2020.2/common/technology/xilinx/ip/util.gen 
Execute       source C:/Xilinx/Vitis_HLS/2020.2/common/technology/xilinx/ip/xfft.gen 
Command       ap_source done; 0.107 sec.
Execute       source C:/Xilinx/Vitis_HLS/2020.2/common/technology/xilinx/ip/xfir.gen 
Execute       source C:/Xilinx/Vitis_HLS/2020.2/common/technology/xilinx/DSP48/dsp48.gen 
Command     ap_source done; 0.158 sec.
Execute     import_lib C:/Xilinx/Vitis_HLS/2020.2/common/technology/xilinx/zynquplus/zynquplus 
Execute       source C:/Xilinx/Vitis_HLS/2020.2/common/technology/xilinx/interface/xilinx_interface.hlp 
Execute         source C:/Xilinx/Vitis_HLS/2020.2/common/technology/xilinx/interface/maxi.hlp 
Execute         source C:/Xilinx/Vitis_HLS/2020.2/common/technology/xilinx/interface/saxilite.hlp 
Execute       source C:/Xilinx/Vitis_HLS/2020.2/common/technology/xilinx/DSP48/dsp48.hlp 
Execute     source C:/Xilinx/Vitis_HLS/2020.2/common/technology/xilinx/common/xilinx.gen 
Execute       source C:/Xilinx/Vitis_HLS/2020.2/common/technology/xilinx/interface/plb46.gen 
Execute       source C:/Xilinx/Vitis_HLS/2020.2/common/technology/xilinx/interface/axi4.gen 
Execute       source C:/Xilinx/Vitis_HLS/2020.2/common/technology/xilinx/interface/nativeAXI4.gen 
Execute         source C:/Xilinx/Vitis_HLS/2020.2/common/technology/xilinx/interface/saxilite.gen 
Execute         source C:/Xilinx/Vitis_HLS/2020.2/common/technology/xilinx/interface/maxi.gen 
Execute       source C:/Xilinx/Vitis_HLS/2020.2/common/technology/xilinx/scripts/xilinxcoregen.gen 
Execute       source C:/Xilinx/Vitis_HLS/2020.2/common/technology/xilinx/interface/XilEDKCoreGen.gen 
Execute       source C:/Xilinx/Vitis_HLS/2020.2/common/technology/xilinx/ip/dds_compiler.gen 
Execute       source C:/Xilinx/Vitis_HLS/2020.2/common/technology/xilinx/ip/util.gen 
Execute       source C:/Xilinx/Vitis_HLS/2020.2/common/technology/xilinx/ip/xfft.gen 
Command       ap_source done; 0.116 sec.
Execute       source C:/Xilinx/Vitis_HLS/2020.2/common/technology/xilinx/ip/xfir.gen 
Execute       source C:/Xilinx/Vitis_HLS/2020.2/common/technology/xilinx/DSP48/dsp48.gen 
Command     ap_source done; 0.164 sec.
Execute     set_part xczu7ev-ffvc1156-2-e 
INFO-FLOW: DBG:set_part: XILINX_VIVADO=C:/Xilinx/Vivado/2020.2
INFO-FLOW: DBG:set_part: RDI_DATADIR=C:/Xilinx/Vivado/2020.2/data;C:/Xilinx/Vitis_HLS/2020.2/data
Execute       ap_part_info -name xczu7ev-ffvc1156-2-e -data single -quiet 
DBG:HLSDevice: Trying to load device library: C:/Xilinx/Vitis_HLS/2020.2\lib\win64.o\librdi_hlsvwrap.dll
DBG:HLSDevice: first parts/arch.xml in RDI_DATADIR: C:/Xilinx/Vivado/2020.2/data/parts/arch.xml
Command       ap_part_info done; 2.246 sec.
Execute       ap_part_info -name xczu7ev-ffvc1156-2-e -data info 
Execute       add_library xilinx/zynquplus/zynquplus:xczu7ev:-ffvc1156:-2-e 
Execute         get_default_platform 
Execute         open_platform DefaultPlatform 
Execute         ap_part_info -data single -name xczu7ev-ffvc1156-2-e 
Execute         ap_part_info -name xczu7ev-ffvc1156-2-e -data resources 
Execute         config_chip_info -resource {SLICE 28800} {LUT 230400} {FF 460800} {DSP 1728} {BRAM 624} {URAM 96} 
Execute         ap_part_info -name xczu7ev-ffvc1156-2-e -data info 
Execute         config_chip_info -speed medium 
Execute         ap_part_info -name xczu7ev-ffvc1156-2-e -data info 
Execute         config_library_info -library zynquplus_medium 
Execute         config_library_info -family zynquplus 
Execute         config_library_info -part xczu7ev:-ffvc1156:-2-e 
Execute         import_lib C:/Xilinx/Vitis_HLS/2020.2/common/technology/xilinx/zynquplus/zynquplus 
Execute           source C:/Xilinx/Vitis_HLS/2020.2/common/technology/xilinx/interface/xilinx_interface.hlp 
Execute             source C:/Xilinx/Vitis_HLS/2020.2/common/technology/xilinx/interface/maxi.hlp 
Execute             source C:/Xilinx/Vitis_HLS/2020.2/common/technology/xilinx/interface/saxilite.hlp 
Execute           source C:/Xilinx/Vitis_HLS/2020.2/common/technology/xilinx/DSP48/dsp48.hlp 
Execute           source C:/Xilinx/Vitis_HLS/2020.2/common/technology/xilinx/DSP48/zynquplus_dsp48e2.hlp 
Execute         source C:/Xilinx/Vitis_HLS/2020.2/common/technology/xilinx/common/xilinx.gen 
Execute           source C:/Xilinx/Vitis_HLS/2020.2/common/technology/xilinx/interface/plb46.gen 
Execute           source C:/Xilinx/Vitis_HLS/2020.2/common/technology/xilinx/interface/axi4.gen 
Execute           source C:/Xilinx/Vitis_HLS/2020.2/common/technology/xilinx/interface/nativeAXI4.gen 
Execute             source C:/Xilinx/Vitis_HLS/2020.2/common/technology/xilinx/interface/saxilite.gen 
Execute             source C:/Xilinx/Vitis_HLS/2020.2/common/technology/xilinx/interface/maxi.gen 
Execute           source C:/Xilinx/Vitis_HLS/2020.2/common/technology/xilinx/scripts/xilinxcoregen.gen 
Execute           source C:/Xilinx/Vitis_HLS/2020.2/common/technology/xilinx/interface/XilEDKCoreGen.gen 
Execute           source C:/Xilinx/Vitis_HLS/2020.2/common/technology/xilinx/ip/dds_compiler.gen 
Execute           source C:/Xilinx/Vitis_HLS/2020.2/common/technology/xilinx/ip/util.gen 
Execute           source C:/Xilinx/Vitis_HLS/2020.2/common/technology/xilinx/ip/xfft.gen 
Command           ap_source done; 0.117 sec.
Execute           source C:/Xilinx/Vitis_HLS/2020.2/common/technology/xilinx/ip/xfir.gen 
Execute           source C:/Xilinx/Vitis_HLS/2020.2/common/technology/xilinx/DSP48/dsp48.gen 
Command         ap_source done; 0.181 sec.
Command       add_library done; 0.41 sec.
INFO: [HLS 200-10] Setting target device to 'xczu7ev-ffvc1156-2-e'
Execute       ap_part_info -name xczu7ev-ffvc1156-2-e -data info 
Execute       config_compile -quiet -complex-mul-dsp=0 
Command     set_part done; 2.813 sec.
Execute     ap_part_info -data single -name xczu7ev-ffvc1156-2-e 
Execute     ap_part_info -name xczu7ev-ffvc1156-2-e -data resources 
Execute     config_chip_info -resource {SLICE 28800} {LUT 230400} {FF 460800} {DSP 1728} {BRAM 624} {URAM 96} 
Execute     ap_part_info -name xczu7ev-ffvc1156-2-e -data info 
Execute     config_chip_info -speed medium 
Execute     send_msg_by_id INFO @200-1505@%s%s  vivado 
INFO: [HLS 200-1505] Using flow_target 'vivado'
Execute     get_config_interface -m_axi_latency 
Execute     get_config_interface -m_axi_alignment_byte_size 
Execute     get_config_interface -m_axi_max_widen_bitwidth 
Execute     get_config_interface -default_interface 
Execute     get_config_interface -m_axi_offset 
Execute     get_config_rtl -register_reset_num 
Execute     send_msg_by_id INFO @200-1464@%s config_export -format=ip_catalog 
INFO: [HLS 200-1464] Running solution command: config_export -format=ip_catalog
Execute     config_export -format=ip_catalog 
Execute     send_msg_by_id INFO @200-1464@%s config_export -output=E:/CMC/CNN/Vivado/Ipcore/conv_layer1.zip 
INFO: [HLS 200-1464] Running solution command: config_export -output=E:/CMC/CNN/Vivado/Ipcore/conv_layer1.zip
Execute     config_export -output=E:/CMC/CNN/Vivado/Ipcore/conv_layer1.zip 
Execute     send_msg_by_id INFO @200-1464@%s config_export -rtl=vhdl 
INFO: [HLS 200-1464] Running solution command: config_export -rtl=vhdl
Execute     config_export -rtl=vhdl 
Command   open_solution done; 3.472 sec.
Execute   set_part xczu7ev-ffvc1156-2-e 
INFO: [HLS 200-1510] Running: set_part xczu7ev-ffvc1156-2-e 
INFO-FLOW: DBG:set_part: XILINX_VIVADO=C:/Xilinx/Vivado/2020.2
INFO-FLOW: DBG:set_part: RDI_DATADIR=C:/Xilinx/Vivado/2020.2/data;C:/Xilinx/Vitis_HLS/2020.2/data
Execute     ap_part_info -name xczu7ev-ffvc1156-2-e -data single -quiet 
Execute     ap_part_info -name xczu7ev-ffvc1156-2-e -data info 
Execute     add_library xilinx/zynquplus/zynquplus:xczu7ev:-ffvc1156:-2-e 
Execute       get_default_platform 
Execute       open_platform DefaultPlatform 
Execute       ap_part_info -data single -name xczu7ev-ffvc1156-2-e 
Execute       ap_part_info -name xczu7ev-ffvc1156-2-e -data resources 
Execute       config_chip_info -resource {SLICE 28800} {LUT 230400} {FF 460800} {DSP 1728} {BRAM 624} {URAM 96} 
Execute       ap_part_info -name xczu7ev-ffvc1156-2-e -data info 
Execute       config_chip_info -speed medium 
Execute       ap_part_info -name xczu7ev-ffvc1156-2-e -data info 
Execute       config_library_info -library zynquplus_medium 
Execute       config_library_info -family zynquplus 
Execute       config_library_info -part xczu7ev:-ffvc1156:-2-e 
Execute       import_lib C:/Xilinx/Vitis_HLS/2020.2/common/technology/xilinx/zynquplus/zynquplus 
Execute         source C:/Xilinx/Vitis_HLS/2020.2/common/technology/xilinx/interface/xilinx_interface.hlp 
Execute           source C:/Xilinx/Vitis_HLS/2020.2/common/technology/xilinx/interface/maxi.hlp 
Execute           source C:/Xilinx/Vitis_HLS/2020.2/common/technology/xilinx/interface/saxilite.hlp 
Execute         source C:/Xilinx/Vitis_HLS/2020.2/common/technology/xilinx/DSP48/dsp48.hlp 
Execute         source C:/Xilinx/Vitis_HLS/2020.2/common/technology/xilinx/DSP48/zynquplus_dsp48e2.hlp 
Execute       source C:/Xilinx/Vitis_HLS/2020.2/common/technology/xilinx/common/xilinx.gen 
Execute         source C:/Xilinx/Vitis_HLS/2020.2/common/technology/xilinx/interface/plb46.gen 
Execute         source C:/Xilinx/Vitis_HLS/2020.2/common/technology/xilinx/interface/axi4.gen 
Execute         source C:/Xilinx/Vitis_HLS/2020.2/common/technology/xilinx/interface/nativeAXI4.gen 
Execute           source C:/Xilinx/Vitis_HLS/2020.2/common/technology/xilinx/interface/saxilite.gen 
Execute           source C:/Xilinx/Vitis_HLS/2020.2/common/technology/xilinx/interface/maxi.gen 
Execute         source C:/Xilinx/Vitis_HLS/2020.2/common/technology/xilinx/scripts/xilinxcoregen.gen 
Execute         source C:/Xilinx/Vitis_HLS/2020.2/common/technology/xilinx/interface/XilEDKCoreGen.gen 
Execute         source C:/Xilinx/Vitis_HLS/2020.2/common/technology/xilinx/ip/dds_compiler.gen 
Execute         source C:/Xilinx/Vitis_HLS/2020.2/common/technology/xilinx/ip/util.gen 
Execute         source C:/Xilinx/Vitis_HLS/2020.2/common/technology/xilinx/ip/xfft.gen 
Command         ap_source done; 0.113 sec.
Execute         source C:/Xilinx/Vitis_HLS/2020.2/common/technology/xilinx/ip/xfir.gen 
Execute         source C:/Xilinx/Vitis_HLS/2020.2/common/technology/xilinx/DSP48/dsp48.gen 
Command       ap_source done; 0.171 sec.
Command     add_library done; 0.324 sec.
Execute     ap_part_info -name xczu7ev-ffvc1156-2-e -data info 
Execute     config_compile -quiet -complex-mul-dsp=0 
Command   set_part done; 0.461 sec.
Execute   create_clock -period 10 -name default 
INFO: [HLS 200-1510] Running: create_clock -period 10 -name default 
Execute   config_export -format ip_catalog -output E:/CMC/CNN/Vivado/Ipcore/conv_layer1.zip -rtl vhdl 
INFO: [HLS 200-1510] Running: config_export -format ip_catalog -output E:/CMC/CNN/Vivado/Ipcore/conv_layer1.zip -rtl vhdl 
Execute   source ./conv_layer1/solution1/directives.tcl 
Execute     set_directive_top -name conv_layer1 conv_layer1 
INFO: [HLS 200-1510] Running: set_directive_top -name conv_layer1 conv_layer1 
INFO-FLOW: Setting directive 'TOP' name=conv_layer1 
Execute   csynth_design 
INFO: [HLS 200-1510] Running: csynth_design 
Execute     get_config_compile -effort 
Execute     get_config_compile -enable_clang39 
Execute     get_config_compile -g 
Execute     get_config_compile -ng 
Execute     get_config_compile -opt_fp 
Execute     get_config_compile -skip_cdt 
Execute     get_config_compile -skip_syncheck 
Execute     get_config_compile -skip_transform 
Execute     get_config_compile -keep_printf 
Execute     elaborate -effort=medium -skip_syncheck=0 -keep_printf=0 -skip_cdt=0 -skip_transform=0 -ng=0 -g=0 -opt_fp=0 -from_csynth_design=1 
INFO: [HLS 200-111] Finished File checks and directory preparation: CPU user time: 0 seconds. CPU system time: 0 seconds. Elapsed time: 0.182 seconds; current allocated memory: 971.142 MB.
INFO: [HLS 200-10] Analyzing design file 'conv_layer1.cpp' ... 
INFO-FLOW: Compiling one TU...
Execute       get_config_compile -pragma_strict_mode 
INFO-FLOW: Handling conv_layer1.cpp as C++
Execute       ap_part_info -name xczu7ev-ffvc1156-2-e -data info 
INFO-FLOW: Running: GCC PP 39
INFO-FLOW: Source preprocessing
Execute       ap_eval exec -ignorestderr C:/Xilinx/Vitis_HLS/2020.2/win64/tools/clang-3.9-csynth/bin/clang conv_layer1.cpp -foptimization-record-file=E:/CMC/CNN/VitisHLS/conv_layer1/conv_layer1/solution1/.autopilot/db/clang.conv_layer1.cpp.diag.yml -mllvm -pass-remarks-missed=reflow|pasta|unroll -mllvm -pass-remarks=reflow|pasta|unroll|inline -fno-limit-debug-info --sysroot C:/Xilinx/Vitis_HLS/2020.2/tps/mingw/6.2.0/win64.o/nt -fhls -fno-exceptions -E -fno-math-errno -c -emit-llvm -mllvm -disable-llvm-optzns -Werror=implicit-function-declaration -Werror=implicit-hls-streams -Werror=return-type -Wpragmas -Wunused-parameter -fno-threadsafe-statics -fno-use-cxa-atexit -std=gnu++14 -target fpga64-xilinx-mingw32 -fno-threadsafe-statics -fno-use-cxa-atexit -I C:/Xilinx/Vitis_HLS/2020.2/common/technology/autopilot/39 -D__VITIS_HLS__ -DAESL_SYN -D__SYNTHESIS__ -D__HLS_SYN__ -I C:/Xilinx/Vitis_HLS/2020.2/common/technology/autopilot -I C:/Xilinx/Vitis_HLS/2020.2/common/technology/autopilot/ap_sysc -include etc/autopilot_ssdm_op.h -D__DSP48E2__ -o E:/CMC/CNN/VitisHLS/conv_layer1/conv_layer1/solution1/.autopilot/db/conv_layer1.pp.0.cpp > E:/CMC/CNN/VitisHLS/conv_layer1/conv_layer1/solution1/.autopilot/db/clang.conv_layer1.cpp.out.log 2> E:/CMC/CNN/VitisHLS/conv_layer1/conv_layer1/solution1/.autopilot/db/clang.conv_layer1.cpp.err.log 
Command       ap_eval done; 0.383 sec.
INFO-FLOW: Done: GCC PP 39 time: 0.4 seconds per iteration
Execute       set_directive_top conv_layer1 -name=conv_layer1 
INFO-FLOW: Setting directive 'TOP' name=conv_layer1 
INFO-FLOW: Setting directive 'TOP' name=conv_layer1 
INFO-FLOW: Setting directive 'TOP' name=conv_layer1 
INFO-FLOW: Setting directive 'TOP' name=conv_layer1 
Execute       source C:/Xilinx/Vitis_HLS/2020.2/tps/tcl/tcllib1.11.1/yaml/huddle.tcl 
Execute       source C:/Xilinx/Vitis_HLS/2020.2/tps/tcl/tcllib1.11.1/yaml/json2huddle.tcl 
Execute         source C:/Xilinx/Vitis_HLS/2020.2/tps/tcl/tcllib1.11.1/try/try.tcl 
INFO-FLOW: Setting directive 'TOP' name=conv_layer1 
INFO-FLOW: Setting directive 'TOP' name=conv_layer1 
Execute       list_core -type functional_unit 
Execute       clang_tidy xilinx-systemc-detector E:/CMC/CNN/VitisHLS/conv_layer1/conv_layer1/solution1/.autopilot/db/conv_layer1.pp.0.cpp std=gnu++14 -target fpga  -directive=E:/CMC/CNN/VitisHLS/conv_layer1/conv_layer1/solution1/.autopilot/db/.systemc_flag 
INFO-FLOW: exec C:/Xilinx/Vitis_HLS/2020.2/win64/tools/clang-3.9-csynth/bin/clang-tidy -header-filter=.* --checks=-*,xilinx-systemc-detector -import-directive=E:/CMC/CNN/VitisHLS/conv_layer1/conv_layer1/solution1/.autopilot/db/.systemc_flag -fix-errors E:/CMC/CNN/VitisHLS/conv_layer1/conv_layer1/solution1/.autopilot/db/conv_layer1.pp.0.cpp -- -std=gnu++14 -target fpga -fhls -ferror-limit=0
Command       clang_tidy done; 4.045 sec.
INFO-FLOW: Running: clang-tidy CDT preprocess 39
Execute       clang_tidy xilinx-directive2pragma E:/CMC/CNN/VitisHLS/conv_layer1/conv_layer1/solution1/.autopilot/db/conv_layer1.pp.0.cpp std=gnu++14 -target fpga  -directive=E:/CMC/CNN/VitisHLS/conv_layer1/conv_layer1/solution1/.autopilot/db/all.directive.json 
INFO-FLOW: exec C:/Xilinx/Vitis_HLS/2020.2/win64/tools/clang-3.9-csynth/bin/clang-tidy -header-filter=.* --checks=-*,xilinx-directive2pragma -import-directive=E:/CMC/CNN/VitisHLS/conv_layer1/conv_layer1/solution1/.autopilot/db/all.directive.json -fix-errors E:/CMC/CNN/VitisHLS/conv_layer1/conv_layer1/solution1/.autopilot/db/conv_layer1.pp.0.cpp -- -std=gnu++14 -target fpga -fhls -ferror-limit=0
Command       clang_tidy done; 3.792 sec.
Execute       clang_tidy xilinx-constantarray-param,xilinx-remove-assert E:/CMC/CNN/VitisHLS/conv_layer1/conv_layer1/solution1/.autopilot/db/conv_layer1.pp.0.cpp std=gnu++14 -target fpga  
INFO-FLOW: exec C:/Xilinx/Vitis_HLS/2020.2/win64/tools/clang-3.9-csynth/bin/clang-tidy -header-filter=.* --checks=-*,xilinx-constantarray-param,xilinx-remove-assert -fix-errors E:/CMC/CNN/VitisHLS/conv_layer1/conv_layer1/solution1/.autopilot/db/conv_layer1.pp.0.cpp -- -std=gnu++14 -target fpga -fhls -ferror-limit=0
Command       clang_tidy done; 4.031 sec.
INFO-FLOW: Done: clang-tidy CDT preprocess 39 time: 7.8 seconds per iteration
INFO-FLOW: Calling xilinx-label-all-loops ... 
Execute       clang_tidy -errorcheck xilinx-label-all-loops,xilinx-top-parameters,xilinx-array-stream-check,xilinx-warn-mayneed-no-ctor-attribute E:/CMC/CNN/VitisHLS/conv_layer1/conv_layer1/solution1/.autopilot/db/conv_layer1.pp.0.cpp std=gnu++14 -target fpga  
Execute         ap_eval exec -ignorestderr C:/Xilinx/Vitis_HLS/2020.2/win64/tools/clang-3.9-csynth/bin/clang-tidy -export-fixes=E:/CMC/CNN/VitisHLS/conv_layer1/conv_layer1/solution1/.autopilot/db/clang-tidy.conv_layer1.pp.0.cpp.diag.yml -header-filter=.* --checks=-*,xilinx-label-all-loops,xilinx-top-parameters,xilinx-array-stream-check,xilinx-warn-mayneed-no-ctor-attribute -fix-errors E:/CMC/CNN/VitisHLS/conv_layer1/conv_layer1/solution1/.autopilot/db/conv_layer1.pp.0.cpp -- -std=gnu++14 -target fpga -fhls -ferror-limit=0 > E:/CMC/CNN/VitisHLS/conv_layer1/conv_layer1/solution1/.autopilot/db/clang-tidy.conv_layer1.pp.0.cpp.out.log 2> E:/CMC/CNN/VitisHLS/conv_layer1/conv_layer1/solution1/.autopilot/db/clang-tidy.conv_layer1.pp.0.cpp.err.log 
Command         ap_eval done; 6.068 sec.
Execute         source C:/Xilinx/Vitis_HLS/2020.2/tps/tcl/tcllib1.11.1/yaml/yaml.tcl 
Execute           source C:/Xilinx/Vitis_HLS/2020.2/tps/tcl/tcllib1.11.1/cmdline/cmdline.tcl 
Command       clang_tidy done; 6.497 sec.
Execute       get_config_dataflow -strict_mode 
Execute       ap_eval exec -ignorestderr C:/Xilinx/Vitis_HLS/2020.2/win64/tools/clang-3.9-csynth/bin/xilinx-dataflow-lawyer -export-fixes=E:/CMC/CNN/VitisHLS/conv_layer1/conv_layer1/solution1/.autopilot/db/xilinx-dataflow-lawyer.conv_layer1.pp.0.cpp.diag.yml E:/CMC/CNN/VitisHLS/conv_layer1/conv_layer1/solution1/.autopilot/db/conv_layer1.pp.0.cpp -- -std=gnu++14 -target fpga -fhls -ferror-limit=0 -fstrict-dataflow > E:/CMC/CNN/VitisHLS/conv_layer1/conv_layer1/solution1/.autopilot/db/xilinx-dataflow-lawyer.conv_layer1.pp.0.cpp.out.log 2> E:/CMC/CNN/VitisHLS/conv_layer1/conv_layer1/solution1/.autopilot/db/xilinx-dataflow-lawyer.conv_layer1.pp.0.cpp.err.log 
Command       ap_eval done; 3.291 sec.
Execute       ap_part_info -name xczu7ev-ffvc1156-2-e -data info 
INFO-FLOW: compiling source code to llvm bc
Execute       ap_eval exec -ignorestderr C:/Xilinx/Vitis_HLS/2020.2/win64/tools/clang-3.9-csynth/bin/clang -foptimization-record-file=E:/CMC/CNN/VitisHLS/conv_layer1/conv_layer1/solution1/.autopilot/db/clang.conv_layer1.pp.0.cpp.diag.yml -mllvm -pass-remarks-missed=reflow|pasta|unroll -mllvm -pass-remarks=reflow|pasta|unroll|inline -fno-limit-debug-info -fhls -flto -fno-exceptions -Wno-error=c++11-narrowing E:/CMC/CNN/VitisHLS/conv_layer1/conv_layer1/solution1/.autopilot/db/conv_layer1.pp.0.cpp -fno-math-errno -c -emit-llvm -mllvm -disable-llvm-optzns -Werror=implicit-function-declaration -Werror=implicit-hls-streams -Werror=return-type -Wpragmas -Wunused-parameter -fno-threadsafe-statics -fno-use-cxa-atexit -std=gnu++14 -target fpga64-xilinx-linux-gnu -D__VITIS_HLS__ -DAESL_SYN -D__SYNTHESIS__ -D__HLS_SYN__ -I C:/Xilinx/Vitis_HLS/2020.2/common/technology/autopilot -I C:/Xilinx/Vitis_HLS/2020.2/common/technology/autopilot/ap_sysc -include etc/autopilot_ssdm_op.h -D__DSP48E2__ -g -o E:/CMC/CNN/VitisHLS/conv_layer1/conv_layer1/solution1/.autopilot/db/conv_layer1.bc > E:/CMC/CNN/VitisHLS/conv_layer1/conv_layer1/solution1/.autopilot/db/clang.conv_layer1.pp.0.cpp.out.log 2> E:/CMC/CNN/VitisHLS/conv_layer1/conv_layer1/solution1/.autopilot/db/clang.conv_layer1.pp.0.cpp.err.log 
Command       ap_eval done; 3.376 sec.
WARNING: [HLS 207-5510] 'Resource pragma' is deprecated, and it will be removed in future release. It is suggested to replace it with 'bind_op/bind_storage pragma'.: C:/Xilinx/Vitis_HLS/2020.2/common/technology/autopilot/hls_hotbm_apfixed.h:117:9
WARNING: [HLS 207-5510] 'Resource pragma' is deprecated, and it will be removed in future release. It is suggested to replace it with 'bind_op/bind_storage pragma'.: C:/Xilinx/Vitis_HLS/2020.2/common/technology/autopilot/hls_hotbm_apfixed.h:118:9
WARNING: [HLS 207-5510] 'Resource pragma' is deprecated, and it will be removed in future release. It is suggested to replace it with 'bind_op/bind_storage pragma'.: C:/Xilinx/Vitis_HLS/2020.2/common/technology/autopilot/hls_hotbm_apfixed.h:119:9
WARNING: [HLS 207-5510] 'Resource pragma' is deprecated, and it will be removed in future release. It is suggested to replace it with 'bind_op/bind_storage pragma'.: C:/Xilinx/Vitis_HLS/2020.2/common/technology/autopilot/hls_hotbm_apfixed.h:120:9
WARNING: [HLS 207-5510] 'Resource pragma' is deprecated, and it will be removed in future release. It is suggested to replace it with 'bind_op/bind_storage pragma'.: C:/Xilinx/Vitis_HLS/2020.2/common/technology/autopilot/hls_hotbm_apfixed.h:121:9
WARNING: [HLS 207-5510] 'Resource pragma' is deprecated, and it will be removed in future release. It is suggested to replace it with 'bind_op/bind_storage pragma'.: C:/Xilinx/Vitis_HLS/2020.2/common/technology/autopilot/hls_hotbm_apfixed.h:151:9
WARNING: [HLS 207-5510] 'Resource pragma' is deprecated, and it will be removed in future release. It is suggested to replace it with 'bind_op/bind_storage pragma'.: C:/Xilinx/Vitis_HLS/2020.2/common/technology/autopilot/hls_hotbm_apfixed.h:152:9
WARNING: [HLS 207-5510] 'Resource pragma' is deprecated, and it will be removed in future release. It is suggested to replace it with 'bind_op/bind_storage pragma'.: C:/Xilinx/Vitis_HLS/2020.2/common/technology/autopilot/hls_hotbm_apfixed.h:153:9
WARNING: [HLS 207-5510] 'Resource pragma' is deprecated, and it will be removed in future release. It is suggested to replace it with 'bind_op/bind_storage pragma'.: C:/Xilinx/Vitis_HLS/2020.2/common/technology/autopilot/hls_hotbm_apfixed.h:154:9
WARNING: [HLS 207-5510] 'Resource pragma' is deprecated, and it will be removed in future release. It is suggested to replace it with 'bind_op/bind_storage pragma'.: C:/Xilinx/Vitis_HLS/2020.2/common/technology/autopilot/hls_hotbm_apfixed.h:155:9
WARNING: [HLS 207-5510] 'Resource pragma' is deprecated, and it will be removed in future release. It is suggested to replace it with 'bind_op/bind_storage pragma'.: C:/Xilinx/Vitis_HLS/2020.2/common/technology/autopilot/hls_hotbm_apfixed.h:156:9
WARNING: [HLS 207-5510] 'Resource pragma' is deprecated, and it will be removed in future release. It is suggested to replace it with 'bind_op/bind_storage pragma'.: C:/Xilinx/Vitis_HLS/2020.2/common/technology/autopilot/hls_hotbm_apfixed.h:157:9
WARNING: [HLS 207-5510] 'Resource pragma' is deprecated, and it will be removed in future release. It is suggested to replace it with 'bind_op/bind_storage pragma'.: C:/Xilinx/Vitis_HLS/2020.2/common/technology/autopilot/hls_hotbm_apfixed.h:158:9
WARNING: [HLS 207-5510] 'Resource pragma' is deprecated, and it will be removed in future release. It is suggested to replace it with 'bind_op/bind_storage pragma'.: C:/Xilinx/Vitis_HLS/2020.2/common/technology/autopilot/hls_hotbm_apfixed.h:159:9
WARNING: [HLS 207-5510] 'Resource pragma' is deprecated, and it will be removed in future release. It is suggested to replace it with 'bind_op/bind_storage pragma'.: C:/Xilinx/Vitis_HLS/2020.2/common/technology/autopilot/hls_hotbm_apfixed.h:160:9
WARNING: [HLS 207-5510] 'Resource pragma' is deprecated, and it will be removed in future release. It is suggested to replace it with 'bind_op/bind_storage pragma'.: C:/Xilinx/Vitis_HLS/2020.2/common/technology/autopilot/hls_hotbm_apfixed.h:210:9
WARNING: [HLS 207-5510] 'Resource pragma' is deprecated, and it will be removed in future release. It is suggested to replace it with 'bind_op/bind_storage pragma'.: C:/Xilinx/Vitis_HLS/2020.2/common/technology/autopilot/hls_hotbm_apfixed.h:211:9
WARNING: [HLS 207-5510] 'Resource pragma' is deprecated, and it will be removed in future release. It is suggested to replace it with 'bind_op/bind_storage pragma'.: C:/Xilinx/Vitis_HLS/2020.2/common/technology/autopilot/hls_hotbm_apfixed.h:212:9
WARNING: [HLS 207-5510] 'Resource pragma' is deprecated, and it will be removed in future release. It is suggested to replace it with 'bind_op/bind_storage pragma'.: C:/Xilinx/Vitis_HLS/2020.2/common/technology/autopilot/hls_hotbm_apfixed.h:239:9
WARNING: [HLS 207-5510] 'Resource pragma' is deprecated, and it will be removed in future release. It is suggested to replace it with 'bind_op/bind_storage pragma'.: C:/Xilinx/Vitis_HLS/2020.2/common/technology/autopilot/hls_hotbm_apfixed.h:240:9
WARNING: [HLS 207-5510] 'Resource pragma' is deprecated, and it will be removed in future release. It is suggested to replace it with 'bind_op/bind_storage pragma'.: C:/Xilinx/Vitis_HLS/2020.2/common/technology/autopilot/hls_hotbm_apfixed.h:241:9
WARNING: [HLS 207-5510] 'Resource pragma' is deprecated, and it will be removed in future release. It is suggested to replace it with 'bind_op/bind_storage pragma'.: C:/Xilinx/Vitis_HLS/2020.2/common/technology/autopilot/hls_hotbm_apfixed.h:242:9
WARNING: [HLS 207-5510] 'Resource pragma' is deprecated, and it will be removed in future release. It is suggested to replace it with 'bind_op/bind_storage pragma'.: C:/Xilinx/Vitis_HLS/2020.2/common/technology/autopilot/hls_hotbm_apfixed.h:243:9
WARNING: [HLS 207-5510] 'Resource pragma' is deprecated, and it will be removed in future release. It is suggested to replace it with 'bind_op/bind_storage pragma'.: C:/Xilinx/Vitis_HLS/2020.2/common/technology/autopilot/hls_hotbm_apfixed.h:244:9
WARNING: [HLS 207-5510] 'Resource pragma' is deprecated, and it will be removed in future release. It is suggested to replace it with 'bind_op/bind_storage pragma'.: C:/Xilinx/Vitis_HLS/2020.2/common/technology/autopilot/hls_hotbm_apfixed.h:280:9
WARNING: [HLS 207-5510] 'Resource pragma' is deprecated, and it will be removed in future release. It is suggested to replace it with 'bind_op/bind_storage pragma'.: C:/Xilinx/Vitis_HLS/2020.2/common/technology/autopilot/hls_hotbm_apfixed.h:281:9
INFO: [HLS 200-111] Finished Source Code Analysis and Preprocessing: CPU user time: 1 seconds. CPU system time: 0 seconds. Elapsed time: 25.751 seconds; current allocated memory: 194.077 MB.
INFO-FLOW: Linking Debug ...
INFO-FLOW: Linking dut bc code.
Execute       run_link_or_opt -out E:/CMC/CNN/VitisHLS/conv_layer1/conv_layer1/solution1/.autopilot/db/a.g.ld.0.bc -args  "E:/CMC/CNN/VitisHLS/conv_layer1/conv_layer1/solution1/.autopilot/db/conv_layer1.g.bc"  
Execute         ap_eval exec -ignorestderr C:/Xilinx/Vitis_HLS/2020.2/win64/tools/clang-3.9-csynth/bin/llvm-link E:/CMC/CNN/VitisHLS/conv_layer1/conv_layer1/solution1/.autopilot/db/conv_layer1.g.bc -o E:/CMC/CNN/VitisHLS/conv_layer1/conv_layer1/solution1/.autopilot/db/a.g.ld.0.bc > E:/CMC/CNN/VitisHLS/conv_layer1/conv_layer1/solution1/.autopilot/db/llvm-link.a.g.ld.0.bc.out.log 2> E:/CMC/CNN/VitisHLS/conv_layer1/conv_layer1/solution1/.autopilot/db/llvm-link.a.g.ld.0.bc.err.log 
INFO-FLOW: 
Execute       run_link_or_opt -opt -out E:/CMC/CNN/VitisHLS/conv_layer1/conv_layer1/solution1/.autopilot/db/a.g.ld.1.lower.bc -args E:/CMC/CNN/VitisHLS/conv_layer1/conv_layer1/solution1/.autopilot/db/a.g.ld.0.bc -reflow-lower-math-intrinsics 
Execute         ap_eval exec -ignorestderr C:/Xilinx/Vitis_HLS/2020.2/win64/tools/clang-3.9-csynth/bin/opt -pass-remarks-missed=reflow|pasta|unroll -pass-remarks=reflow|pasta|unroll|inline -pass-remarks-output=E:/CMC/CNN/VitisHLS/conv_layer1/conv_layer1/solution1/.autopilot/db/opt.a.g.ld.1.lower.bc.diag.yml E:/CMC/CNN/VitisHLS/conv_layer1/conv_layer1/solution1/.autopilot/db/a.g.ld.0.bc -reflow-lower-math-intrinsics -o E:/CMC/CNN/VitisHLS/conv_layer1/conv_layer1/solution1/.autopilot/db/a.g.ld.1.lower.bc > E:/CMC/CNN/VitisHLS/conv_layer1/conv_layer1/solution1/.autopilot/db/opt.a.g.ld.1.lower.bc.out.log 2> E:/CMC/CNN/VitisHLS/conv_layer1/conv_layer1/solution1/.autopilot/db/opt.a.g.ld.1.lower.bc.err.log 
INFO-FLOW: 
INFO-FLOW: Linking math bc lib
Execute       run_link_or_opt -out E:/CMC/CNN/VitisHLS/conv_layer1/conv_layer1/solution1/.autopilot/db/a.g.ld.2.m1.bc -args E:/CMC/CNN/VitisHLS/conv_layer1/conv_layer1/solution1/.autopilot/db/a.g.ld.1.lower.bc -only-needed C:/Xilinx/Vitis_HLS/2020.2/win64/lib/libhlsm_39.bc C:/Xilinx/Vitis_HLS/2020.2/win64/lib/libhlsmc++_39.bc 
Execute         ap_eval exec -ignorestderr C:/Xilinx/Vitis_HLS/2020.2/win64/tools/clang-3.9-csynth/bin/llvm-link E:/CMC/CNN/VitisHLS/conv_layer1/conv_layer1/solution1/.autopilot/db/a.g.ld.1.lower.bc -only-needed C:/Xilinx/Vitis_HLS/2020.2/win64/lib/libhlsm_39.bc C:/Xilinx/Vitis_HLS/2020.2/win64/lib/libhlsmc++_39.bc -o E:/CMC/CNN/VitisHLS/conv_layer1/conv_layer1/solution1/.autopilot/db/a.g.ld.2.m1.bc > E:/CMC/CNN/VitisHLS/conv_layer1/conv_layer1/solution1/.autopilot/db/llvm-link.a.g.ld.2.m1.bc.out.log 2> E:/CMC/CNN/VitisHLS/conv_layer1/conv_layer1/solution1/.autopilot/db/llvm-link.a.g.ld.2.m1.bc.err.log 
Command         ap_eval done; 2.66 sec.
INFO-FLOW: 
Command       run_link_or_opt done; 2.662 sec.
Execute       run_link_or_opt -opt -out E:/CMC/CNN/VitisHLS/conv_layer1/conv_layer1/solution1/.autopilot/db/a.g.ld.3.fpc.bc -args E:/CMC/CNN/VitisHLS/conv_layer1/conv_layer1/solution1/.autopilot/db/a.g.ld.2.m1.bc -reflow-globaldce -hls-top-function-name=conv_layer1 -reflow-float-conversion 
Execute         ap_eval exec -ignorestderr C:/Xilinx/Vitis_HLS/2020.2/win64/tools/clang-3.9-csynth/bin/opt -pass-remarks-missed=reflow|pasta|unroll -pass-remarks=reflow|pasta|unroll|inline -pass-remarks-output=E:/CMC/CNN/VitisHLS/conv_layer1/conv_layer1/solution1/.autopilot/db/opt.a.g.ld.3.fpc.bc.diag.yml E:/CMC/CNN/VitisHLS/conv_layer1/conv_layer1/solution1/.autopilot/db/a.g.ld.2.m1.bc -reflow-globaldce -hls-top-function-name=conv_layer1 -reflow-float-conversion -o E:/CMC/CNN/VitisHLS/conv_layer1/conv_layer1/solution1/.autopilot/db/a.g.ld.3.fpc.bc > E:/CMC/CNN/VitisHLS/conv_layer1/conv_layer1/solution1/.autopilot/db/opt.a.g.ld.3.fpc.bc.out.log 2> E:/CMC/CNN/VitisHLS/conv_layer1/conv_layer1/solution1/.autopilot/db/opt.a.g.ld.3.fpc.bc.err.log 
Command         ap_eval done; 0.999 sec.
INFO-FLOW: 
Command       run_link_or_opt done; 1 sec.
Execute       run_link_or_opt -out E:/CMC/CNN/VitisHLS/conv_layer1/conv_layer1/solution1/.autopilot/db/a.g.ld.4.m2.bc -args E:/CMC/CNN/VitisHLS/conv_layer1/conv_layer1/solution1/.autopilot/db/a.g.ld.3.fpc.bc -only-needed C:/Xilinx/Vitis_HLS/2020.2/win64/lib/libfloatconversion_39.bc 
Execute         ap_eval exec -ignorestderr C:/Xilinx/Vitis_HLS/2020.2/win64/tools/clang-3.9-csynth/bin/llvm-link E:/CMC/CNN/VitisHLS/conv_layer1/conv_layer1/solution1/.autopilot/db/a.g.ld.3.fpc.bc -only-needed C:/Xilinx/Vitis_HLS/2020.2/win64/lib/libfloatconversion_39.bc -o E:/CMC/CNN/VitisHLS/conv_layer1/conv_layer1/solution1/.autopilot/db/a.g.ld.4.m2.bc > E:/CMC/CNN/VitisHLS/conv_layer1/conv_layer1/solution1/.autopilot/db/llvm-link.a.g.ld.4.m2.bc.out.log 2> E:/CMC/CNN/VitisHLS/conv_layer1/conv_layer1/solution1/.autopilot/db/llvm-link.a.g.ld.4.m2.bc.err.log 
INFO-FLOW: 
Execute       run_link_or_opt -opt -out E:/CMC/CNN/VitisHLS/conv_layer1/conv_layer1/solution1/.autopilot/db/a.g.ld.5.gdce.bc -args E:/CMC/CNN/VitisHLS/conv_layer1/conv_layer1/solution1/.autopilot/db/a.g.ld.4.m2.bc -reflow-globaldce -hls-top-function-name=conv_layer1 
Execute         ap_eval exec -ignorestderr C:/Xilinx/Vitis_HLS/2020.2/win64/tools/clang-3.9-csynth/bin/opt -pass-remarks-missed=reflow|pasta|unroll -pass-remarks=reflow|pasta|unroll|inline -pass-remarks-output=E:/CMC/CNN/VitisHLS/conv_layer1/conv_layer1/solution1/.autopilot/db/opt.a.g.ld.5.gdce.bc.diag.yml E:/CMC/CNN/VitisHLS/conv_layer1/conv_layer1/solution1/.autopilot/db/a.g.ld.4.m2.bc -reflow-globaldce -hls-top-function-name=conv_layer1 -o E:/CMC/CNN/VitisHLS/conv_layer1/conv_layer1/solution1/.autopilot/db/a.g.ld.5.gdce.bc > E:/CMC/CNN/VitisHLS/conv_layer1/conv_layer1/solution1/.autopilot/db/opt.a.g.ld.5.gdce.bc.out.log 2> E:/CMC/CNN/VitisHLS/conv_layer1/conv_layer1/solution1/.autopilot/db/opt.a.g.ld.5.gdce.bc.err.log 
INFO-FLOW: 
Execute       get_solution -flow_target 
Execute       get_config_export -xo 
Execute       get_config_export -format 
Execute       get_config_rtl -module_prefix 
Execute       get_config_interface -default_slave_interface 
Execute       get_solution -flow_target 
Execute       get_config_export -xo 
Execute       get_config_export -format 
Execute       get_config_interface -m_axi_offset 
Execute       get_config_interface -m_axi_latency 
Execute       get_config_interface -m_axi_alignment_byte_size 
Execute       get_config_interface -m_axi_min_bitwidth 
Execute       get_config_interface -m_axi_max_bitwidth 
Execute       get_config_interface -m_axi_max_widen_bitwidth 
Execute       get_config_interface -m_axi_num_read_outstanding 
Execute       get_config_interface -m_axi_num_write_outstanding 
Execute       get_config_interface -m_axi_max_read_burst_length 
Execute       get_config_interface -m_axi_max_write_burst_length 
Execute       get_config_interface -m_axi_min_bitwidth 
Execute       get_config_interface -m_axi_max_bitwidth 
Execute       get_config_interface -m_axi_latency 
Execute       get_config_interface -m_axi_min_bitwidth 
Execute       get_config_interface -m_axi_max_bitwidth 
Execute       get_config_interface -m_axi_max_widen_bitwidth 
Execute       get_config_interface -m_axi_auto_max_ports 
Execute       get_config_interface -m_axi_num_read_outstanding 
Execute       get_config_interface -m_axi_num_write_outstanding 
Execute       get_config_interface -m_axi_max_read_burst_length 
Execute       get_config_interface -m_axi_max_write_burst_length 
Execute       get_config_interface -s_axilite_data64 
Execute       get_config_interface -m_axi_alignment_byte_size 
Execute       get_config_compile -pragma_strict_mode 
Execute       get_config_compile -pipeline_style 
Execute       send_msg_by_id INFO @200-777@%s Vivado 
INFO: [HLS 200-777] Using interface defaults for 'Vivado' flow target.
Execute       is_m_axi_addr64 
INFO-FLOW: Doing LTO.
Execute       ap_eval exec -ignorestderr C:/Xilinx/Vitis_HLS/2020.2/win64/tools/clang-3.9-csynth/bin/clang -foptimization-record-file=E:/CMC/CNN/VitisHLS/conv_layer1/conv_layer1/solution1/.autopilot/db/clang.a.g.ld.0.bc.diag.yml -mllvm -pass-remarks-missed=reflow|pasta|unroll -mllvm -pass-remarks=reflow|pasta|unroll|inline -fhls -mllvm -hls-top-function-name=conv_layer1 -mllvm -hls-db-dir -mllvm E:/CMC/CNN/VitisHLS/conv_layer1/conv_layer1/solution1/.autopilot/db -emit-llvm -c -target fpga64-xilinx-none -mllvm -xcl-xmlinfo=E:/CMC/CNN/VitisHLS/conv_layer1/conv_layer1/solution1/.autopilot/db/kernel.internal.xml -mllvm -top-io-mapping-info=E:/CMC/CNN/VitisHLS/conv_layer1/conv_layer1/solution1/.autopilot/db/top-io-fe.xml -mllvm -hls-bitcode-version=3.1 -mllvm -reflow-enable-slave-interface-default-setting=true -mllvm -gen-kernel-xml=false -mllvm -default-maxi-offset=off -mllvm -maxi-latency=0 -mllvm -hls-maxi-data-size-in-bits=8 -mllvm -hls-maxi-max-data-size-in-bits=1024 -mllvm -hls-max-widen-size-in-bits=0 -mllvm -xcl-kernel-max-mem-ports=0 -mllvm -maxi-read-trans=16 -mllvm -maxi-write-trans=16 -mllvm -maxi-read-burst-len=16 -mllvm -maxi-write-burst-len=16 -mllvm -reflow-enable-saxi-64bits=0 -mllvm -assume-maxi-align=0 -mllvm -no-unaligned-maxi-accesses -mllvm -reflow-pipeline-style-llvm-setting=0 -mllvm -disable-inlined-alloca-merging=true -x ir E:/CMC/CNN/VitisHLS/conv_layer1/conv_layer1/solution1/.autopilot/db/a.g.ld.5.gdce.bc -o E:/CMC/CNN/VitisHLS/conv_layer1/conv_layer1/solution1/.autopilot/db/a.g.lto.bc > E:/CMC/CNN/VitisHLS/conv_layer1/conv_layer1/solution1/.autopilot/db/clang.a.g.ld.0.bc.out.log 2> E:/CMC/CNN/VitisHLS/conv_layer1/conv_layer1/solution1/.autopilot/db/clang.a.g.ld.0.bc.err.log 
Command       ap_eval done; 0.161 sec.
INFO: [HLS 214-131] Inlining function 'hls::stream<float, 0>::read(float&)' into 'hls::stream<float, 0>::read()' (C:/Xilinx/Vitis_HLS/2020.2/common/technology/autopilot/hls_stream_39.h:156:9)
INFO: [HLS 214-131] Inlining function 'hls::stream<float, 0>::write(float const&)' into 'hls::stream<float, 0>::operator<<(float const&)' (C:/Xilinx/Vitis_HLS/2020.2/common/technology/autopilot/hls_stream_39.h:129:9)
INFO: [HLS 214-131] Inlining function 'hls::stream<float, 0>::empty() const' into 'convolution(hls::stream<float, 0>&, hls::stream<float, 0>&, float (*) [1][5][5], float*)' (./Convolution.h:37:10)
INFO: [HLS 214-131] Inlining function 'hls::stream<float, 0>::read()' into 'convolution(hls::stream<float, 0>&, hls::stream<float, 0>&, float (*) [1][5][5], float*)' (./Convolution.h:38:21)
INFO: [HLS 214-131] Inlining function 'hls::stream<float, 0>::read()' into 'convolution(hls::stream<float, 0>&, hls::stream<float, 0>&, float (*) [1][5][5], float*)' (./Convolution.h:85:24)
INFO: [HLS 214-131] Inlining function 'hls::stream<float, 0>::empty() const' into 'convolution(hls::stream<float, 0>&, hls::stream<float, 0>&, float (*) [1][5][5], float*)' (./Convolution.h:83:13)
INFO: [HLS 214-131] Inlining function 'hls::stream<float, 0>::operator<<(float const&)' into 'convolution(hls::stream<float, 0>&, hls::stream<float, 0>&, float (*) [1][5][5], float*)' (./Convolution.h:69:9)
INFO: [HLS 214-131] Inlining function 'hls::stream<float, 0>::read()' into 'convolution(hls::stream<float, 0>&, hls::stream<float, 0>&, float (*) [1][5][5], float*)' (./Convolution.h:77:24)
INFO: [HLS 214-131] Inlining function 'hls::stream<float, 0>::empty() const' into 'convolution(hls::stream<float, 0>&, hls::stream<float, 0>&, float (*) [1][5][5], float*)' (./Convolution.h:75:13)
INFO: [HLS 214-210] Disaggregating variable 'conv_buff'
INFO: [HLS 214-178] Inlining function 'buffer<117>::buffer()' into 'convolution(hls::stream<float, 0>&, hls::stream<float, 0>&, float (*) [1][5][5], float*)' (./Convolution.h:19:0)
INFO: [HLS 214-178] Inlining function 'buffer<117>::InsertBack(float)' into 'convolution(hls::stream<float, 0>&, hls::stream<float, 0>&, float (*) [1][5][5], float*)' (./Convolution.h:19:0)
INFO: [HLS 214-178] Inlining function 'relu(float)' into 'convolution(hls::stream<float, 0>&, hls::stream<float, 0>&, float (*) [1][5][5], float*)' (./Convolution.h:19:0)
WARNING: [HLS 214-167] The program may have out of bound array access (./Convolution.h:64:15)
WARNING: [HLS 214-167] The program may have out of bound array access (./Convolution.h:69:23)
INFO-FLOW: DBG:CMD: copy_raw_kernel_xml ap_link_39: kernel.xml not generated: E:/CMC/CNN/VitisHLS/conv_layer1/conv_layer1/solution1/.autopilot/db/kernel.internal.xml
INFO: [HLS 200-111] Finished Compiling Optimization and Transform: CPU user time: 1 seconds. CPU system time: 0 seconds. Elapsed time: 4.43 seconds; current allocated memory: 195.373 MB.
INFO: [HLS 200-111] Finished Checking Pragmas: CPU user time: 0 seconds. CPU system time: 0 seconds. Elapsed time: 0.105 seconds; current allocated memory: 195.374 MB.
Execute       opt_and_import_c a -opt_level=2 -skip_syncheck=0 -ng=0 -keep_printf=0 
Execute         cleanup_all_models 
INFO: [HLS 200-10] Starting code transformations ...
INFO-FLOW: Running Standard Transforms...
Execute         transform -hls -share-std-xform -demangle-name -inline-byval-memcpy -always-inline -promote-dbg-pointer -interface-preproc -mem2reg -scalarrepl -mem2reg -keep-read-access -instcombine -dce -promote-dbg-pointer -bitop-raise -loop-simplify -indvarspre -indvars -loop-simplify -xunroll -constprop -instcombine -simplifycfg -indvars -simplifycfg -dce -globaldce -basicaa -simplifycfg -mem2reg -globalopt -global-constprop -deadargelim -instcombine -simplifycfg -scalarrepl -instcombine -reassociate -licm -simplifycfg -loop-simplify -indvars -instcombine -simplifycfg -mem2reg -loop-simplify -indvars -instcombine -gvn -gvn -instcombine -adce -break-crit-edges -simplifycfg -loop-delete -global-array-opt -dce -dse -adce -find-syn-modules -top conv_layer1 -deadargelim -mem2reg -instcombine -dce -presyn-prepare -auto-rom-infer -interface-preproc -syn-check -check-rec-only -find-region -simplifycfg -func-extr -function-inline -globaldce -mem2reg -instcombine -dce -gvn -globaldce -adce -adse -constprop -instcombine -bit-constprop -instcombine -dce -simplifycfg -bitop-raise -simplifycfg -dce -loop-delete -reassociate -globalopt -global-privatize -mem2reg -dce -global-constprop -pointer-simplify -constprop -dce -func-inst -deadargelim -auto-shift-reg-idiom -promote-dbg-pointer -norm-name E:/CMC/CNN/VitisHLS/conv_layer1/conv_layer1/solution1/.autopilot/db/a.g.0.bc -o E:/CMC/CNN/VitisHLS/conv_layer1/conv_layer1/solution1/.autopilot/db/a.g.1.bc -f -phase std-opt 
INFO: [HLS 200-489] Unrolling loop 'conv_layer1_label8' (./Convolution.h:63) in function 'convolution(hls::stream<float, 0>&, hls::stream<float, 0>&, float (*) [1][5][5], float*)' completely with a factor of 1.
INFO: [HLS 200-111] Finished Standard Transforms: CPU user time: 0 seconds. CPU system time: 0 seconds. Elapsed time: 0.154 seconds; current allocated memory: 196.876 MB.
INFO: [HLS 200-10] Checking synthesizability ...
INFO-FLOW: Checking Synthesizability 1/2..
Execute         transform -hls -syn-check -check-rec-only -disaggr -scalarrepl -norm-name -dce -mem2reg -instcombine -function-uniquify -directive-preproc -mem2reg -dse -dce -auto-rom-infer -dce -pag -array-normalize -instcombine -dce -array-seg-normalize -instcombine -dce -data-pack -instcombine -dce -inst-simplify -array-flatten -instcombine -dce -array-burst -dce -deadargelim -promote-global-argument -simplifycfg -mem2reg -globaldce -dce -deadargelim -dce -instcombine -function-inline -globaldce -dce -doublePtrSimplify -doublePtrElim -dce -doublePtrSimplify -promote-dbg-pointer -dce -scalarrepl -dse -adse -instcombine -ptrLegalization -simplifycfg -dce -instcombine -pointer-simplify -ptrArgReplace -dce -instcombine -resolve-double-ptr -disaggr -scalarrepl -norm-name -dce -mem2reg -instcombine -ptrLegalization -simplifycfg -deadargelim -instcombine -dce -inst-simplify -function-uniquify -directive-preproc -mem2reg -dse -dce -globaldce -check-dspbuiltin E:/CMC/CNN/VitisHLS/conv_layer1/conv_layer1/solution1/.autopilot/db/a.g.1.bc -o E:/CMC/CNN/VitisHLS/conv_layer1/conv_layer1/solution1/.autopilot/db/a.g.2.prechk.bc -f 
INFO: [XFORM 203-602] Inlining function 'buffer<117>::GetValue' into 'convolution' (./Convolution.h:63) automatically.
INFO-FLOW: Checking Synthesizability 2/2..
Execute         transform -syn-check E:/CMC/CNN/VitisHLS/conv_layer1/conv_layer1/solution1/.autopilot/db/a.g.2.prechk.bc -o E:/CMC/CNN/VitisHLS/conv_layer1/conv_layer1/solution1/.autopilot/db/a.g.2.bc -f -phase syn-check 
INFO: [HLS 200-111] Finished Checking Synthesizability: CPU user time: 0 seconds. CPU system time: 0 seconds. Elapsed time: 0.152 seconds; current allocated memory: 196.241 MB.
INFO-FLOW: Compiler optimizing ...
INFO-FLOW: Share syncheck's 1.bc for syn flow: copy E:/CMC/CNN/VitisHLS/conv_layer1/conv_layer1/solution1/.autopilot/db/a.g.1.bc to E:/CMC/CNN/VitisHLS/conv_layer1/conv_layer1/solution1/.autopilot/db/a.o.1.bc
INFO-FLOW: Presyn 1...
Execute         transform -hls -tmp E:/CMC/CNN/VitisHLS/conv_layer1/conv_layer1/solution1/.autopilot/db -interface-port-rename -function-uniquify -directive-preproc -mem2reg -dse -dce -disaggr -scalarrepl -norm-name -deadargelim -mem2reg -instcombine -dce -simplifycfg -auto-rom-infer -dce -function-uniquify -resource-proc -clib-intrinsic-prepare -dce -func-buffer -dce -pag -array-normalize -func-legal -instcombine -gvn -constprop -dce -simplifycfg -mem2reg -globaldce -resolve-double-ptr -dce -deadargelim -dce -instcombine -ptrArgReplace -mem2reg -dce -array-seg-normalize -deadargelim -instcombine -dce -function-uniquify -directive-preproc -mem2reg -dse -dce -pointer-simplify -dce -port-alignment -dce -interface-preproc -data-pack -instcombine -dce -basicaa -aggr-aa -aggrmodref-aa -aggr-aa -gvn -gvn -basicaa -aggr-aa -aggrmodref-aa -aggr-aa -dse -adse -adce -loop-simplify -indvars -instcombine -gvn -loop-simplify -mem2reg -dce -find-region -instcombine -auto-loop-pipeline -inst-simplify -interface-preproc -cfgopt -instcombine -indvars -auto-loop-unroll -loop-simplify -loop-bound -xunroll -constprop -instcombine -simplifycfg -indvars -simplifycfg -dce -globaldce -clean-region -attach-range -gvn -inst-simplify -constprop -simplifycfg -dce -pointer-simplify -dce -globalopt -constprop -dce -array-promote -constprop -dce -ptrArgReplace -mem2reg -simplifycfg -dce -instcombine -dce -array-transform-check -array-reshape -instcombine -simplifycfg -dce -ptrArgReplace -deadargelim -mem2reg -instcombine -simplifycfg -dce -indvars -loop-simplify -loop-bound -xunroll -constprop -instcombine -simplifycfg -indvars -simplifycfg -dce -globaldce -basicaa -aggr-aa -aggrmodref-aa -aggr-aa -dse -duplicate-dataflow-processes -globaldce -instcombine -array-partition -instcombine -simplifycfg -dce -ptrArgReplace -global-constprop -deadargelim -mem2reg -func-legal -dce -global-constprop -deadargelim -mem2reg -simplifycfg -dce -merge-param -deadargelim -globalopt -constprop -dce -array-promote -constprop -dce -ptrArgReplace -mem2reg -simplifycfg -dce -mem-intrinsic-preproc -dce -global-internalize -global-privatize -mem2reg -globaldce -promote-global-argument -ptrArgReplace -mem2reg -dce -globalopt -mergereturn -simplify-global-access -mem2reg -dce -pointer-simplify -dce -functionattrs -basicaa -aggr-aa -aggrmodref-aa -aggr-aa -gvn -gvn -basicaa -aggr-aa -aggrmodref-aa -aggr-aa -dse -adse -adce -dce -norm-name -basicaa -aggr-aa -aggrmodref-aa -aggr-aa -accesses-merge -function-inline -complex-op-raise -inst-simplify -globaldce -func-inst -constprop -instcombine -simplifycfg -dce -func-legal -dce -loop-bound -arraycheck -bitwidthmin2 -bitwidthmin2 -on-by-dataflow -loop-delete -instcombine -simplifycfg -globaldce -dce -gvn -deadargelim -dce -loop-simplify -clean-region -simplifycfg -propagate-stable-arguments -loop-stream -instcombine -simplifycfg -dce -globaldce -duplicate-dataflow-processes -stream-intrinsic-preproc -dce -check-ap-stream -loop-simplify -eliminate-keepreads -extract-dataflow-in-loop -loop-simplify -dce -gvn -deadargelim -dse -check-dataflow-syntax -legalize-stream-variable -legalize-global -extract-subproc -dce -dead-channel-elimination -canonicalize-gep -globaldce -dce -gvn -hls-dead-arg-elim -deadargelim -directive-preproc -annotate-dataflow-channels -scalar-propagation -deadargelim -globaldce -mem2reg -check-dataflow-channels -function-stream -dce -globaldce -prop-fifo-spec -internal-stream-gen -canonicalize-gep -globaldce -dce -gvn -deadargelim -mergereturn -indvars -loop-simplify -instcombine -array-stream -array-seg-normalize -array-partition -func-legal -instcombine -simplifycfg -dce -bundle-memfifo-ops -deadargelim -function-uniquify -directive-preproc -mem2reg -dse -dce -group-axi-access -licm -simplifycfg -dce -loop-delete -norm-name E:/CMC/CNN/VitisHLS/conv_layer1/conv_layer1/solution1/.autopilot/db/a.o.1.bc -o E:/CMC/CNN/VitisHLS/conv_layer1/conv_layer1/solution1/.autopilot/db/a.o.1.tmp.bc -f 
INFO: [XFORM 203-510] Pipelining loop 'VITIS_LOOP_52_1' (./headers1/buffer.h:52) in function 'convolution' automatically.
INFO: [XFORM 203-510] Pipelining loop 'VITIS_LOOP_77_1' (./headers1/buffer.h:76) in function 'convolution' automatically.
INFO: [XFORM 203-502] Unrolling all sub-loops inside loop 'conv_layer1_label9' (./Convolution.h:47) in function 'convolution' for pipelining.
INFO: [HLS 200-489] Unrolling loop 'conv_layer1_label2' (./Convolution.h:51) in function 'convolution' completely with a factor of 16.
INFO: [HLS 200-489] Unrolling loop 'conv_layer1_label6' in function 'convolution' completely with a factor of 5.
INFO: [HLS 200-489] Unrolling loop 'conv_layer1_label7' in function 'convolution' completely with a factor of 5.
INFO: [HLS 200-489] Unrolling loop 'conv_layer1_label1' (C:/Xilinx/Vitis_HLS/2020.2/common/technology/autopilot/hls_stream_39.h:136) in function 'convolution' completely with a factor of 1.
INFO: [HLS 200-489] Unrolling loop 'VITIS_LOOP_77_1' (./headers1/buffer.h:76) in function 'convolution' completely with a factor of 116.
INFO: [HLS 200-489] Unrolling loop 'conv_layer1_label0' (C:/Xilinx/Vitis_HLS/2020.2/common/technology/autopilot/hls_stream_39.h:136) in function 'convolution' completely with a factor of 5.
WARNING: [HLS 200-914] Completely partitioning array 'conv_buff.array' (./Convolution.h:30) accessed through non-constant indices on dimension 1 (./headers1/buffer.h:78:3), which may result in long runtime and suboptimal QoR due to large multiplexers. Please consider wrapping the array access into a function or using a register file core instead.
INFO: [XFORM 203-101] Partitioning array 'conv_buff.array' (./Convolution.h:30) in dimension 1 completely.
INFO: [XFORM 203-602] Inlining function 'buffer<117>::GetValue' into 'convolution' (./Convolution.h:63) automatically.
Command         transform done; 17.092 sec.
INFO-FLOW: Presyn 2...
Execute         transform -hls -keep-callgraph -scalarrepl -mem2reg -port-alignment -attach-range -dce -pipe-mux-gen -indvars -loop-bound -inst-simplify -instcombine -dce -merge-array-access -mem2reg -dce -clean-region -mergereturn -if-conv -instcombine -dce -constprop -basicaa -aggr-aa -aggrmodref-aa -aggr-aa -gvn -gvn -basicaa -aggr-aa -aggrmodref-aa -aggr-aa -dse -adse -adce -scalarrepl -mem2reg -global-constprop -deadargelim -deadargelim -instcombine -dce -simplifycfg -ptrArgReplace -mem2reg -function-inline -globaldce -mem2reg -instcombine -dce -expr-balance -instcombine -dce -bitwidthmin2 -bitwidthmin2 -interface-preproc -directive-preproc -inst-rectify -instcombine -dce -functionattrs -constprop -instcombine -bit-constprop -simplify-global-access -globalopt -globaldce -inst-simplify -instcombine -elimdeaddata -dce -loop-delete -simplifycfg -loop-simplify -auto-burst -barrier -norm-name E:/CMC/CNN/VitisHLS/conv_layer1/conv_layer1/solution1/.autopilot/db/a.o.1.tmp.bc -o E:/CMC/CNN/VitisHLS/conv_layer1/conv_layer1/solution1/.autopilot/db/a.o.2.bc -f -phase presyn 
Command         transform done; 0.702 sec.
INFO: [HLS 200-111] Finished Loop, function and other optimizations: CPU user time: 18 seconds. CPU system time: 0 seconds. Elapsed time: 17.905 seconds; current allocated memory: 228.939 MB.
Execute         get_config_compile -enable_loop_extract 
Execute         get_config_compile -disable_auto_rewind 
Execute         get_config_compile -enable_auto_rewind 
INFO-FLOW: Building ssdm...
Execute         transform -hls -function-uniquify -auto-function-inline -globaldce -ptrArgReplace -mem2reg -dce -reset-lda -loop-simplify -indvars -aggr-aa -licm -loop-dep -loop-bound -licm -loop-simplify -flattenloopnest -array-flatten -gvn -instcombine -dce -array-map -dce -func-legal -gvn -adce -instcombine -cfgopt -simplifycfg -loop-simplify -array-burst -promote-global-argument -dce -array-seg-normalize -basicaa -aggrmodref-aa -globalsmodref-aa -aggr-aa -gvn -gvn -basicaa -aggrmodref-aa -globalsmodref-aa -aggr-aa -dse -adse -adce -licm -inst-simplify -dce -globaldce -instcombine -array-stream -eliminate-keepreads -instcombine -dce -deadargelim -doublePtrSimplify -doublePtrElim -dce -doublePtrSimplify -promote-dbg-pointer -dce -scalarrepl -mem2reg -disaggr -norm-name -mem2reg -instcombine -dse -adse -adce -ptrLegalization -dce -auto-rom-infer -array-flatten -dce -instcombine -check-doubleptr -loop-rot -constprop -cfgopt -simplifycfg -loop-simplify -indvars -pointer-simplify -dce -loop-bound -loop-simplify -loop-preproc -constprop -global-constprop -gvn -mem2reg -instcombine -dce -loop-bound -loop-merge -dce -bitwidthmin2 -bitwidthmin2 -deadargelim -dce -canonicalize-dataflow -dce -scalar-propagation -deadargelim -globaldce -mem2reg -read-loop-dep -interface-preproc -directive-preproc -interface-gen -bram-byte-enable -deadargelim -inst-simplify -dce -gvn -mem2reg -instcombine -dce -adse -loop-bound -instcombine -cfgopt -simplifycfg -loop-simplify -clean-region -io-protocol -find-region -mem2reg -bitop-raise -complex-op-raise -inst-simplify -inst-rectify -instcombine -adce -deadargelim -loop-simplify -phi-opt -bitop-raise -cfgopt -simplifycfg -strip-dead-prototypes -interface-lower -bitop-lower -intrinsic-lower -auto-function-inline -basicaa -aggrmodref-aa -globalsmodref-aa -aggr-aa -inst-simplify -simplifycfg -loop-simplify -mergereturn -inst-simplify -inst-rectify -dce -load-elim -bitop-lower -float-op-raise -loop-rewind -pointer-simplify -dce -cfgopt -dce -loop-bound -loop-dep -read-loop-dep -dce -dyn-mem-reuse -dce -check-stream -norm-name -legalize -validate-dataflow -inst-clarity -bitwidth -dump-loop-dep-to-ir -check-all-ssdm -cdfg-build E:/CMC/CNN/VitisHLS/conv_layer1/conv_layer1/solution1/.autopilot/db/a.o.2.bc -o E:/CMC/CNN/VitisHLS/conv_layer1/conv_layer1/solution1/.autopilot/db/a.o.3.bc -f -phase build-ssdm 
WARNING: [HLS 200-960] Cannot flatten loop 'conv_init_buffer' (C:/Xilinx/Vitis_HLS/2020.2/common/technology/autopilot/hls_stream_39.h:136:17) in function 'convolution' the outer loop is not a perfect loop because there is nontrivial logic before entering the inner loop.
INFO: [XFORM 203-541] Flattening a loop nest 'conv_layer1_label_stride' in function 'convolution'.
Command         transform done; 1.599 sec.
INFO: [HLS 200-111] Finished Architecture Synthesis: CPU user time: 2 seconds. CPU system time: 0 seconds. Elapsed time: 1.712 seconds; current allocated memory: 262.558 MB.
INFO-FLOW: Finish building internal data model.
Command       opt_and_import_c done; 19.935 sec.
Command     elaborate done; 50.408 sec.
Execute     autosyn -from_csynth_design=1 
INFO: [HLS 200-10] Starting hardware synthesis ...
INFO-FLOW: Synthesizing C/C++ design ...
INFO: [HLS 200-10] Synthesizing 'conv_layer1' ...
Execute       ap_set_top_model conv_layer1 
Execute       get_model_list conv_layer1 -filter all-wo-channel -topdown 
Execute       preproc_iomode -model conv_layer1 
Execute       preproc_iomode -model convolution 
Execute       get_model_list conv_layer1 -filter all-wo-channel 
INFO-FLOW: Model list for configure: convolution conv_layer1
INFO-FLOW: Configuring Module : convolution ...
Execute       set_default_model convolution 
Execute       apply_spec_resource_limit convolution 
INFO-FLOW: Configuring Module : conv_layer1 ...
Execute       set_default_model conv_layer1 
Execute       apply_spec_resource_limit conv_layer1 
INFO-FLOW: Model list for preprocess: convolution conv_layer1
INFO-FLOW: Preprocessing Module: convolution ...
Execute       set_default_model convolution 
Execute       cdfg_preprocess -model convolution 
Command       cdfg_preprocess done; 0.962 sec.
Execute       rtl_gen_preprocess convolution 
INFO-FLOW: Preprocessing Module: conv_layer1 ...
Execute       set_default_model conv_layer1 
Execute       cdfg_preprocess -model conv_layer1 
Execute       rtl_gen_preprocess conv_layer1 
INFO-FLOW: Model list for synthesis: convolution conv_layer1
INFO: [HLS 200-10] ----------------------------------------------------------------
INFO: [HLS 200-42] -- Implementing module 'convolution' 
INFO: [HLS 200-10] ----------------------------------------------------------------
Execute       set_default_model convolution 
Execute       schedule -model convolution 
INFO: [SCHED 204-11] Starting scheduling ...
INFO: [SCHED 204-61] Pipelining loop 'VITIS_LOOP_52_1'.
INFO: [HLS 200-1470] Pipelining result : Target II = 1, Final II = 1, Depth = 1, loop 'VITIS_LOOP_52_1'
INFO: [SCHED 204-61] Pipelining loop 'VITIS_LOOP_77_1'.
WARNING: [HLS 200-880] The II Violation in module 'convolution' (loop 'VITIS_LOOP_77_1'): Unable to enforce a carried dependence constraint (II = 1, distance = 1, offset = 0) between 'store' operation ('conv_buff_array_115_121_write_ln78', ./headers1/buffer.h:78) of variable 'conv_buff.array[0]', ./headers1/buffer.h:78 on local variable 'conv_buff.array[115]' and 'load' operation ('conv_buff_array_115_121_load', ./headers1/buffer.h:78) on local variable 'conv_buff.array[115]'.
WARNING: [HLS 200-880] The II Violation in module 'convolution' (loop 'VITIS_LOOP_77_1'): Unable to enforce a carried dependence constraint (II = 2, distance = 1, offset = 0) between 'store' operation ('conv_buff_array_115_121_write_ln78', ./headers1/buffer.h:78) of variable 'conv_buff.array[0]', ./headers1/buffer.h:78 on local variable 'conv_buff.array[115]' and 'load' operation ('conv_buff_array_115_121_load', ./headers1/buffer.h:78) on local variable 'conv_buff.array[115]'.
INFO: [HLS 200-1470] Pipelining result : Target II = 1, Final II = 3, Depth = 4, loop 'VITIS_LOOP_77_1'
INFO: [SCHED 204-61] Pipelining loop 'conv_layer1_label_stride_conv_layer1_label9'.
INFO: [HLS 200-1470] Pipelining result : Target II = 32, Final II = 32, Depth = 139, loop 'conv_layer1_label_stride_conv_layer1_label9'
INFO: [SCHED 204-11] Finished scheduling.
Command       schedule done; 8.26 sec.
INFO: [HLS 200-111] Finished Scheduling: CPU user time: 9 seconds. CPU system time: 0 seconds. Elapsed time: 9.363 seconds; current allocated memory: 286.652 MB.
Execute       syn_report -verbosereport -o E:/CMC/CNN/VitisHLS/conv_layer1/conv_layer1/solution1/.autopilot/db/convolution.verbose.sched.rpt 
Execute         AP::get_flow_target_display_name
Execute           get_solution -flow_target 
Command       syn_report done; 3.722 sec.
Execute       db_write -o E:/CMC/CNN/VitisHLS/conv_layer1/conv_layer1/solution1/.autopilot/db/convolution.sched.adb -f 
Command       db_write done; 0.934 sec.
INFO-FLOW: Finish scheduling convolution.
Execute       set_default_model convolution 
Execute       bind -model convolution 
INFO: [BIND 205-100] Starting micro-architecture generation ...
INFO: [BIND 205-101] Performing variable lifetime analysis.
INFO: [BIND 205-101] Exploring resource sharing.
INFO: [BIND 205-101] Binding ...
INFO: [BIND 205-100] Finished micro-architecture generation.
Command       bind done; 3.063 sec.
INFO: [HLS 200-111] Finished Binding: CPU user time: 8 seconds. CPU system time: 0 seconds. Elapsed time: 7.885 seconds; current allocated memory: 322.273 MB.
Execute       syn_report -verbosereport -o E:/CMC/CNN/VitisHLS/conv_layer1/conv_layer1/solution1/.autopilot/db/convolution.verbose.bind.rpt 
Execute         AP::get_flow_target_display_name
Execute           get_solution -flow_target 
Command       syn_report done; 4.497 sec.
Execute       db_write -o E:/CMC/CNN/VitisHLS/conv_layer1/conv_layer1/solution1/.autopilot/db/convolution.bind.adb -f 
Command       db_write done; 1.132 sec.
INFO-FLOW: Finish binding convolution.
INFO: [HLS 200-10] ----------------------------------------------------------------
INFO: [HLS 200-42] -- Implementing module 'conv_layer1' 
INFO: [HLS 200-10] ----------------------------------------------------------------
Execute       set_default_model conv_layer1 
Execute       schedule -model conv_layer1 
INFO: [SCHED 204-11] Starting scheduling ...
INFO: [SCHED 204-11] Finished scheduling.
INFO: [HLS 200-111] Finished Scheduling: CPU user time: 5 seconds. CPU system time: 0 seconds. Elapsed time: 5.812 seconds; current allocated memory: 322.562 MB.
Execute       syn_report -verbosereport -o E:/CMC/CNN/VitisHLS/conv_layer1/conv_layer1/solution1/.autopilot/db/conv_layer1.verbose.sched.rpt 
Execute         AP::get_flow_target_display_name
Execute           get_solution -flow_target 
Execute       db_write -o E:/CMC/CNN/VitisHLS/conv_layer1/conv_layer1/solution1/.autopilot/db/conv_layer1.sched.adb -f 
INFO-FLOW: Finish scheduling conv_layer1.
Execute       set_default_model conv_layer1 
Execute       bind -model conv_layer1 
INFO: [BIND 205-100] Starting micro-architecture generation ...
INFO: [BIND 205-101] Performing variable lifetime analysis.
INFO: [BIND 205-101] Exploring resource sharing.
INFO: [BIND 205-101] Binding ...
INFO: [BIND 205-100] Finished micro-architecture generation.
Command       bind done; 0.352 sec.
INFO: [HLS 200-111] Finished Binding: CPU user time: 1 seconds. CPU system time: 0 seconds. Elapsed time: 0.52 seconds; current allocated memory: 322.615 MB.
Execute       syn_report -verbosereport -o E:/CMC/CNN/VitisHLS/conv_layer1/conv_layer1/solution1/.autopilot/db/conv_layer1.verbose.bind.rpt 
Execute         AP::get_flow_target_display_name
Execute           get_solution -flow_target 
Command       syn_report done; 0.98 sec.
Execute       db_write -o E:/CMC/CNN/VitisHLS/conv_layer1/conv_layer1/solution1/.autopilot/db/conv_layer1.bind.adb -f 
INFO-FLOW: Finish binding conv_layer1.
Execute       get_model_list conv_layer1 -filter all-wo-channel 
INFO-FLOW: Preprocessing for RTLGen ...
Execute       rtl_gen_preprocess convolution 
Execute       rtl_gen_preprocess conv_layer1 
INFO-FLOW: Model list for RTL generation: convolution conv_layer1
INFO: [HLS 200-10] ----------------------------------------------------------------
INFO: [HLS 200-10] -- Generating RTL for module 'convolution' 
INFO: [HLS 200-10] ----------------------------------------------------------------
Execute       get_config_rtl -module_prefix 
Execute       get_config_rtl -module_auto_prefix 
Execute       get_config_rtl -module_prefix 
Execute       get_config_rtl -module_auto_prefix 
Execute       create_rtl_model convolution -top_prefix conv_layer1_ -sub_prefix conv_layer1_ -mg_file E:/CMC/CNN/VitisHLS/conv_layer1/conv_layer1/solution1/.autopilot/db/convolution.compgen.tcl 
INFO: [RTGEN 206-104] Estimated max fanout for 'convolution' is 7463 from HDL expression: (1'b1 == ap_CS_fsm_state3)
INFO: [RTGEN 206-100] Generating core module 'fadd_32ns_32ns_32_4_full_dsp_1': 13 instance(s).
INFO: [RTGEN 206-100] Generating core module 'fcmp_32ns_32ns_1_2_no_dsp_1': 1 instance(s).
INFO: [RTGEN 206-100] Generating core module 'fmul_32ns_32ns_32_3_max_dsp_1': 13 instance(s).
INFO: [RTGEN 206-100] Finished creating RTL model for 'convolution'.
Command       create_rtl_model done; 1.274 sec.
INFO: [HLS 200-111] Finished Creating RTL model: CPU user time: 2 seconds. CPU system time: 0 seconds. Elapsed time: 2.444 seconds; current allocated memory: 339.394 MB.
Execute       source E:/CMC/CNN/VitisHLS/conv_layer1/conv_layer1/solution1/.autopilot/db/conv_layer1.rtl_wrap.cfg.tcl 
Execute       gen_rtl convolution -style xilinx -f -lang vhdl -o E:/CMC/CNN/VitisHLS/conv_layer1/conv_layer1/solution1/syn/vhdl/conv_layer1_convolution 
Execute       gen_rtl convolution -style xilinx -f -lang vlog -o E:/CMC/CNN/VitisHLS/conv_layer1/conv_layer1/solution1/syn/verilog/conv_layer1_convolution 
Execute       syn_report -csynth -model convolution -o E:/CMC/CNN/VitisHLS/conv_layer1/conv_layer1/solution1/syn/report/convolution_csynth.rpt 
Execute         AP::get_flow_target_display_name
Execute           get_solution -flow_target 
Command       syn_report done; 1.142 sec.
Execute       syn_report -rtlxml -model convolution -o E:/CMC/CNN/VitisHLS/conv_layer1/conv_layer1/solution1/syn/report/convolution_csynth.xml 
Execute         get_solution -flow_target
Execute           get_solution -flow_target 
Command       syn_report done; 0.549 sec.
Execute       syn_report -verbosereport -model convolution -o E:/CMC/CNN/VitisHLS/conv_layer1/conv_layer1/solution1/.autopilot/db/convolution.verbose.rpt 
Execute         AP::get_flow_target_display_name
Execute           get_solution -flow_target 
Command       syn_report done; 5.05 sec.
Execute       db_write -model convolution -f -o E:/CMC/CNN/VitisHLS/conv_layer1/conv_layer1/solution1/.autopilot/db/convolution.adb 
Command       db_write done; 1.734 sec.
Execute       gen_tb_info convolution -p E:/CMC/CNN/VitisHLS/conv_layer1/conv_layer1/solution1/.autopilot/db -o E:/CMC/CNN/VitisHLS/conv_layer1/conv_layer1/solution1/.autopilot/db/convolution 
INFO: [HLS 200-10] ----------------------------------------------------------------
INFO: [HLS 200-10] -- Generating RTL for module 'conv_layer1' 
INFO: [HLS 200-10] ----------------------------------------------------------------
Execute       get_config_rtl -module_prefix 
Execute       get_config_rtl -module_prefix 
Execute       get_config_rtl -module_auto_prefix 
Execute       create_rtl_model conv_layer1 -top_prefix  -sub_prefix conv_layer1_ -mg_file E:/CMC/CNN/VitisHLS/conv_layer1/conv_layer1/solution1/.autopilot/db/conv_layer1.compgen.tcl 
WARNING: [RTGEN 206-101] Design contains AXI ports. Reset is fixed to synchronous and active low.
INFO: [RTGEN 206-500] Setting interface mode on port 'conv_layer1/in_stream_V' to 'axis' (register, both mode).
INFO: [RTGEN 206-500] Setting interface mode on port 'conv_layer1/out_stream_V' to 'axis' (register, both mode).
INFO: [RTGEN 206-500] Setting interface mode on function 'conv_layer1' to 'ap_ctrl_hs'.
INFO: [RTGEN 206-100] Finished creating RTL model for 'conv_layer1'.
INFO: [HLS 200-111] Finished Creating RTL model: CPU user time: 9 seconds. CPU system time: 1 seconds. Elapsed time: 10.742 seconds; current allocated memory: 395.081 MB.
Execute       source E:/CMC/CNN/VitisHLS/conv_layer1/conv_layer1/solution1/.autopilot/db/conv_layer1.rtl_wrap.cfg.tcl 
Execute       gen_rtl conv_layer1 -istop -style xilinx -f -lang vhdl -o E:/CMC/CNN/VitisHLS/conv_layer1/conv_layer1/solution1/syn/vhdl/conv_layer1 
Execute       gen_rtl conv_layer1 -istop -style xilinx -f -lang vlog -o E:/CMC/CNN/VitisHLS/conv_layer1/conv_layer1/solution1/syn/verilog/conv_layer1 
Execute       syn_report -csynth -model conv_layer1 -o E:/CMC/CNN/VitisHLS/conv_layer1/conv_layer1/solution1/syn/report/conv_layer1_csynth.rpt 
Execute         AP::get_flow_target_display_name
Execute           get_solution -flow_target 
Execute       syn_report -rtlxml -model conv_layer1 -o E:/CMC/CNN/VitisHLS/conv_layer1/conv_layer1/solution1/syn/report/conv_layer1_csynth.xml 
Execute         get_solution -flow_target
Execute           get_solution -flow_target 
Execute       syn_report -verbosereport -model conv_layer1 -o E:/CMC/CNN/VitisHLS/conv_layer1/conv_layer1/solution1/.autopilot/db/conv_layer1.verbose.rpt 
Execute         AP::get_flow_target_display_name
Execute           get_solution -flow_target 
Command       syn_report done; 0.987 sec.
Execute       db_write -model conv_layer1 -f -o E:/CMC/CNN/VitisHLS/conv_layer1/conv_layer1/solution1/.autopilot/db/conv_layer1.adb 
Execute       gen_tb_info conv_layer1 -p E:/CMC/CNN/VitisHLS/conv_layer1/conv_layer1/solution1/.autopilot/db -o E:/CMC/CNN/VitisHLS/conv_layer1/conv_layer1/solution1/.autopilot/db/conv_layer1 
Execute       export_constraint_db -f -tool general -o E:/CMC/CNN/VitisHLS/conv_layer1/conv_layer1/solution1/.autopilot/db/conv_layer1.constraint.tcl 
Execute       syn_report -designview -model conv_layer1 -o E:/CMC/CNN/VitisHLS/conv_layer1/conv_layer1/solution1/.autopilot/db/conv_layer1.design.xml 
Command       syn_report done; 1.094 sec.
Execute       syn_report -csynthDesign -model conv_layer1 -o E:/CMC/CNN/VitisHLS/conv_layer1/conv_layer1/solution1/syn/report/csynth.rpt 
Execute         AP::get_flow_target_display_name
Execute           get_solution -flow_target 
Execute       get_config_rtl -disable_wave_debug 
Execute       syn_report -wcfg -model conv_layer1 -o E:/CMC/CNN/VitisHLS/conv_layer1/conv_layer1/solution1/.autopilot/db/conv_layer1_dataflow_ana.wcfg 
Execute       syn_report -protoinst -model conv_layer1 -o E:/CMC/CNN/VitisHLS/conv_layer1/conv_layer1/solution1/.autopilot/db/conv_layer1.protoinst 
Execute       get_config_debug -directory 
Execute       sc_get_clocks conv_layer1 
Execute       get_config_export -vivado_clock 
Execute       get_config_rtl -module_prefix 
Execute       get_config_rtl -module_prefix 
Execute       get_config_rtl -module_auto_prefix 
Execute       sc_get_portdomain conv_layer1 
INFO-FLOW: Model list for RTL component generation: convolution conv_layer1
INFO-FLOW: Handling components in module [convolution] ... 
Execute       source E:/CMC/CNN/VitisHLS/conv_layer1/conv_layer1/solution1/.autopilot/db/convolution.compgen.tcl 
INFO-FLOW: Found component conv_layer1_fadd_32ns_32ns_32_4_full_dsp_1.
INFO-FLOW: Append model conv_layer1_fadd_32ns_32ns_32_4_full_dsp_1
INFO-FLOW: Found component conv_layer1_fmul_32ns_32ns_32_3_max_dsp_1.
INFO-FLOW: Append model conv_layer1_fmul_32ns_32ns_32_3_max_dsp_1
INFO-FLOW: Found component conv_layer1_fcmp_32ns_32ns_1_2_no_dsp_1.
INFO-FLOW: Append model conv_layer1_fcmp_32ns_32ns_1_2_no_dsp_1
INFO-FLOW: Handling components in module [conv_layer1] ... 
Execute       source E:/CMC/CNN/VitisHLS/conv_layer1/conv_layer1/solution1/.autopilot/db/conv_layer1.compgen.tcl 
INFO-FLOW: Found component conv_layer1_regslice_both.
INFO-FLOW: Append model conv_layer1_regslice_both
INFO-FLOW: Found component conv_layer1_regslice_both.
INFO-FLOW: Append model conv_layer1_regslice_both
INFO-FLOW: Append model convolution
INFO-FLOW: Append model conv_layer1
INFO-FLOW: Generating RTL model list ...
INFO-FLOW: All models in this session: conv_layer1_fadd_32ns_32ns_32_4_full_dsp_1 conv_layer1_fmul_32ns_32ns_32_3_max_dsp_1 conv_layer1_fcmp_32ns_32ns_1_2_no_dsp_1 conv_layer1_regslice_both conv_layer1_regslice_both convolution conv_layer1
INFO-FLOW: To file: write model conv_layer1_fadd_32ns_32ns_32_4_full_dsp_1
INFO-FLOW: To file: write model conv_layer1_fmul_32ns_32ns_32_3_max_dsp_1
INFO-FLOW: To file: write model conv_layer1_fcmp_32ns_32ns_1_2_no_dsp_1
INFO-FLOW: To file: write model conv_layer1_regslice_both
INFO-FLOW: To file: write model conv_layer1_regslice_both
INFO-FLOW: To file: write model convolution
INFO-FLOW: To file: write model conv_layer1
INFO-FLOW: Finished generating RTL model list.


INFO-FLOW: RTL Generation done.
INFO-FLOW: CAS Generation done.
INFO-FLOW: CBC Generation done.
Execute       get_top 
Execute       get_config_export -ipname 
Execute       get_config_export -xo 
Execute       get_config_export -format 
Execute       get_config_rtl -module_auto_prefix 
INFO-FLOW: DBG:CMD:   auto_impl: set ipname to top (module_auto_prefix): conv_layer1
INFO-FLOW: DBG:CMD: auto_generate_csynth_design
INFO-FLOW: DBG:CMD:     auto_generate --sim-model -phase csynth_design -d E:/CMC/CNN/VitisHLS/conv_layer1/conv_layer1/solution1
Execute       get_solution -flow_target 
Execute       get_config_export -xo 
Execute       get_config_export -format 
Execute       source E:/CMC/CNN/VitisHLS/conv_layer1/conv_layer1/solution1/.autopilot/db/global.setting.tcl 
INFO-FLOW: DBG:CMD: read_platform_lib E:/CMC/CNN/VitisHLS/conv_layer1/conv_layer1/solution1/.autopilot/db/global.setting.tcl
Execute       source C:/Xilinx/Vitis_HLS/2020.2/common/technology/generic/autopilot/common.gen 
Execute         source C:/Xilinx/Vitis_HLS/2020.2/common/technology/generic/autopilot/APCoreGen.gen 
Execute       source C:/Xilinx/Vitis_HLS/2020.2/common/technology/generic/autopilot/op.gen 
Execute       source C:/Xilinx/Vitis_HLS/2020.2/common/technology/generic/autopilot/op_simcore.gen 
Execute       source C:/Xilinx/Vitis_HLS/2020.2/common/technology/generic/autopilot/interface.gen 
Execute       source E:/CMC/CNN/VitisHLS/conv_layer1/conv_layer1/solution1/.autopilot/db/global.setting.tcl 
Execute       source C:/Xilinx/Vitis_HLS/2020.2/common/technology/xilinx/common/xilinx.gen 
Execute         source C:/Xilinx/Vitis_HLS/2020.2/common/technology/xilinx/interface/plb46.gen 
Execute         source C:/Xilinx/Vitis_HLS/2020.2/common/technology/xilinx/interface/axi4.gen 
Execute         source C:/Xilinx/Vitis_HLS/2020.2/common/technology/xilinx/interface/nativeAXI4.gen 
Execute           source C:/Xilinx/Vitis_HLS/2020.2/common/technology/xilinx/interface/saxilite.gen 
Execute           source C:/Xilinx/Vitis_HLS/2020.2/common/technology/xilinx/interface/maxi.gen 
Execute         source C:/Xilinx/Vitis_HLS/2020.2/common/technology/xilinx/scripts/xilinxcoregen.gen 
Execute         source C:/Xilinx/Vitis_HLS/2020.2/common/technology/xilinx/interface/XilEDKCoreGen.gen 
Execute         source C:/Xilinx/Vitis_HLS/2020.2/common/technology/xilinx/ip/dds_compiler.gen 
Execute         source C:/Xilinx/Vitis_HLS/2020.2/common/technology/xilinx/ip/util.gen 
Execute         source C:/Xilinx/Vitis_HLS/2020.2/common/technology/xilinx/ip/xfft.gen 
Execute         source C:/Xilinx/Vitis_HLS/2020.2/common/technology/xilinx/ip/xfir.gen 
Execute         source C:/Xilinx/Vitis_HLS/2020.2/common/technology/xilinx/DSP48/dsp48.gen 
Command       ap_source done; 0.121 sec.
Execute       source C:/Xilinx/Vitis_HLS/2020.2/common/technology/xilinx/common/xilinx.gen 
Execute         source C:/Xilinx/Vitis_HLS/2020.2/common/technology/xilinx/interface/plb46.gen 
Execute         source C:/Xilinx/Vitis_HLS/2020.2/common/technology/xilinx/interface/axi4.gen 
Execute         source C:/Xilinx/Vitis_HLS/2020.2/common/technology/xilinx/interface/nativeAXI4.gen 
Execute           source C:/Xilinx/Vitis_HLS/2020.2/common/technology/xilinx/interface/saxilite.gen 
Execute           source C:/Xilinx/Vitis_HLS/2020.2/common/technology/xilinx/interface/maxi.gen 
Execute         source C:/Xilinx/Vitis_HLS/2020.2/common/technology/xilinx/scripts/xilinxcoregen.gen 
Execute         source C:/Xilinx/Vitis_HLS/2020.2/common/technology/xilinx/interface/XilEDKCoreGen.gen 
Execute         source C:/Xilinx/Vitis_HLS/2020.2/common/technology/xilinx/ip/dds_compiler.gen 
Execute         source C:/Xilinx/Vitis_HLS/2020.2/common/technology/xilinx/ip/util.gen 
Execute         source C:/Xilinx/Vitis_HLS/2020.2/common/technology/xilinx/ip/xfft.gen 
Execute         source C:/Xilinx/Vitis_HLS/2020.2/common/technology/xilinx/ip/xfir.gen 
Execute         source C:/Xilinx/Vitis_HLS/2020.2/common/technology/xilinx/DSP48/dsp48.gen 
Command       ap_source done; 0.119 sec.
INFO-FLOW: DBG:CMD:   using AESL_AUTOCG::g_clock_period=10.000 (was NA)
INFO-FLOW: DBG:CMD:       generate_ip_cores sim=1 export=0 expOnly=0 dstVlogDir=syn/verilog
Execute       source E:/CMC/CNN/VitisHLS/conv_layer1/conv_layer1/solution1/.autopilot/db/global.setting.tcl 
Execute       ap_part_info -name xczu7ev-ffvc1156-2-e -data names -quiet 
Execute       ap_part_info -name xczu7ev-ffvc1156-2-e -data info -quiet 
Execute       source E:/CMC/CNN/VitisHLS/conv_layer1/conv_layer1/solution1/.autopilot/db/global.setting.tcl 
Execute       source E:/CMC/CNN/VitisHLS/conv_layer1/conv_layer1/solution1/.autopilot/db/global.setting.tcl 
Execute       source E:/CMC/CNN/VitisHLS/conv_layer1/conv_layer1/solution1/.autopilot/db/convolution.compgen.tcl 
Execute         ap_part_info -name xczu7ev-ffvc1156-2-e -data names -quiet 
Execute         ap_part_info -name xczu7ev-ffvc1156-2-e -data info -quiet 
Execute         ap_part_info -name xczu7ev-ffvc1156-2-e -data names -quiet 
Execute         ap_part_info -name xczu7ev-ffvc1156-2-e -data info -quiet 
Execute         ap_part_info -name xczu7ev-ffvc1156-2-e -data names -quiet 
Execute         ap_part_info -name xczu7ev-ffvc1156-2-e -data info -quiet 
Command       ap_source done; 0.177 sec.
Execute       source E:/CMC/CNN/VitisHLS/conv_layer1/conv_layer1/solution1/.autopilot/db/conv_layer1.compgen.tcl 
INFO-FLOW: DBG:CMD:     auto_generate -export -impltomg_flag -rtl both -tool Vivado -pcore_version 1.00.a -phase csynth_design -d E:/CMC/CNN/VitisHLS/conv_layer1/conv_layer1/solution1
Execute       get_solution -flow_target 
Execute       get_config_export -xo 
Execute       get_config_export -format 
Execute       source E:/CMC/CNN/VitisHLS/conv_layer1/conv_layer1/solution1/.autopilot/db/global.setting.tcl 
INFO-FLOW: DBG:CMD: read_platform_lib E:/CMC/CNN/VitisHLS/conv_layer1/conv_layer1/solution1/.autopilot/db/global.setting.tcl
Execute       source C:/Xilinx/Vitis_HLS/2020.2/common/technology/generic/autopilot/common.gen 
Execute         source C:/Xilinx/Vitis_HLS/2020.2/common/technology/generic/autopilot/APCoreGen.gen 
Execute       source C:/Xilinx/Vitis_HLS/2020.2/common/technology/generic/autopilot/op.gen 
Execute       source C:/Xilinx/Vitis_HLS/2020.2/common/technology/generic/autopilot/op_simcore.gen 
Execute       source C:/Xilinx/Vitis_HLS/2020.2/common/technology/generic/autopilot/interface.gen 
Execute       source E:/CMC/CNN/VitisHLS/conv_layer1/conv_layer1/solution1/.autopilot/db/global.setting.tcl 
Execute       source C:/Xilinx/Vitis_HLS/2020.2/common/technology/xilinx/common/xilinx.gen 
Execute         source C:/Xilinx/Vitis_HLS/2020.2/common/technology/xilinx/interface/plb46.gen 
Execute         source C:/Xilinx/Vitis_HLS/2020.2/common/technology/xilinx/interface/axi4.gen 
Execute         source C:/Xilinx/Vitis_HLS/2020.2/common/technology/xilinx/interface/nativeAXI4.gen 
Execute           source C:/Xilinx/Vitis_HLS/2020.2/common/technology/xilinx/interface/saxilite.gen 
Execute           source C:/Xilinx/Vitis_HLS/2020.2/common/technology/xilinx/interface/maxi.gen 
Execute         source C:/Xilinx/Vitis_HLS/2020.2/common/technology/xilinx/scripts/xilinxcoregen.gen 
Execute         source C:/Xilinx/Vitis_HLS/2020.2/common/technology/xilinx/interface/XilEDKCoreGen.gen 
Execute         source C:/Xilinx/Vitis_HLS/2020.2/common/technology/xilinx/ip/dds_compiler.gen 
Execute         source C:/Xilinx/Vitis_HLS/2020.2/common/technology/xilinx/ip/util.gen 
Execute         source C:/Xilinx/Vitis_HLS/2020.2/common/technology/xilinx/ip/xfft.gen 
Execute         source C:/Xilinx/Vitis_HLS/2020.2/common/technology/xilinx/ip/xfir.gen 
Execute         source C:/Xilinx/Vitis_HLS/2020.2/common/technology/xilinx/DSP48/dsp48.gen 
Command       ap_source done; 0.124 sec.
Execute       source C:/Xilinx/Vitis_HLS/2020.2/common/technology/xilinx/common/xilinx.gen 
Execute         source C:/Xilinx/Vitis_HLS/2020.2/common/technology/xilinx/interface/plb46.gen 
Execute         source C:/Xilinx/Vitis_HLS/2020.2/common/technology/xilinx/interface/axi4.gen 
Execute         source C:/Xilinx/Vitis_HLS/2020.2/common/technology/xilinx/interface/nativeAXI4.gen 
Execute           source C:/Xilinx/Vitis_HLS/2020.2/common/technology/xilinx/interface/saxilite.gen 
Execute           source C:/Xilinx/Vitis_HLS/2020.2/common/technology/xilinx/interface/maxi.gen 
Execute         source C:/Xilinx/Vitis_HLS/2020.2/common/technology/xilinx/scripts/xilinxcoregen.gen 
Execute         source C:/Xilinx/Vitis_HLS/2020.2/common/technology/xilinx/interface/XilEDKCoreGen.gen 
Execute         source C:/Xilinx/Vitis_HLS/2020.2/common/technology/xilinx/ip/dds_compiler.gen 
Execute         source C:/Xilinx/Vitis_HLS/2020.2/common/technology/xilinx/ip/util.gen 
Execute         source C:/Xilinx/Vitis_HLS/2020.2/common/technology/xilinx/ip/xfft.gen 
Execute         source C:/Xilinx/Vitis_HLS/2020.2/common/technology/xilinx/ip/xfir.gen 
Execute         source C:/Xilinx/Vitis_HLS/2020.2/common/technology/xilinx/DSP48/dsp48.gen 
Command       ap_source done; 0.12 sec.
INFO-FLOW: DBG:CMD:       initCTypeInfo top_module=conv_layer1 xml_exists=0
Execute       source E:/CMC/CNN/VitisHLS/conv_layer1/conv_layer1/solution1/.autopilot/db/conv_layer1.rtl_wrap.cfg.tcl 
Execute       source E:/CMC/CNN/VitisHLS/conv_layer1/conv_layer1/solution1/.autopilot/db/conv_layer1.rtl_wrap.cfg.tcl 
Execute       source E:/CMC/CNN/VitisHLS/conv_layer1/conv_layer1/solution1/.autopilot/db/conv_layer1.rtl_wrap.cfg.tcl 
Execute       source E:/CMC/CNN/VitisHLS/conv_layer1/conv_layer1/solution1/.autopilot/db/conv_layer1.tbgen.tcl 
Execute       source E:/CMC/CNN/VitisHLS/conv_layer1/conv_layer1/solution1/.autopilot/db/conv_layer1.tbgen.tcl 
INFO-FLOW: DBG:CMD:       export_impl_rtl
INFO-FLOW: DBG:CMD:       generate_ip_cores sim=0 export=0 expOnly=0 dstVlogDir=impl/.verilog
Execute       source E:/CMC/CNN/VitisHLS/conv_layer1/conv_layer1/solution1/.autopilot/db/global.setting.tcl 
Execute       source E:/CMC/CNN/VitisHLS/conv_layer1/conv_layer1/solution1/.autopilot/db/convolution.compgen.tcl 
Execute         ap_part_info -name xczu7ev-ffvc1156-2-e -data names -quiet 
Execute         ap_part_info -name xczu7ev-ffvc1156-2-e -data info -quiet 
Execute         ap_part_info -name xczu7ev-ffvc1156-2-e -data names -quiet 
Execute         ap_part_info -name xczu7ev-ffvc1156-2-e -data info -quiet 
Execute         ap_part_info -name xczu7ev-ffvc1156-2-e -data names -quiet 
Execute         ap_part_info -name xczu7ev-ffvc1156-2-e -data info -quiet 
Command       ap_source done; 0.129 sec.
Execute       source E:/CMC/CNN/VitisHLS/conv_layer1/conv_layer1/solution1/.autopilot/db/conv_layer1.compgen.tcl 
INFO-FLOW: DBG:CMD:       generate_ip_cores sim=0 export=1 expOnly=1 dstVlogDir=impl/.pcores/verilog
Execute       source E:/CMC/CNN/VitisHLS/conv_layer1/conv_layer1/solution1/.autopilot/db/global.setting.tcl 
Execute       source E:/CMC/CNN/VitisHLS/conv_layer1/conv_layer1/solution1/.autopilot/db/convolution.compgen.tcl 
Execute       source E:/CMC/CNN/VitisHLS/conv_layer1/conv_layer1/solution1/.autopilot/db/conv_layer1.compgen.tcl 
Execute         ap_part_info -name xczu7ev-ffvc1156-2-e -data names -quiet 
Execute         ap_part_info -name xczu7ev-ffvc1156-2-e -data info -quiet 
Execute         ap_part_info -name xczu7ev-ffvc1156-2-e -data names -quiet 
Execute         ap_part_info -name xczu7ev-ffvc1156-2-e -data info -quiet 
Execute         ap_part_info -name xczu7ev-ffvc1156-2-e -data names -quiet 
Execute         ap_part_info -name xczu7ev-ffvc1156-2-e -data info -quiet 
Execute         ap_part_info -name xczu7ev-ffvc1156-2-e -data names -quiet 
Execute         ap_part_info -name xczu7ev-ffvc1156-2-e -data info -quiet 
Execute         ap_part_info -name xczu7ev-ffvc1156-2-e -data names -quiet 
Execute         ap_part_info -name xczu7ev-ffvc1156-2-e -data info -quiet 
Execute         ap_part_info -name xczu7ev-ffvc1156-2-e -data names -quiet 
Execute         ap_part_info -name xczu7ev-ffvc1156-2-e -data info -quiet 
Execute         ap_part_info -name xczu7ev-ffvc1156-2-e -data names -quiet 
Execute         ap_part_info -name xczu7ev-ffvc1156-2-e -data info -quiet 
Command       ap_source done; 0.178 sec.
Execute       ap_part_info -name xczu7ev-ffvc1156-2-e -data names -quiet 
Execute       ap_part_info -name xczu7ev-ffvc1156-2-e -data info -quiet 
INFO-FLOW: DBG:CMD:       generate_ip_cores sim=0 export=0 expOnly=0 dstVlogDir=impl/.pcores/verilog_sim
Execute       source E:/CMC/CNN/VitisHLS/conv_layer1/conv_layer1/solution1/.autopilot/db/global.setting.tcl 
Execute       source E:/CMC/CNN/VitisHLS/conv_layer1/conv_layer1/solution1/.autopilot/db/convolution.compgen.tcl 
Execute       source E:/CMC/CNN/VitisHLS/conv_layer1/conv_layer1/solution1/.autopilot/db/conv_layer1.compgen.tcl 
Execute       ap_part_info -name xczu7ev-ffvc1156-2-e -data names -quiet 
Execute       ap_part_info -name xczu7ev-ffvc1156-2-e -data info -quiet 
Execute       ap_part_info -name xczu7ev-ffvc1156-2-e -data names -quiet 
Execute       ap_part_info -name xczu7ev-ffvc1156-2-e -data info -quiet 
Execute       source E:/CMC/CNN/VitisHLS/conv_layer1/conv_layer1/solution1/.autopilot/db/global.setting.tcl 
Execute       ap_part_info -name xczu7ev-ffvc1156-2-e -data names -quiet 
Execute       ap_part_info -name xczu7ev-ffvc1156-2-e -data info -quiet 
Execute       source E:/CMC/CNN/VitisHLS/conv_layer1/conv_layer1/solution1/.autopilot/db/conv_layer1.constraint.tcl 
Execute       source E:/CMC/CNN/VitisHLS/conv_layer1/conv_layer1/solution1/.autopilot/db/conv_layer1.tbgen.tcl 
INFO-FLOW: DBG:CMD:       hasPcoreIpAdapter=false #gSsdmPorts=6
INFO-FLOW: DBG:CMD: Skipping loadAnalyze_DB, #g_database=2
INFO-FLOW: DBG:CMD:       generate_json is_phase_csynth=1 g_has_adaptors=false generate_bd_files=1 #modelList=7 #gSsdmPorts=6
Execute       source C:/Xilinx/Vitis_HLS/2020.2/tps/tcl/tcllib1.11.1/fileutil/fileutil.tcl 
Execute       source E:/CMC/CNN/VitisHLS/conv_layer1/conv_layer1/solution1/.autopilot/db/global.setting.tcl 
Execute       source E:/CMC/CNN/VitisHLS/conv_layer1/conv_layer1/solution1/.autopilot/db/global.setting.tcl 
Execute       source E:/CMC/CNN/VitisHLS/conv_layer1/conv_layer1/solution1/.autopilot/db/top-io-be.tcl 
Execute       source E:/CMC/CNN/VitisHLS/conv_layer1/conv_layer1/solution1/.autopilot/db/conv_layer1.tbgen.tcl 
Execute       source E:/CMC/CNN/VitisHLS/conv_layer1/conv_layer1/solution1/.autopilot/db/conv_layer1.rtl_wrap.cfg.tcl 
Execute       source E:/CMC/CNN/VitisHLS/conv_layer1/conv_layer1/solution1/.autopilot/db/conv_layer1.compgen.dataonly.tcl 
Execute       get_config_export -format 
Execute       ap_part_info -name xczu7ev-ffvc1156-2-e -data names -quiet 
Execute       ap_part_info -name xczu7ev-ffvc1156-2-e -data info -quiet 
Execute       source E:/CMC/CNN/VitisHLS/conv_layer1/conv_layer1/solution1/.autopilot/db/convolution.tbgen.tcl 
Execute       source E:/CMC/CNN/VitisHLS/conv_layer1/conv_layer1/solution1/.autopilot/db/conv_layer1.tbgen.tcl 
Execute       source E:/CMC/CNN/VitisHLS/conv_layer1/conv_layer1/solution1/.autopilot/db/global.setting.tcl 
Execute       ap_part_info -name xczu7ev-ffvc1156-2-e -data names -quiet 
Execute       ap_part_info -name xczu7ev-ffvc1156-2-e -data info -quiet 
Execute       get_solution -flow_target 
Execute       get_config_rtl -kernel_profile 
Execute       get_config_rtl -kernel_profile 
Execute       get_config_rtl -stall_sig_gen 
Execute       get_config_rtl -profile 
Execute       source E:/CMC/CNN/VitisHLS/conv_layer1/conv_layer1/solution1/.autopilot/db/conv_layer1.constraint.tcl 
Execute       sc_get_clocks conv_layer1 
Execute       source E:/CMC/CNN/VitisHLS/conv_layer1/conv_layer1/solution1/.autopilot/db/global.setting.tcl 
Execute       get_config_debug -directory 
Execute       source E:/CMC/CNN/VitisHLS/conv_layer1/conv_layer1/solution1/impl/misc/conv_layer1_ap_fadd_2_full_dsp_32_ip.tcl 
Execute       source E:/CMC/CNN/VitisHLS/conv_layer1/conv_layer1/solution1/impl/misc/conv_layer1_ap_fcmp_0_no_dsp_32_ip.tcl 
Execute       source E:/CMC/CNN/VitisHLS/conv_layer1/conv_layer1/solution1/impl/misc/conv_layer1_ap_fmul_1_max_dsp_32_ip.tcl 
INFO-FLOW: DBG:CMD:       delete-temp-dirs (skipped for debug)
INFO: [HLS 200-111] Finished Generating all RTL models: CPU user time: 4 seconds. CPU system time: 1 seconds. Elapsed time: 4.426 seconds; current allocated memory: 401.812 MB.
INFO: [VHDL 208-304] Generating VHDL RTL for conv_layer1.
INFO: [VLOG 209-307] Generating Verilog RTL for conv_layer1.
INFO-FLOW: DBG:CMD:       update_csynth_xml_report append design.xml content design_xml=E:/CMC/CNN/VitisHLS/conv_layer1/conv_layer1/solution1/.autopilot/db/conv_layer1.design.xml
INFO-FLOW: DBG:CMD:       update_csynth_xml_report json2reportxml
INFO-FLOW: DBG:CMD:       update_csynth_xml_report done
Execute       syn_report -model conv_layer1 -printsummary 
INFO: [HLS 200-790] **** Loop Constraint Status: All loop constraints were NOT satisfied.
INFO: [HLS 200-789] **** Estimated Fmax: 129.79 MHz
Command     autosyn done; 41.292 sec.
Command   csynth_design done; 91.707 sec.
INFO: [HLS 200-111] Finished Command csynth_design CPU user time: 60 seconds. CPU system time: 2 seconds. Elapsed time: 91.895 seconds; current allocated memory: 401.945 MB.
Command ap_source done; 95.898 sec.
Execute cleanup_all 
