INFO: [HLS 200-10] Running 'C:/Xilinx/Vitis_HLS/2020.2/bin/unwrapped/win64.o/vitis_hls.exe'
INFO: [HLS 200-10] For user 'CMC' on host 'desktop-qvhj8po' (Windows NT_amd64 version 6.2) on Tue Jul 20 14:40:25 +0700 2021
INFO: [HLS 200-10] In directory 'F:/NVChuyen/CNN/VitisHLS/pooling'
Sourcing Tcl script 'F:/NVChuyen/CNN/VitisHLS/pooling/pooling_cnn/solution1/export.tcl'
INFO: [HLS 200-1510] Running: open_project pooling_cnn 
INFO: [HLS 200-10] Opening project 'F:/NVChuyen/CNN/VitisHLS/pooling/pooling_cnn'.
INFO: [HLS 200-1510] Running: set_top pooling_cnn 
INFO: [HLS 200-1510] Running: add_files pooling_cnn.cpp 
INFO: [HLS 200-10] Adding design file 'pooling_cnn.cpp' to the project
INFO: [HLS 200-1510] Running: open_solution solution1 -flow_target vivado 
INFO: [HLS 200-10] Opening solution 'F:/NVChuyen/CNN/VitisHLS/pooling/pooling_cnn/solution1'.
INFO: [SYN 201-201] Setting up clock 'default' with a period of 10ns.
INFO: [HLS 200-10] Setting target device to 'xczu7ev-ffvc1156-2-e'
INFO: [HLS 200-1505] Using flow_target 'vivado'
Resolution: For help on HLS 200-1505 see www.xilinx.com/cgi-bin/docs/rdoc?v=2020.2;t=hls+guidance;d=200-1505.html
INFO: [HLS 200-1464] Running solution command: config_export -format=ip_catalog
INFO: [HLS 200-1464] Running solution command: config_export -output=F:/NVChuyen/CNN/Vivado/IpcoreTest/test_fix_point/pooling_cnn.zip
INFO: [HLS 200-1464] Running solution command: config_export -rtl=vhdl
INFO: [HLS 200-1510] Running: set_part xczu7ev-ffvc1156-2-e 
INFO: [HLS 200-1510] Running: create_clock -period 10 -name default 
INFO: [HLS 200-1510] Running: config_export -format ip_catalog -output F:/NVChuyen/CNN/Vivado/IpcoreTest/test_fix_point/pooling_cnn.zip -rtl vhdl 
INFO: [HLS 200-1510] Running: set_directive_top -name pooling_cnn pooling_cnn 
INFO: [HLS 200-1510] Running: export_design -rtl vhdl -format ip_catalog -output F:/NVChuyen/CNN/Vivado/IpcoreTest/test_fix_point/pooling_cnn.zip 
INFO: [IMPL 213-8] Exporting RTL as a Vivado IP.

****** Vivado v2020.2 (64-bit)
  **** SW Build 3064766 on Wed Nov 18 09:12:45 MST 2020
  **** IP Build 3064653 on Wed Nov 18 14:17:31 MST 2020
    ** Copyright 1986-2020 Xilinx, Inc. All Rights Reserved.

source run_ippack.tcl -notrace
INFO: [IP_Flow 19-234] Refreshing IP repositories
INFO: [IP_Flow 19-1704] No user IP repositories specified
INFO: [IP_Flow 19-2313] Loaded Vivado IP repository 'C:/Xilinx/Vivado/2020.2/data/ip'.
INFO: [Common 17-206] Exiting Vivado at Tue Jul 20 14:40:41 2021...
INFO: [HLS 200-802] Generated output file F:/NVChuyen/CNN/Vivado/IpcoreTest/test_fix_point/pooling_cnn.zip
INFO: [HLS 200-111] Finished Command export_design CPU user time: 5 seconds. CPU system time: 0 seconds. Elapsed time: 13.878 seconds; current allocated memory: 202.143 MB.
